#
# A fatal error has been detected by the Java Runtime Environment:
#
#  SIGSEGV (0xb) at pc=0x00007f5e0b17e168, pid=7361, tid=140039908304640
#
# JRE version: Java(TM) SE Runtime Environment (8.0_91-b14) (build 1.8.0_91-b14)
# Java VM: Java HotSpot(TM) 64-Bit Server VM (25.91-b14 mixed mode linux-amd64 compressed oops)
# Problematic frame:
# V  [libjvm.so+0x6df168]  jni_GetStringUTFChars+0xb8
#
# Failed to write core dump. Core dumps have been disabled. To enable core dumping, try "ulimit -c unlimited" before starting Java again
#
# If you would like to submit a bug report, please visit:
#   http://bugreport.java.com/bugreport/crash.jsp
#

---------------  T H R E A D  ---------------

Current thread (0x00007f5e042b9000):  JavaThread "JavaFX Application Thread" [_thread_in_vm, id=7390, stack(0x00007f5d94ed2000,0x00007f5d94fd3000)]

siginfo: si_signo: 11 (SIGSEGV), si_code: 1 (SEGV_MAPERR), si_addr: 0x0000000000000000

Registers:
RAX=0x00007f5e0ba48210, RBX=0x0000000000000000, RCX=0x00000000d6a666d0, RDX=0x00007f5e0ba562a0
RSP=0x00007f5d94fcf320, RBP=0x00007f5d94fcf3c0, RSI=0x00007f5e042b9000, RDI=0x00007f5d94fcf360
R8 =0x0000000000000000, R9 =0x00000000d6a666d0, R10=0x0000000000000052, R11=0x00007f5e0ba562a8
R12=0x00007f5e042b9000, R13=0x0000000000000000, R14=0x00007f5d94fcf498, R15=0x00007f5d94fcf360
RIP=0x00007f5e0b17e168, EFLAGS=0x0000000000010246, CSGSFS=0x0000000000000033, ERR=0x0000000000000004
  TRAPNO=0x000000000000000e

Top of Stack: (sp=0x00007f5d94fcf320)
0x00007f5d94fcf320:   00007f5e00000000 0000000000000000
0x00007f5d94fcf330:   00007f5e00000000 00000008002ece38
0x00007f5d94fcf340:   000000b4000000b5 00000001002ece38
0x00007f5d94fcf350:   00000000000000b5 00000001002ffc20
0x00007f5d94fcf360:   00007f5e042b9000 0000000000000000
0x00007f5d94fcf370:   00007f5df50055d0 00007f5d00000000
0x00007f5d94fcf380:   00007f5e042b9000 00007f5d94fcf490
0x00007f5d94fcf390:   00007f5d94fcf490 00007f5d7e6b4d68
0x00007f5d94fcf3a0:   00007f5d80401d48 0000000000000000
0x00007f5d94fcf3b0:   00007f5d94fcf498 00007f5e042b9000
0x00007f5d94fcf3c0:   00007f5e042b91f8 00007f5d7ca0dc40
0x00007f5d94fcf3d0:   00007f5e042b9000 00007f5d7e785e48
0x00007f5d94fcf3e0:   00007f5d7e6b4d68 00007f5d94fcf470
0x00007f5d94fcf3f0:   0000000000000000 00007f5d7e6b4d60
0x00007f5d94fcf400:   00007f5d94fcf498 00007f5df50184af
0x00007f5d94fcf410:   00007f5d7e6af8b8 00007f5d7e6af8b8
0x00007f5d94fcf420:   00007f5e042b9000 00000000d6a666d0
0x00007f5d94fcf430:   00007f5d94fcf420 0000000000000000
0x00007f5d94fcf440:   00007f5d94fcf498 00007f5d7e74baa0
0x00007f5d94fcf450:   0000000000000000 00007f5d7e6b4d68
0x00007f5d94fcf460:   0000000000000000 00007f5d94fcf490
0x00007f5d94fcf470:   00007f5d94fcf4f8 00007f5df5007dd0
0x00007f5d94fcf480:   0000000000000000 00007f5df5011537
0x00007f5d94fcf490:   0000000000000000 00000000d6a666d0
0x00007f5d94fcf4a0:   00000000d6ab48f8 00007f5df50132e7
0x00007f5d94fcf4b0:   00000000d6a666d0 00007f5d94fcf4a8
0x00007f5d94fcf4c0:   00007f5d7e6b15a5 00007f5d94fcf510
0x00007f5d94fcf4d0:   00007f5d7e74b2b0 0000000000000000
0x00007f5d94fcf4e0:   00007f5d7e6b15f0 00007f5d94fcf490
0x00007f5d94fcf4f0:   00007f5d94fcf508 00007f5d94fcf558
0x00007f5d94fcf500:   00007f5df50082bd 00000000d6ab48f8
0x00007f5d94fcf510:   00000000d6a666d0 00007f5d94fcf518 

Instructions: (pc=0x00007f5e0b17e168)
0x00007f5e0b17e148:   84 24 70 02 00 00 06 00 00 00 4c 89 e6 4c 89 65
0x00007f5e0b17e158:   c0 4c 89 ff e8 1f 01 01 00 48 8b 05 28 1f 88 00
0x00007f5e0b17e168:   4c 8b 2b 8b 10 48 8b 05 1c 4b 88 00 80 38 00 0f
0x00007f5e0b17e178:   84 2b 01 00 00 48 63 c2 41 8b 54 05 00 85 d2 0f 

Register to memory mapping:

RAX=0x00007f5e0ba48210: <offset 0xfa9210> in /usr/lib/jvm/java-8-oracle/jre/lib/amd64/server/libjvm.so at 0x00007f5e0aa9f000
RBX=0x0000000000000000 is an unknown value
RCX=0x00000000d6a666d0 is an oop
org.sqlite.core.NativeDB 
 - klass: 'org/sqlite/core/NativeDB'
RDX=0x00007f5e0ba562a0: <offset 0xfb72a0> in /usr/lib/jvm/java-8-oracle/jre/lib/amd64/server/libjvm.so at 0x00007f5e0aa9f000
RSP=0x00007f5d94fcf320 is pointing into the stack for thread: 0x00007f5e042b9000
RBP=0x00007f5d94fcf3c0 is pointing into the stack for thread: 0x00007f5e042b9000
RSI=0x00007f5e042b9000 is a thread
RDI=0x00007f5d94fcf360 is pointing into the stack for thread: 0x00007f5e042b9000
R8 =0x0000000000000000 is an unknown value
R9 =0x00000000d6a666d0 is an oop
org.sqlite.core.NativeDB 
 - klass: 'org/sqlite/core/NativeDB'
R10=0x0000000000000052 is an unknown value
R11=0x00007f5e0ba562a8: <offset 0xfb72a8> in /usr/lib/jvm/java-8-oracle/jre/lib/amd64/server/libjvm.so at 0x00007f5e0aa9f000
R12=0x00007f5e042b9000 is a thread
R13=0x0000000000000000 is an unknown value
R14=0x00007f5d94fcf498 is pointing into the stack for thread: 0x00007f5e042b9000
R15=0x00007f5d94fcf360 is pointing into the stack for thread: 0x00007f5e042b9000


Stack: [0x00007f5d94ed2000,0x00007f5d94fd3000],  sp=0x00007f5d94fcf320,  free space=1012k
Native frames: (J=compiled Java code, j=interpreted, Vv=VM code, C=native code)
V  [libjvm.so+0x6df168]  jni_GetStringUTFChars+0xb8
C  [sqlite-3.8.11.2-bcc17ca0-8a4a-4305-b8fd-664138debc8f-libsqlitejdbc.so+0xac40]  Java_org_sqlite_core_NativeDB_prepare+0x40

Java frames: (J=compiled Java code, j=interpreted, Vv=VM code)
j  org.sqlite.core.NativeDB.prepare(Ljava/lang/String;)J+0
j  org.sqlite.core.DB.prepare(Lorg/sqlite/core/CoreStatement;)V+21
j  org.sqlite.core.CorePreparedStatement.<init>(Lorg/sqlite/SQLiteConnection;Ljava/lang/String;)V+15
j  org.sqlite.jdbc3.JDBC3PreparedStatement.<init>(Lorg/sqlite/SQLiteConnection;Ljava/lang/String;)V+3
j  org.sqlite.jdbc4.JDBC4PreparedStatement.<init>(Lorg/sqlite/SQLiteConnection;Ljava/lang/String;)V+3
j  org.sqlite.jdbc4.JDBC4Connection.prepareStatement(Ljava/lang/String;III)Ljava/sql/PreparedStatement;+21
j  org.sqlite.jdbc3.JDBC3Connection.prepareStatement(Ljava/lang/String;II)Ljava/sql/PreparedStatement;+5
j  org.sqlite.jdbc3.JDBC3Connection.prepareStatement(Ljava/lang/String;)Ljava/sql/PreparedStatement;+8
j  parsing.Database_manager.getSPAL()Ljava/util/ArrayList;+48
j  mainpackage.FXML_mainController.initialize(Ljava/net/URL;Ljava/util/ResourceBundle;)V+43
j  javafx.fxml.FXMLLoader.loadImpl(Ljava/io/InputStream;Ljava/lang/Class;)Ljava/lang/Object;+265
j  javafx.fxml.FXMLLoader.loadImpl(Ljava/lang/Class;)Ljava/lang/Object;+30
j  javafx.fxml.FXMLLoader.loadImpl(Ljava/net/URL;Ljava/util/ResourceBundle;Ljavafx/util/BuilderFactory;Ljavafx/util/Callback;Ljava/nio/charset/Charset;Ljava/lang/Class;)Ljava/lang/Object;+34
j  javafx.fxml.FXMLLoader.loadImpl(Ljava/net/URL;Ljava/util/ResourceBundle;Ljavafx/util/BuilderFactory;Ljavafx/util/Callback;Ljava/lang/Class;)Ljava/lang/Object;+11
j  javafx.fxml.FXMLLoader.loadImpl(Ljava/net/URL;Ljava/util/ResourceBundle;Ljavafx/util/BuilderFactory;Ljava/lang/Class;)Ljava/lang/Object;+5
j  javafx.fxml.FXMLLoader.loadImpl(Ljava/net/URL;Ljava/util/ResourceBundle;Ljava/lang/Class;)Ljava/lang/Object;+4
j  javafx.fxml.FXMLLoader.loadImpl(Ljava/net/URL;Ljava/lang/Class;)Ljava/lang/Object;+3
j  javafx.fxml.FXMLLoader.load(Ljava/net/URL;)Ljava/lang/Object;+14
j  mainpackage.FXML_loginController$3.handle(Ljavafx/event/Event;)V+38
j  com.sun.javafx.event.CompositeEventHandler.dispatchBubblingEvent(Ljavafx/event/Event;)V+51
J 1658 C1 com.sun.javafx.event.EventHandlerManager.dispatchBubblingEvent(Ljavafx/event/Event;)Ljavafx/event/Event; (23 bytes) @ 0x00007f5df54d2e24 [0x00007f5df54d2780+0x6a4]
J 1513 C1 com.sun.javafx.event.BasicEventDispatcher.dispatchEvent(Ljavafx/event/Event;Ljavafx/event/EventDispatchChain;)Ljavafx/event/Event; (44 bytes) @ 0x00007f5df54801fc [0x00007f5df547fec0+0x33c]
J 1307 C1 com.sun.javafx.event.EventDispatchChainImpl.dispatchEvent(Ljavafx/event/Event;)Ljavafx/event/Event; (101 bytes) @ 0x00007f5df542a604 [0x00007f5df542a460+0x1a4]
j  com.sun.javafx.event.EventUtil.fireEventImpl(Ljavafx/event/EventDispatchChain;Ljavafx/event/EventTarget;Ljavafx/event/Event;)Ljavafx/event/Event;+10
j  com.sun.javafx.event.EventUtil.fireEvent(Ljavafx/event/EventTarget;Ljavafx/event/Event;)Ljavafx/event/Event;+46
j  javafx.event.Event.fireEvent(Ljavafx/event/EventTarget;Ljavafx/event/Event;)V+30
j  javafx.concurrent.EventHelper.fireEvent(Ljavafx/event/Event;)V+5
j  javafx.concurrent.Task.fireEvent(Ljavafx/event/Event;)V+9
j  javafx.concurrent.Task.setState(Ljavafx/concurrent/Worker$State;)V+207
j  javafx.concurrent.Task$TaskCallable.lambda$call$500(Ljava/lang/Object;)V+15
j  javafx.concurrent.Task$TaskCallable$$Lambda$215.run()V+8
j  com.sun.javafx.application.PlatformImpl.lambda$null$173(Ljava/lang/Runnable;)Ljava/lang/Void;+1
j  com.sun.javafx.application.PlatformImpl$$Lambda$53.run()Ljava/lang/Object;+4
v  ~StubRoutines::call_stub
J 1167  java.security.AccessController.doPrivileged(Ljava/security/PrivilegedAction;Ljava/security/AccessControlContext;)Ljava/lang/Object; (0 bytes) @ 0x00007f5df53e3263 [0x00007f5df53e3200+0x63]
j  com.sun.javafx.application.PlatformImpl.lambda$runLater$174(Ljava/lang/Runnable;Ljava/security/AccessControlContext;)V+7
j  com.sun.javafx.application.PlatformImpl$$Lambda$52.run()V+8
J 2215 C1 com.sun.glass.ui.InvokeLaterDispatcher$Future.run()V (91 bytes) @ 0x00007f5df567410c [0x00007f5df5674000+0x10c]
v  ~StubRoutines::call_stub
j  com.sun.glass.ui.gtk.GtkApplication._runLoop(Ljava/lang/Runnable;Z)V+0
j  com.sun.glass.ui.gtk.GtkApplication.lambda$null$49(Ljava/lang/Runnable;Z)V+7
j  com.sun.glass.ui.gtk.GtkApplication$$Lambda$41.run()V+12
j  java.lang.Thread.run()V+11
v  ~StubRoutines::call_stub

---------------  P R O C E S S  ---------------

Java Threads: ( => current thread )
  0x00007f5d803b6800 JavaThread "URL-Loader-1" daemon [_thread_blocked, id=7402, stack(0x00007f5d7ccc1000,0x00007f5d7cdc2000)]
  0x00007f5d80368800 JavaThread "Disposer" daemon [_thread_blocked, id=7401, stack(0x00007f5d7e7b1000,0x00007f5d7e8b2000)]
  0x00007f5d802d4800 JavaThread "Prism Font Disposer" daemon [_thread_blocked, id=7392, stack(0x00007f5d7fe64000,0x00007f5d7ff65000)]
  0x00007f5e042bc800 JavaThread "JavaFX-Launcher" [_thread_blocked, id=7391, stack(0x00007f5d94dd1000,0x00007f5d94ed2000)]
=>0x00007f5e042b9000 JavaThread "JavaFX Application Thread" [_thread_in_vm, id=7390, stack(0x00007f5d94ed2000,0x00007f5d94fd3000)]
  0x00007f5e042b4800 JavaThread "Thread-1" daemon [_thread_blocked, id=7389, stack(0x00007f5d94fd3000,0x00007f5d950d4000)]
  0x00007f5e04201800 JavaThread "QuantumRenderer-0" daemon [_thread_blocked, id=7384, stack(0x00007f5dcddea000,0x00007f5dcdeeb000)]
  0x00007f5e040e2800 JavaThread "Service Thread" daemon [_thread_blocked, id=7382, stack(0x00007f5dce094000,0x00007f5dce195000)]
  0x00007f5e040c5800 JavaThread "C1 CompilerThread3" daemon [_thread_blocked, id=7381, stack(0x00007f5dce195000,0x00007f5dce296000)]
  0x00007f5e040c3800 JavaThread "C2 CompilerThread2" daemon [_thread_blocked, id=7380, stack(0x00007f5dce296000,0x00007f5dce397000)]
  0x00007f5e040c1800 JavaThread "C2 CompilerThread1" daemon [_thread_blocked, id=7379, stack(0x00007f5dce397000,0x00007f5dce498000)]
  0x00007f5e040be800 JavaThread "C2 CompilerThread0" daemon [_thread_blocked, id=7378, stack(0x00007f5dce498000,0x00007f5dce599000)]
  0x00007f5e040bd000 JavaThread "Signal Dispatcher" daemon [_thread_blocked, id=7377, stack(0x00007f5dce599000,0x00007f5dce69a000)]
  0x00007f5e0408a000 JavaThread "Finalizer" daemon [_thread_blocked, id=7376, stack(0x00007f5dcf0df000,0x00007f5dcf1e0000)]
  0x00007f5e04085800 JavaThread "Reference Handler" daemon [_thread_blocked, id=7375, stack(0x00007f5dcf1e0000,0x00007f5dcf2e1000)]
  0x00007f5e04007800 JavaThread "main" [_thread_blocked, id=7365, stack(0x00007f5e0c560000,0x00007f5e0c661000)]

Other Threads:
  0x00007f5e0407d800 VMThread [stack: 0x00007f5dcf2e1000,0x00007f5dcf3e2000] [id=7374]
  0x00007f5e040e5800 WatcherThread [stack: 0x00007f5dcdf93000,0x00007f5dce094000] [id=7383]

VM state:not at safepoint (normal execution)

VM Mutex/Monitor currently owned by a thread: None

Heap:
 PSYoungGen      total 37888K, used 1045K [0x00000000d6a00000, 0x00000000d9400000, 0x0000000100000000)
  eden space 32768K, 3% used [0x00000000d6a00000,0x00000000d6b057c8,0x00000000d8a00000)
  from space 5120K, 0% used [0x00000000d8f00000,0x00000000d8f00000,0x00000000d9400000)
  to   space 5120K, 0% used [0x00000000d8a00000,0x00000000d8a00000,0x00000000d8f00000)
 ParOldGen       total 44544K, used 8309K [0x0000000083e00000, 0x0000000086980000, 0x00000000d6a00000)
  object space 44544K, 18% used [0x0000000083e00000,0x000000008461d7a8,0x0000000086980000)
 Metaspace       used 20726K, capacity 21604K, committed 21936K, reserved 1069056K
  class space    used 2932K, capacity 3157K, committed 3248K, reserved 1048576K

Card table byte_map: [0x00007f5e09799000,0x00007f5e09b7b000] byte_map_base: 0x00007f5e0937a000

Marking Bits: (ParMarkBitMap*) 0x00007f5e0ba55d60
 Begin Bits: [0x00007f5dd01f0000, 0x00007f5dd20f8000)
 End Bits:   [0x00007f5dd20f8000, 0x00007f5dd4000000)

Polling page: 0x00007f5e0c69e000

CodeCache: size=245760Kb used=8548Kb max_used=8555Kb free=237211Kb
 bounds [0x00007f5df5000000, 0x00007f5df5860000, 0x00007f5e04000000]
 total_blobs=3455 nmethods=2753 adapters=615
 compilation: enabled

Compilation events (10 events):
Event: 14.142 Thread 0x00007f5e040c3800 2749 %     4       org.sqlite.SQLiteJDBCLoader::contentsEquals @ 37 (78 bytes)
Event: 14.148 Thread 0x00007f5e040c3800 nmethod 2749% 0x00007f5df585e850 code [0x00007f5df585e9e0, 0x00007f5df585f438]
Event: 14.152 Thread 0x00007f5e040c5800 2750       3       java.io.FilterInputStream::read (11 bytes)
Event: 14.152 Thread 0x00007f5e040c5800 nmethod 2750 0x00007f5df5858a50 code [0x00007f5df5858bc0, 0x00007f5df5858de8]
Event: 14.153 Thread 0x00007f5e040c5800 2751       3       java.lang.ThreadLocal::get (38 bytes)
Event: 14.154 Thread 0x00007f5e040c5800 nmethod 2751 0x00007f5df5858390 code [0x00007f5df5858520, 0x00007f5df58588a8]
Event: 14.161 Thread 0x00007f5e040c5800 2752       3       java.lang.Character::codePointAtImpl (41 bytes)
Event: 14.161 Thread 0x00007f5e040c5800 nmethod 2752 0x00007f5df585e090 code [0x00007f5df585e220, 0x00007f5df585e6b0]
Event: 14.161 Thread 0x00007f5e040c5800 2753       3       java.util.regex.Pattern::next (33 bytes)
Event: 14.161 Thread 0x00007f5e040c5800 nmethod 2753 0x00007f5df585db10 code [0x00007f5df585dca0, 0x00007f5df585df48]

GC Heap History (6 events):
Event: 1.037 GC heap before
{Heap before GC invocations=1 (full 0):
 PSYoungGen      total 37888K, used 32768K [0x00000000d6a00000, 0x00000000d9400000, 0x0000000100000000)
  eden space 32768K, 100% used [0x00000000d6a00000,0x00000000d8a00000,0x00000000d8a00000)
  from space 5120K, 0% used [0x00000000d8f00000,0x00000000d8f00000,0x00000000d9400000)
  to   space 5120K, 0% used [0x00000000d8a00000,0x00000000d8a00000,0x00000000d8f00000)
 ParOldGen       total 86016K, used 0K [0x0000000083e00000, 0x0000000089200000, 0x00000000d6a00000)
  object space 86016K, 0% used [0x0000000083e00000,0x0000000083e00000,0x0000000089200000)
 Metaspace       used 14955K, capacity 15556K, committed 15744K, reserved 1062912K
  class space    used 2228K, capacity 2382K, committed 2432K, reserved 1048576K
Event: 1.044 GC heap after
Heap after GC invocations=1 (full 0):
 PSYoungGen      total 37888K, used 5109K [0x00000000d6a00000, 0x00000000d9400000, 0x0000000100000000)
  eden space 32768K, 0% used [0x00000000d6a00000,0x00000000d6a00000,0x00000000d8a00000)
  from space 5120K, 99% used [0x00000000d8a00000,0x00000000d8efd4f0,0x00000000d8f00000)
  to   space 5120K, 0% used [0x00000000d8f00000,0x00000000d8f00000,0x00000000d9400000)
 ParOldGen       total 86016K, used 672K [0x0000000083e00000, 0x0000000089200000, 0x00000000d6a00000)
  object space 86016K, 0% used [0x0000000083e00000,0x0000000083ea8010,0x0000000089200000)
 Metaspace       used 14955K, capacity 15556K, committed 15744K, reserved 1062912K
  class space    used 2228K, capacity 2382K, committed 2432K, reserved 1048576K
}
Event: 14.055 GC heap before
{Heap before GC invocations=2 (full 0):
 PSYoungGen      total 37888K, used 25007K [0x00000000d6a00000, 0x00000000d9400000, 0x0000000100000000)
  eden space 32768K, 60% used [0x00000000d6a00000,0x00000000d7d6e998,0x00000000d8a00000)
  from space 5120K, 99% used [0x00000000d8a00000,0x00000000d8efd4f0,0x00000000d8f00000)
  to   space 5120K, 0% used [0x00000000d8f00000,0x00000000d8f00000,0x00000000d9400000)
 ParOldGen       total 86016K, used 672K [0x0000000083e00000, 0x0000000089200000, 0x00000000d6a00000)
  object space 86016K, 0% used [0x0000000083e00000,0x0000000083ea8010,0x0000000089200000)
 Metaspace       used 20279K, capacity 21156K, committed 21296K, reserved 1067008K
  class space    used 2878K, capacity 3093K, committed 3120K, reserved 1048576K
Event: 14.063 GC heap after
Heap after GC invocations=2 (full 0):
 PSYoungGen      total 37888K, used 5109K [0x00000000d6a00000, 0x00000000d9400000, 0x0000000100000000)
  eden space 32768K, 0% used [0x00000000d6a00000,0x00000000d6a00000,0x00000000d8a00000)
  from space 5120K, 99% used [0x00000000d8f00000,0x00000000d93fd500,0x00000000d9400000)
  to   space 5120K, 0% used [0x00000000d8a00000,0x00000000d8a00000,0x00000000d8f00000)
 ParOldGen       total 86016K, used 3509K [0x0000000083e00000, 0x0000000089200000, 0x00000000d6a00000)
  object space 86016K, 4% used [0x0000000083e00000,0x000000008416d670,0x0000000089200000)
 Metaspace       used 20279K, capacity 21156K, committed 21296K, reserved 1067008K
  class space    used 2878K, capacity 3093K, committed 3120K, reserved 1048576K
}
Event: 14.063 GC heap before
{Heap before GC invocations=3 (full 1):
 PSYoungGen      total 37888K, used 5109K [0x00000000d6a00000, 0x00000000d9400000, 0x0000000100000000)
  eden space 32768K, 0% used [0x00000000d6a00000,0x00000000d6a00000,0x00000000d8a00000)
  from space 5120K, 99% used [0x00000000d8f00000,0x00000000d93fd500,0x00000000d9400000)
  to   space 5120K, 0% used [0x00000000d8a00000,0x00000000d8a00000,0x00000000d8f00000)
 ParOldGen       total 86016K, used 3509K [0x0000000083e00000, 0x0000000089200000, 0x00000000d6a00000)
  object space 86016K, 4% used [0x0000000083e00000,0x000000008416d670,0x0000000089200000)
 Metaspace       used 20279K, capacity 21156K, committed 21296K, reserved 1067008K
  class space    used 2878K, capacity 3093K, committed 3120K, reserved 1048576K
Event: 14.118 GC heap after
Heap after GC invocations=3 (full 1):
 PSYoungGen      total 37888K, used 0K [0x00000000d6a00000, 0x00000000d9400000, 0x0000000100000000)
  eden space 32768K, 0% used [0x00000000d6a00000,0x00000000d6a00000,0x00000000d8a00000)
  from space 5120K, 0% used [0x00000000d8f00000,0x00000000d8f00000,0x00000000d9400000)
  to   space 5120K, 0% used [0x00000000d8a00000,0x00000000d8a00000,0x00000000d8f00000)
 ParOldGen       total 44544K, used 8309K [0x0000000083e00000, 0x0000000086980000, 0x00000000d6a00000)
  object space 44544K, 18% used [0x0000000083e00000,0x000000008461d7a8,0x0000000086980000)
 Metaspace       used 20279K, capacity 21156K, committed 21296K, reserved 1067008K
  class space    used 2878K, capacity 3093K, committed 3120K, reserved 1048576K
}

Deoptimization events (10 events):
Event: 1.124 Thread 0x00007f5e042b9000 Uncommon trap: reason=unstable_if action=reinterpret pc=0x00007f5df5313c7c method=jdk.internal.org.objectweb.asm.Type.getArgumentsAndReturnSizes(Ljava/lang/String;)I @ 47
Event: 3.693 Thread 0x00007f5e04201800 Uncommon trap: reason=unstable_if action=reinterpret pc=0x00007f5df53de2a0 method=java.lang.StrictMath.floorOrCeil(DDDD)D @ 115
Event: 4.184 Thread 0x00007f5e042b9000 Uncommon trap: reason=unstable_if action=reinterpret pc=0x00007f5df5219be0 method=java.lang.CharacterData.of(I)Ljava/lang/CharacterData; @ 4
Event: 13.936 Thread 0x00007f5e042b9000 Uncommon trap: reason=unstable_if action=reinterpret pc=0x00007f5df5378014 method=java.io.ByteArrayInputStream.read()I @ 8
Event: 13.952 Thread 0x00007f5e042b9000 Uncommon trap: reason=unstable_if action=reinterpret pc=0x00007f5df52ab8c8 method=java.lang.String.indexOf([CII[CIII)I @ 3
Event: 14.027 Thread 0x00007f5e042b9000 Uncommon trap: reason=unstable_if action=reinterpret pc=0x00007f5df52ba398 method=java.lang.AbstractStringBuilder.append(Ljava/lang/String;)Ljava/lang/AbstractStringBuilder; @ 1
Event: 14.033 Thread 0x00007f5e042b9000 Uncommon trap: reason=unstable_if action=reinterpret pc=0x00007f5df5804b6c method=java.util.WeakHashMap.remove(Ljava/lang/Object;)Ljava/lang/Object; @ 39
Event: 14.034 Thread 0x00007f5e042b9000 Uncommon trap: reason=unstable_if action=reinterpret pc=0x00007f5df52805d0 method=sun.nio.cs.UTF_8$Decoder.decode([BII[C)I @ 30
Event: 14.035 Thread 0x00007f5d803b6800 Uncommon trap: reason=unstable_if action=reinterpret pc=0x00007f5df5241874 method=java.lang.AbstractStringBuilder.append(Ljava/lang/String;)Ljava/lang/AbstractStringBuilder; @ 1
Event: 14.153 Thread 0x00007f5e042b9000 Uncommon trap: reason=unstable_if action=reinterpret pc=0x00007f5df585f11c method=org.sqlite.SQLiteJDBCLoader.contentsEquals(Ljava/io/InputStream;Ljava/io/InputStream;)Z @ 39

Internal exceptions (10 events):
Event: 0.742 Thread 0x00007f5e042b9000 Exception <a 'java/lang/ArrayIndexOutOfBoundsException'> (0x00000000d7bdbb90) thrown at [/HUDSON/workspace/8-2-build-linux-amd64/jdk8u91/6644/hotspot/src/share/vm/runtime/sharedRuntime.cpp, line 605]
Event: 0.742 Thread 0x00007f5e042b9000 Exception <a 'java/lang/ArrayIndexOutOfBoundsException'> (0x00000000d7bdcf38) thrown at [/HUDSON/workspace/8-2-build-linux-amd64/jdk8u91/6644/hotspot/src/share/vm/runtime/sharedRuntime.cpp, line 605]
Event: 0.844 Thread 0x00007f5e042b9000 Implicit null exception at 0x00007f5df522c475 to 0x00007f5df522c651
Event: 13.994 Thread 0x00007f5e042b9000 Exception <a 'java/lang/ArrayIndexOutOfBoundsException'> (0x00000000d794fbb8) thrown at [/HUDSON/workspace/8-2-build-linux-amd64/jdk8u91/6644/hotspot/src/share/vm/runtime/sharedRuntime.cpp, line 605]
Event: 14.002 Thread 0x00007f5e042b9000 Exception <a 'java/lang/ArrayIndexOutOfBoundsException'> (0x00000000d7ad0bd8) thrown at [/HUDSON/workspace/8-2-build-linux-amd64/jdk8u91/6644/hotspot/src/share/vm/runtime/sharedRuntime.cpp, line 605]
Event: 14.016 Thread 0x00007f5e042b9000 Exception <a 'sun/nio/fs/UnixException'> (0x00000000d7b94738) thrown at [/HUDSON/workspace/8-2-build-linux-amd64/jdk8u91/6644/hotspot/src/share/vm/prims/jni.cpp, line 709]
Event: 14.020 Thread 0x00007f5e042b9000 Exception <a 'sun/nio/fs/UnixException'> (0x00000000d7b967e0) thrown at [/HUDSON/workspace/8-2-build-linux-amd64/jdk8u91/6644/hotspot/src/share/vm/prims/jni.cpp, line 709]
Event: 14.027 Thread 0x00007f5e042b9000 Implicit null exception at 0x00007f5df52ba035 to 0x00007f5df52ba385
Event: 14.033 Thread 0x00007f5e042b9000 Implicit null exception at 0x00007f5df580463a to 0x00007f5df5804b2d
Event: 14.035 Thread 0x00007f5d803b6800 Implicit null exception at 0x00007f5df52414f5 to 0x00007f5df5241861

Events (10 events):
Event: 14.161 loading class org/sqlite/jdbc4/JDBC4PreparedStatement
Event: 14.161 loading class org/sqlite/jdbc4/JDBC4PreparedStatement done
Event: 14.162 loading class java/sql/ParameterMetaData
Event: 14.162 loading class java/sql/ParameterMetaData done
Event: 14.162 loading class org/sqlite/jdbc3/JDBC3PreparedStatement
Event: 14.162 loading class org/sqlite/jdbc3/JDBC3PreparedStatement done
Event: 14.162 loading class org/sqlite/core/CorePreparedStatement
Event: 14.162 loading class org/sqlite/core/CorePreparedStatement done
Event: 14.162 loading class java/sql/Date
Event: 14.162 loading class java/sql/Date done


Dynamic libraries:
00400000-00401000 r-xp 00000000 08:01 2626783                            /usr/lib/jvm/java-8-oracle/bin/java
00600000-00601000 rw-p 00000000 08:01 2626783                            /usr/lib/jvm/java-8-oracle/bin/java
0169c000-016bd000 rw-p 00000000 00:00 0                                  [heap]
409bc000-409be000 r-xs 00000000 08:01 17825908                           /tmp/.glikTHvh (deleted)
41025000-410c1000 rw-p 00000000 00:00 0 
83e00000-86980000 rw-p 00000000 00:00 0 
86980000-d6a00000 ---p 00000000 00:00 0 
d6a00000-d9400000 rw-p 00000000 00:00 0 
d9400000-100000000 ---p 00000000 00:00 0 
100000000-10032c000 rw-p 00000000 00:00 0 
10032c000-140000000 ---p 00000000 00:00 0 
7f5d20000000-7f5d20021000 rw-p 00000000 00:00 0 
7f5d20021000-7f5d24000000 ---p 00000000 00:00 0 
7f5d28000000-7f5d28021000 rw-p 00000000 00:00 0 
7f5d28021000-7f5d2c000000 ---p 00000000 00:00 0 
7f5d2fffe000-7f5d70000000 ---p 00000000 00:00 0 
7f5d70000000-7f5d70021000 rw-p 00000000 00:00 0 
7f5d70021000-7f5d74000000 ---p 00000000 00:00 0 
7f5d74712000-7f5d77c09000 r-xp 00000000 08:01 2634351                    /usr/lib/jvm/java-8-oracle/jre/lib/amd64/libjfxwebkit.so
7f5d77c09000-7f5d77e09000 ---p 034f7000 08:01 2634351                    /usr/lib/jvm/java-8-oracle/jre/lib/amd64/libjfxwebkit.so
7f5d77e09000-7f5d77fdc000 rw-p 034f7000 08:01 2634351                    /usr/lib/jvm/java-8-oracle/jre/lib/amd64/libjfxwebkit.so
7f5d77fdc000-7f5d78000000 rw-p 00000000 00:00 0 
7f5d78000000-7f5d78021000 rw-p 00000000 00:00 0 
7f5d78021000-7f5d7c000000 ---p 00000000 00:00 0 
7f5d7c803000-7f5d7c843000 rw-p 00000000 00:00 0 
7f5d7c843000-7f5d7ca03000 ---p 00000000 00:00 0 
7f5d7ca03000-7f5d7cabc000 r-xp 00000000 08:01 17825913                   /tmp/sqlite-3.8.11.2-bcc17ca0-8a4a-4305-b8fd-664138debc8f-libsqlitejdbc.so
7f5d7cabc000-7f5d7ccbc000 ---p 000b9000 08:01 17825913                   /tmp/sqlite-3.8.11.2-bcc17ca0-8a4a-4305-b8fd-664138debc8f-libsqlitejdbc.so
7f5d7ccbc000-7f5d7ccc1000 rw-p 000b9000 08:01 17825913                   /tmp/sqlite-3.8.11.2-bcc17ca0-8a4a-4305-b8fd-664138debc8f-libsqlitejdbc.so
7f5d7ccc1000-7f5d7ccc4000 ---p 00000000 00:00 0 
7f5d7ccc4000-7f5d7cdc2000 rw-p 00000000 00:00 0                          [stack:7402]
7f5d7cdc2000-7f5d7cdd8000 r-xp 00000000 08:01 2634362                    /usr/lib/jvm/java-8-oracle/jre/lib/amd64/libnet.so
7f5d7cdd8000-7f5d7cfd8000 ---p 00016000 08:01 2634362                    /usr/lib/jvm/java-8-oracle/jre/lib/amd64/libnet.so
7f5d7cfd8000-7f5d7cfd9000 rw-p 00016000 08:01 2634362                    /usr/lib/jvm/java-8-oracle/jre/lib/amd64/libnet.so
7f5d7cfd9000-7f5d7cfea000 r-xp 00000000 08:01 2634325                    /usr/lib/jvm/java-8-oracle/jre/lib/amd64/libnio.so
7f5d7cfea000-7f5d7d1e9000 ---p 00011000 08:01 2634325                    /usr/lib/jvm/java-8-oracle/jre/lib/amd64/libnio.so
7f5d7d1e9000-7f5d7d1ea000 rw-p 00010000 08:01 2634325                    /usr/lib/jvm/java-8-oracle/jre/lib/amd64/libnio.so
7f5d7d1ea000-7f5d7d5ca000 ---p 00000000 00:00 0 
7f5d7d5ca000-7f5d7d5ea000 rw-p 00000000 00:00 0 
7f5d7d5ea000-7f5d7d5eb000 ---p 00000000 00:00 0 
7f5d7d5eb000-7f5d7ddeb000 rw-p 00000000 00:00 0                          [stack:7400]
7f5d7ddeb000-7f5d7de0c000 r-xp 00000000 08:01 12856477                   /lib/x86_64-linux-gnu/liblzma.so.5.0.0
7f5d7de0c000-7f5d7e00b000 ---p 00021000 08:01 12856477                   /lib/x86_64-linux-gnu/liblzma.so.5.0.0
7f5d7e00b000-7f5d7e00c000 r--p 00020000 08:01 12856477                   /lib/x86_64-linux-gnu/liblzma.so.5.0.0
7f5d7e00c000-7f5d7e00d000 rw-p 00021000 08:01 12856477                   /lib/x86_64-linux-gnu/liblzma.so.5.0.0
7f5d7e00d000-7f5d7e169000 r-xp 00000000 08:01 2359910                    /usr/lib/x86_64-linux-gnu/libxml2.so.2.9.1
7f5d7e169000-7f5d7e369000 ---p 0015c000 08:01 2359910                    /usr/lib/x86_64-linux-gnu/libxml2.so.2.9.1
7f5d7e369000-7f5d7e371000 r--p 0015c000 08:01 2359910                    /usr/lib/x86_64-linux-gnu/libxml2.so.2.9.1
7f5d7e371000-7f5d7e373000 rw-p 00164000 08:01 2359910                    /usr/lib/x86_64-linux-gnu/libxml2.so.2.9.1
7f5d7e373000-7f5d7e374000 rw-p 00000000 00:00 0 
7f5d7e374000-7f5d7e3af000 r-xp 00000000 08:01 2362035                    /usr/lib/x86_64-linux-gnu/libxslt.so.1.1.28
7f5d7e3af000-7f5d7e5af000 ---p 0003b000 08:01 2362035                    /usr/lib/x86_64-linux-gnu/libxslt.so.1.1.28
7f5d7e5af000-7f5d7e5b0000 r--p 0003b000 08:01 2362035                    /usr/lib/x86_64-linux-gnu/libxslt.so.1.1.28
7f5d7e5b0000-7f5d7e5b1000 rw-p 0003c000 08:01 2362035                    /usr/lib/x86_64-linux-gnu/libxslt.so.1.1.28
7f5d7e5b1000-7f5d7e7b1000 rw-p 00000000 00:00 0 
7f5d7e7b1000-7f5d7e7b4000 ---p 00000000 00:00 0 
7f5d7e7b4000-7f5d7eab2000 rw-p 00000000 00:00 0                          [stack:7401]
7f5d7eab2000-7f5d7ecb2000 rw-s 13bed3000 00:05 17575                     /dev/nvidiactl
7f5d7ecb2000-7f5d7f0b2000 rw-s 5decb000 00:05 17575                      /dev/nvidiactl
7f5d7f0b2000-7f5d7f2b2000 rw-s c31b9000 00:05 17575                      /dev/nvidiactl
7f5d7f2b2000-7f5d7fab3000 rw-p 00000000 00:00 0 
7f5d7fab3000-7f5d7fb13000 rw-s 00000000 00:04 46137367                   /SYSV00000000 (deleted)
7f5d7fb13000-7f5d7fbae000 r--p 00000000 08:01 6164184                    /usr/share/fonts/truetype/dejavu/DejaVuSans-BoldOblique.ttf
7f5d7fbae000-7f5d7fc64000 r--p 00000000 08:01 6174086                    /usr/share/fonts/truetype/dejavu/DejaVuSans.ttf
7f5d7fc64000-7f5d7fe64000 rw-p 00000000 00:00 0 
7f5d7fe64000-7f5d7fe67000 ---p 00000000 00:00 0 
7f5d7fe67000-7f5d7ff65000 rw-p 00000000 00:00 0                          [stack:7392]
7f5d7ff65000-7f5d80000000 r--p 00000000 08:01 6164190                    /usr/share/fonts/truetype/dejavu/DejaVuSans-Oblique.ttf
7f5d80000000-7f5d806a6000 rw-p 00000000 00:00 0 
7f5d806a6000-7f5d84000000 ---p 00000000 00:00 0 
7f5d84000000-7f5d84021000 rw-p 00000000 00:00 0 
7f5d84021000-7f5d88000000 ---p 00000000 00:00 0 
7f5d88000000-7f5d88022000 rw-p 00000000 00:00 0 
7f5d88022000-7f5d8c000000 ---p 00000000 00:00 0 
7f5d8c000000-7f5d8c021000 rw-p 00000000 00:00 0 
7f5d8c021000-7f5d90000000 ---p 00000000 00:00 0 
7f5d90000000-7f5d90021000 rw-p 00000000 00:00 0 
7f5d90021000-7f5d94000000 ---p 00000000 00:00 0 
7f5d94059000-7f5d9406c000 r--s 00344000 08:01 2626919                    /usr/lib/jvm/java-8-oracle/jre/lib/resources.jar
7f5d9406c000-7f5d940a6000 r--p 00000000 08:01 2634293                    /usr/lib/jvm/java-8-oracle/jre/lib/fonts/LucidaTypewriterBold.ttf
7f5d940a6000-7f5d940f4000 r--p 00000000 08:01 2634292                    /usr/lib/jvm/java-8-oracle/jre/lib/fonts/LucidaSansDemiBold.ttf
7f5d940f4000-7f5d94108000 r--p 00000000 08:01 2634291                    /usr/lib/jvm/java-8-oracle/jre/lib/fonts/LucidaBrightItalic.ttf
7f5d94108000-7f5d9415d000 r--p 00000000 08:01 2634290                    /usr/lib/jvm/java-8-oracle/jre/lib/fonts/LucidaBrightRegular.ttf
7f5d9415d000-7f5d94208000 r--p 00000000 08:01 2634289                    /usr/lib/jvm/java-8-oracle/jre/lib/fonts/LucidaSansRegular.ttf
7f5d94208000-7f5d94244000 r--p 00000000 08:01 2634288                    /usr/lib/jvm/java-8-oracle/jre/lib/fonts/LucidaTypewriterRegular.ttf
7f5d94244000-7f5d94257000 r--p 00000000 08:01 2634287                    /usr/lib/jvm/java-8-oracle/jre/lib/fonts/LucidaBrightDemiItalic.ttf
7f5d94257000-7f5d9426a000 r--p 00000000 08:01 2634286                    /usr/lib/jvm/java-8-oracle/jre/lib/fonts/LucidaBrightDemiBold.ttf
7f5d9426a000-7f5d9426e000 r-xp 00000000 08:01 2634354                    /usr/lib/jvm/java-8-oracle/jre/lib/amd64/libjavafx_font_pango.so
7f5d9426e000-7f5d9446d000 ---p 00004000 08:01 2634354                    /usr/lib/jvm/java-8-oracle/jre/lib/amd64/libjavafx_font_pango.so
7f5d9446d000-7f5d9446e000 rw-p 00003000 08:01 2634354                    /usr/lib/jvm/java-8-oracle/jre/lib/amd64/libjavafx_font_pango.so
7f5d9446e000-7f5d94473000 r--s 00084000 08:01 2634397                    /usr/lib/jvm/java-8-oracle/jre/lib/jfr.jar
7f5d94473000-7f5d94474000 r--s 00000000 08:01 531970                     /var/cache/fontconfig/087e1975ba9a574b140bb1df193bf770-le64.cache-4
7f5d94474000-7f5d94482000 r--s 00000000 08:01 533051                     /var/cache/fontconfig/6aa41aa22e18b8fa06a12da28ea9c28b-le64.cache-4
7f5d94482000-7f5d94483000 r--s 00000000 08:01 531754                     /var/cache/fontconfig/c05880de57d1f5e948fdfacc138775d9-le64.cache-4
7f5d94483000-7f5d9448e000 r--s 00000000 08:01 532013                     /var/cache/fontconfig/945677eb7aeaf62f1d50efc3fb3ec7d8-le64.cache-4
7f5d9448e000-7f5d94490000 r--s 00000000 08:01 531959                     /var/cache/fontconfig/99e8ed0e538f840c565b6ed5dad60d56-le64.cache-4
7f5d94490000-7f5d94499000 r--s 00000000 08:01 531897                     /var/cache/fontconfig/a6d8cf8e4ec09cdbc8633c31745a07dd-le64.cache-4
7f5d94499000-7f5d9449f000 r--s 00000000 08:01 528392                     /var/cache/fontconfig/2cd17615ca594fa2959ae173292e504c-le64.cache-4
7f5d9449f000-7f5d944a0000 r--s 00000000 08:01 531736                     /var/cache/fontconfig/e7071f4a29fa870f4323321c154eba04-le64.cache-4
7f5d944a0000-7f5d944a7000 r--s 00000000 08:01 531718                     /var/cache/fontconfig/6eb3985aa4124903f6ff08ba781cd364-le64.cache-4
7f5d944a7000-7f5d944a8000 r--s 00000000 08:01 531938                     /var/cache/fontconfig/0d8c3b2ac0904cb8a57a757ad11a4a08-le64.cache-4
7f5d944a8000-7f5d944af000 r--s 00000000 08:01 531678                     /var/cache/fontconfig/a755afe4a08bf5b97852ceb7400b47bc-le64.cache-4
7f5d944af000-7f5d944bb000 r--s 00000000 08:01 533256                     /var/cache/fontconfig/6d41288fd70b0be22e8c3a91e032eec0-le64.cache-4
7f5d944bb000-7f5d944cf000 r--s 00000000 08:01 531940                     /var/cache/fontconfig/04aabc0a78ac019cf9454389977116d2-le64.cache-4
7f5d944cf000-7f5d944d0000 r--s 00000000 08:01 531906                     /var/cache/fontconfig/1ac9eb803944fde146138c791f5cc56a-le64.cache-4
7f5d944d0000-7f5d944d1000 r--s 00000000 08:01 531884                     /var/cache/fontconfig/b95bc8ffbebda2bbdae4265e45b8178d-le64.cache-4
7f5d944d1000-7f5d944d5000 r--s 00000000 08:01 531768                     /var/cache/fontconfig/385c0604a188198f04d133e54aba7fe7-le64.cache-4
7f5d944d5000-7f5d944d6000 r--s 00000000 08:01 531804                     /var/cache/fontconfig/9c956a7723ca69a44b382d9179c9802f-le64.cache-4
7f5d944d6000-7f5d944d7000 r--s 00000000 08:01 531518                     /var/cache/fontconfig/dc05db6664285cc2f12bf69c139ae4c3-le64.cache-4
7f5d944d7000-7f5d944d8000 r--s 00000000 08:01 531798                     /var/cache/fontconfig/5d1cca7074f29429a8d18692746c2426-le64.cache-4
7f5d944d8000-7f5d944da000 r--s 00000000 08:01 531784                     /var/cache/fontconfig/767a8244fc0220cfb567a839d0392e0b-le64.cache-4
7f5d944da000-7f5d944db000 r--s 00000000 08:01 805428                     /var/cache/fontconfig/4794a0821666d79190d59a36cb4f44b5-le64.cache-4
7f5d944db000-7f5d944dc000 r--s 00000000 08:01 531769                     /var/cache/fontconfig/9eae20f1ff8cc0a7d125749e875856bd-le64.cache-4
7f5d944dc000-7f5d944de000 r--s 00000000 08:01 531755                     /var/cache/fontconfig/bf2c1853a9e9b00bb02fe2e9bcf1e201-le64.cache-4
7f5d944de000-7f5d944e3000 r--s 00000000 08:01 531698                     /var/cache/fontconfig/8801497958630a81b71ace7c5f9b32a8-le64.cache-4
7f5d944e3000-7f5d9451e000 r--s 00000000 08:01 531720                     /var/cache/fontconfig/365b55f210c0a22e9a19e35191240f32-le64.cache-4
7f5d9451e000-7f5d94522000 r--s 00000000 08:01 691066                     /var/cache/fontconfig/c57959a16110560c8d0fcea73374aeeb-le64.cache-4
7f5d94522000-7f5d94529000 r--s 00000000 08:01 531709                     /var/cache/fontconfig/3047814df9a2f067bd2d96a2b9c36e5a-le64.cache-4
7f5d94529000-7f5d9452d000 r--s 00000000 08:01 533254                     /var/cache/fontconfig/bf3b770c553c462765856025a94f1ce6-le64.cache-4
7f5d9452d000-7f5d9452e000 r--s 00000000 08:01 531626                     /var/cache/fontconfig/56cf4f4769d0f4abc89a4895d7bd3ae1-le64.cache-4
7f5d9452e000-7f5d9452f000 r--s 00000000 08:01 532269                     /var/cache/fontconfig/b9d506c9ac06c20b433354fa67a72993-le64.cache-4
7f5d9452f000-7f5d94535000 r--s 00000000 08:01 532645                     /var/cache/fontconfig/b47c4e1ecd0709278f4910c18777a504-le64.cache-4
7f5d94535000-7f5d94538000 r--s 00000000 08:01 533250                     /var/cache/fontconfig/14d493b97896515cad3840ba4896e372-le64.cache-4
7f5d94538000-7f5d94539000 r--s 00000000 08:01 533248                     /var/cache/fontconfig/89034621ae2a8922916bb6bfa5799546-le64.cache-4
7f5d94539000-7f5d9453c000 r--s 00000000 08:01 533247                     /var/cache/fontconfig/e49e89034d371f0f9de17aab02136486-le64.cache-4
7f5d9453c000-7f5d9453e000 r--s 00000000 08:01 531618                     /var/cache/fontconfig/4b14b093aebc79c320de5e86ae1d3314-le64.cache-4
7f5d9453e000-7f5d9453f000 r--s 00000000 08:01 531586                     /var/cache/fontconfig/8aec10f4cc8391dcef22ca549f1e4354-le64.cache-4
7f5d9453f000-7f5d94552000 r--s 00000000 08:01 531598                     /var/cache/fontconfig/d52a8644073d54c13679302ca1180695-le64.cache-4
7f5d94552000-7f5d94553000 r--s 00000000 08:01 531554                     /var/cache/fontconfig/8a687c406b77f27d99abfeeba937fcce-le64.cache-4
7f5d94553000-7f5d9455c000 r--s 00000000 08:01 681497                     /var/cache/fontconfig/3f7329c5293ffd510edef78f73874cfd-le64.cache-4
7f5d9455c000-7f5d9455d000 r--s 00000000 08:01 531557                     /var/cache/fontconfig/ac2cf712d852da827a87a9baf682f5b9-le64.cache-4
7f5d9455d000-7f5d9455f000 r--s 00000000 08:01 531553                     /var/cache/fontconfig/65f976e5259cbe6dc7697b8648396239-le64.cache-4
7f5d9455f000-7f5d9456a000 r--s 00000000 08:01 533219                     /var/cache/fontconfig/d589a48862398ed80a3d6066f4f56f4c-le64.cache-4
7f5d9456a000-7f5d9456b000 r--s 00000000 08:01 533208                     /var/cache/fontconfig/94f7fe9bd33aadfac165873bd010d595-le64.cache-4
7f5d9456b000-7f5d9456d000 r--s 00000000 08:01 533206                     /var/cache/fontconfig/423767150eb258c59035de29db6fca84-le64.cache-4
7f5d9456d000-7f5d9456e000 r--s 00000000 08:01 531533                     /var/cache/fontconfig/845c20fd2c4814bcec78e05d37a63ccc-le64.cache-4
7f5d9456e000-7f5d9456f000 r--s 00000000 08:01 531674                     /var/cache/fontconfig/e7de81b01590fb7e12b38e274e17d0db-le64.cache-4
7f5d9456f000-7f5d94570000 r--s 00000000 08:01 533202                     /var/cache/fontconfig/406a1d2d2bf3ed7664fbadefac0b2f66-le64.cache-4
7f5d94570000-7f5d94572000 r--s 00000000 08:01 531703                     /var/cache/fontconfig/67709b7835c0f764c1135060c9575660-le64.cache-4
7f5d94572000-7f5d9457c000 r--s 00000000 08:01 533199                     /var/cache/fontconfig/198d8fcf01c96d0cf813f74fd759bdb7-le64.cache-4
7f5d9457c000-7f5d9457d000 r--s 00000000 08:01 532573                     /var/cache/fontconfig/0c9eb80ebd1c36541ebe2852d3bb0c49-le64.cache-4
7f5d9457d000-7f5d94588000 r--s 00000000 08:01 533166                     /var/cache/fontconfig/83bf95040141907cd45bb53cf7c1c148-le64.cache-4
7f5d94588000-7f5d9458a000 r--s 00000000 08:01 533164                     /var/cache/fontconfig/6e6b34ae150a7ad95e82fb4a522f0bda-le64.cache-4
7f5d9458a000-7f5d94591000 r--s 00000000 08:01 533113                     /var/cache/fontconfig/53d14c92082a93e67d5078324eb314ca-le64.cache-4
7f5d94591000-7f5d94595000 r--s 00000000 08:01 533112                     /var/cache/fontconfig/6c08beecf0dac481ec92e759e0c2e6d7-le64.cache-4
7f5d94595000-7f5d945a8000 r--s 00000000 08:01 533087                     /var/cache/fontconfig/4ac51e5cfbc76fc3f983e470323a16d3-le64.cache-4
7f5d945a8000-7f5d945c9000 r--s 00000000 08:01 612280                     /var/cache/fontconfig/e13b20fdb08344e0e664864cc2ede53d-le64.cache-4
7f5d945c9000-7f5d945ce000 r-xp 00000000 08:01 2634315                    /usr/lib/jvm/java-8-oracle/jre/lib/amd64/libjavafx_font_freetype.so
7f5d945ce000-7f5d947cd000 ---p 00005000 08:01 2634315                    /usr/lib/jvm/java-8-oracle/jre/lib/amd64/libjavafx_font_freetype.so
7f5d947cd000-7f5d947ce000 rw-p 00004000 08:01 2634315                    /usr/lib/jvm/java-8-oracle/jre/lib/amd64/libjavafx_font_freetype.so
7f5d947ce000-7f5d947d1000 r-xp 00000000 08:01 2634328                    /usr/lib/jvm/java-8-oracle/jre/lib/amd64/libjavafx_font.so
7f5d947d1000-7f5d949d0000 ---p 00003000 08:01 2634328                    /usr/lib/jvm/java-8-oracle/jre/lib/amd64/libjavafx_font.so
7f5d949d0000-7f5d949d1000 rw-p 00002000 08:01 2634328                    /usr/lib/jvm/java-8-oracle/jre/lib/amd64/libjavafx_font.so
7f5d949d1000-7f5d94bd1000 rw-p 00000000 00:00 0 
7f5d94bd1000-7f5d94dd1000 rw-p 00000000 00:00 0 
7f5d94dd1000-7f5d94dd4000 ---p 00000000 00:00 0 
7f5d94dd4000-7f5d94ed2000 rw-p 00000000 00:00 0                          [stack:7391]
7f5d94ed2000-7f5d94ed5000 ---p 00000000 00:00 0 
7f5d94ed5000-7f5d94fd3000 rw-p 00000000 00:00 0                          [stack:7390]
7f5d94fd3000-7f5d94fd6000 ---p 00000000 00:00 0 
7f5d94fd6000-7f5d950d4000 rw-p 00000000 00:00 0                          [stack:7389]
7f5d950d4000-7f5d950d5000 ---p 00000000 00:00 0 
7f5d950d5000-7f5d958d5000 rw-p 00000000 00:00 0                          [stack:7388]
7f5d958d5000-7f5d958d6000 ---p 00000000 00:00 0 
7f5d958d6000-7f5d960d6000 rw-p 00000000 00:00 0                          [stack:7387]
7f5d960d6000-7f5d960e1000 r-xp 00000000 08:01 2365855                    /usr/lib/x86_64-linux-gnu/gio/modules/libdconfsettings.so
7f5d960e1000-7f5d962e1000 ---p 0000b000 08:01 2365855                    /usr/lib/x86_64-linux-gnu/gio/modules/libdconfsettings.so
7f5d962e1000-7f5d962e2000 r--p 0000b000 08:01 2365855                    /usr/lib/x86_64-linux-gnu/gio/modules/libdconfsettings.so
7f5d962e2000-7f5d962e3000 rw-p 0000c000 08:01 2365855                    /usr/lib/x86_64-linux-gnu/gio/modules/libdconfsettings.so
7f5d962e3000-7f5d96335000 r--p 00000000 08:01 2365267                    /usr/share/glib-2.0/schemas/gschemas.compiled
7f5d96335000-7f5d9633e000 r-xp 00000000 08:01 3014685                    /usr/lib/x86_64-linux-gnu/gtk-2.0/2.10.0/engines/libpixmap.so
7f5d9633e000-7f5d9653e000 ---p 00009000 08:01 3014685                    /usr/lib/x86_64-linux-gnu/gtk-2.0/2.10.0/engines/libpixmap.so
7f5d9653e000-7f5d9653f000 r--p 00009000 08:01 3014685                    /usr/lib/x86_64-linux-gnu/gtk-2.0/2.10.0/engines/libpixmap.so
7f5d9653f000-7f5d96540000 rw-p 0000a000 08:01 3014685                    /usr/lib/x86_64-linux-gnu/gtk-2.0/2.10.0/engines/libpixmap.so
7f5d96540000-7f5d9656f000 r-xp 00000000 08:01 3015705                    /usr/lib/x86_64-linux-gnu/gtk-2.0/2.10.0/engines/libmurrine.so
7f5d9656f000-7f5d9676f000 ---p 0002f000 08:01 3015705                    /usr/lib/x86_64-linux-gnu/gtk-2.0/2.10.0/engines/libmurrine.so
7f5d9676f000-7f5d96770000 r--p 0002f000 08:01 3015705                    /usr/lib/x86_64-linux-gnu/gtk-2.0/2.10.0/engines/libmurrine.so
7f5d96770000-7f5d96771000 rw-p 00030000 08:01 3015705                    /usr/lib/x86_64-linux-gnu/gtk-2.0/2.10.0/engines/libmurrine.so
7f5d96771000-7f5d96782000 r-xp 00000000 08:01 3014742                    /usr/lib/x86_64-linux-gnu/gtk-2.0/modules/liboverlay-scrollbar.so
7f5d96782000-7f5d96981000 ---p 00011000 08:01 3014742                    /usr/lib/x86_64-linux-gnu/gtk-2.0/modules/liboverlay-scrollbar.so
7f5d96981000-7f5d96982000 r--p 00010000 08:01 3014742                    /usr/lib/x86_64-linux-gnu/gtk-2.0/modules/liboverlay-scrollbar.so
7f5d96982000-7f5d96983000 rw-p 00011000 08:01 3014742                    /usr/lib/x86_64-linux-gnu/gtk-2.0/modules/liboverlay-scrollbar.so
7f5d96983000-7f5d9698a000 r-xp 00000000 08:01 2365583                    /usr/lib/x86_64-linux-gnu/libogg.so.0.8.1
7f5d9698a000-7f5d96b8a000 ---p 00007000 08:01 2365583                    /usr/lib/x86_64-linux-gnu/libogg.so.0.8.1
7f5d96b8a000-7f5d96b8b000 r--p 00007000 08:01 2365583                    /usr/lib/x86_64-linux-gnu/libogg.so.0.8.1
7f5d96b8b000-7f5d96b8c000 rw-p 00008000 08:01 2365583                    /usr/lib/x86_64-linux-gnu/libogg.so.0.8.1
7f5d96b8c000-7f5d96bb8000 r-xp 00000000 08:01 2368362                    /usr/lib/x86_64-linux-gnu/libvorbis.so.0.4.5
7f5d96bb8000-7f5d96db7000 ---p 0002c000 08:01 2368362                    /usr/lib/x86_64-linux-gnu/libvorbis.so.0.4.5
7f5d96db7000-7f5d96db8000 r--p 0002b000 08:01 2368362                    /usr/lib/x86_64-linux-gnu/libvorbis.so.0.4.5
7f5d96db8000-7f5d96db9000 rw-p 0002c000 08:01 2368362                    /usr/lib/x86_64-linux-gnu/libvorbis.so.0.4.5
7f5d96db9000-7f5d96dc2000 r-xp 00000000 08:01 2362152                    /usr/lib/x86_64-linux-gnu/libltdl.so.7.3.0
7f5d96dc2000-7f5d96fc1000 ---p 00009000 08:01 2362152                    /usr/lib/x86_64-linux-gnu/libltdl.so.7.3.0
7f5d96fc1000-7f5d96fc2000 r--p 00008000 08:01 2362152                    /usr/lib/x86_64-linux-gnu/libltdl.so.7.3.0
7f5d96fc2000-7f5d96fc3000 rw-p 00009000 08:01 2362152                    /usr/lib/x86_64-linux-gnu/libltdl.so.7.3.0
7f5d96fc3000-7f5d96fd7000 r-xp 00000000 08:01 2363794                    /usr/lib/x86_64-linux-gnu/libtdb.so.1.3.8
7f5d96fd7000-7f5d971d6000 ---p 00014000 08:01 2363794                    /usr/lib/x86_64-linux-gnu/libtdb.so.1.3.8
7f5d971d6000-7f5d971d7000 r--p 00013000 08:01 2363794                    /usr/lib/x86_64-linux-gnu/libtdb.so.1.3.8
7f5d971d7000-7f5d971d8000 rw-p 00014000 08:01 2363794                    /usr/lib/x86_64-linux-gnu/libtdb.so.1.3.8
7f5d971d8000-7f5d971df000 r-xp 00000000 08:01 2366946                    /usr/lib/x86_64-linux-gnu/libvorbisfile.so.3.3.4
7f5d971df000-7f5d973de000 ---p 00007000 08:01 2366946                    /usr/lib/x86_64-linux-gnu/libvorbisfile.so.3.3.4
7f5d973de000-7f5d973df000 r--p 00006000 08:01 2366946                    /usr/lib/x86_64-linux-gnu/libvorbisfile.so.3.3.4
7f5d973df000-7f5d973e0000 rw-p 00007000 08:01 2366946                    /usr/lib/x86_64-linux-gnu/libvorbisfile.so.3.3.4
7f5d973e0000-7f5d973ef000 r-xp 00000000 08:01 2367576                    /usr/lib/x86_64-linux-gnu/libcanberra.so.0.2.5
7f5d973ef000-7f5d975ee000 ---p 0000f000 08:01 2367576                    /usr/lib/x86_64-linux-gnu/libcanberra.so.0.2.5
7f5d975ee000-7f5d975ef000 r--p 0000e000 08:01 2367576                    /usr/lib/x86_64-linux-gnu/libcanberra.so.0.2.5
7f5d975ef000-7f5d975f0000 rw-p 0000f000 08:01 2367576                    /usr/lib/x86_64-linux-gnu/libcanberra.so.0.2.5
7f5d975f0000-7f5d975f4000 r-xp 00000000 08:01 2360822                    /usr/lib/x86_64-linux-gnu/libcanberra-gtk.so.0.1.9
7f5d975f4000-7f5d977f3000 ---p 00004000 08:01 2360822                    /usr/lib/x86_64-linux-gnu/libcanberra-gtk.so.0.1.9
7f5d977f3000-7f5d977f4000 r--p 00003000 08:01 2360822                    /usr/lib/x86_64-linux-gnu/libcanberra-gtk.so.0.1.9
7f5d977f4000-7f5d977f5000 rw-p 00004000 08:01 2360822                    /usr/lib/x86_64-linux-gnu/libcanberra-gtk.so.0.1.9
7f5d977f5000-7f5d977f9000 r--s 00000000 08:01 533110                     /var/cache/fontconfig/4d6aee6d44eccb37054d3216e945f618-le64.cache-4
7f5d977f9000-7f5d977fd000 r--s 00000000 08:01 533103                     /var/cache/fontconfig/d6c6df98c3df5faf9bd0f8ef4d91efe5-le64.cache-4
7f5d977fd000-7f5d97801000 r--s 00000000 08:01 533090                     /var/cache/fontconfig/9fb319ef52839f11ee26ab8b4cffa12b-le64.cache-4
7f5d97801000-7f5d97804000 r--s 00000000 08:01 533081                     /var/cache/fontconfig/c19b55eb3b4c5b40ea175e31682068a5-le64.cache-4
7f5d97804000-7f5d97811000 r--s 00000000 08:01 805433                     /var/cache/fontconfig/8f02d4cb045bd6ce15663e43f347c9f8-le64.cache-4
7f5d97811000-7f5d9782f000 r--s 00000000 08:01 805431                     /var/cache/fontconfig/467c019e582ee353435ea5c21d137ef6-le64.cache-4
7f5d9782f000-7f5d97834000 r-xp 00000000 08:01 3016927                    /usr/lib/x86_64-linux-gnu/gtk-2.0/modules/libcanberra-gtk-module.so
7f5d97834000-7f5d97a33000 ---p 00005000 08:01 3016927                    /usr/lib/x86_64-linux-gnu/gtk-2.0/modules/libcanberra-gtk-module.so
7f5d97a33000-7f5d97a34000 r--p 00004000 08:01 3016927                    /usr/lib/x86_64-linux-gnu/gtk-2.0/modules/libcanberra-gtk-module.so
7f5d97a34000-7f5d97a35000 rw-p 00005000 08:01 3016927                    /usr/lib/x86_64-linux-gnu/gtk-2.0/modules/libcanberra-gtk-module.so
7f5d97a35000-7f5d97a5e000 r-xp 00000000 08:01 2634342                    /usr/lib/jvm/java-8-oracle/jre/lib/amd64/libglass.so
7f5d97a5e000-7f5d97c5d000 ---p 00029000 08:01 2634342                    /usr/lib/jvm/java-8-oracle/jre/lib/amd64/libglass.so
7f5d97c5d000-7f5d97c60000 rw-p 00028000 08:01 2634342                    /usr/lib/jvm/java-8-oracle/jre/lib/amd64/libglass.so
7f5d97ca9000-7f5d97cb0000 ---p 00000000 00:00 0 
7f5d97cb0000-7f5d97cc0000 rw-p 00000000 00:00 0 
7f5d97cc0000-7f5d97cd0000 ---p 00000000 00:00 0 
7f5d97cd0000-7f5d97ce0000 rw-p 00000000 00:00 0 
7f5d97ce0000-7f5d97cf0000 ---p 00000000 00:00 0 
7f5d97cf0000-7f5d97d00000 rw-p 00000000 00:00 0 
7f5d97d00000-7f5d97d10000 ---p 00000000 00:00 0 
7f5d97d10000-7f5d97d20000 rw-p 00000000 00:00 0 
7f5d97d20000-7f5d97d30000 ---p 00000000 00:00 0 
7f5d97d30000-7f5d97d40000 rw-p 00000000 00:00 0 
7f5d97d40000-7f5d97d44000 ---p 00000000 00:00 0 
7f5d97d44000-7f5d97d60000 r--s 00393000 08:01 2626926                    /usr/lib/jvm/java-8-oracle/jre/lib/ext/cldrdata.jar
7f5d97d60000-7f5d97d66000 r-xp 00000000 08:01 2361144                    /usr/lib/x86_64-linux-gnu/libdatrie.so.1.3.1
7f5d97d66000-7f5d97f65000 ---p 00006000 08:01 2361144                    /usr/lib/x86_64-linux-gnu/libdatrie.so.1.3.1
7f5d97f65000-7f5d97f66000 r--p 00005000 08:01 2361144                    /usr/lib/x86_64-linux-gnu/libdatrie.so.1.3.1
7f5d97f66000-7f5d97f67000 rw-p 00006000 08:01 2361144                    /usr/lib/x86_64-linux-gnu/libdatrie.so.1.3.1
7f5d97f67000-7f5d97f6c000 r-xp 00000000 08:01 2361092                    /usr/lib/x86_64-linux-gnu/libXdmcp.so.6.0.0
7f5d97f6c000-7f5d9816b000 ---p 00005000 08:01 2361092                    /usr/lib/x86_64-linux-gnu/libXdmcp.so.6.0.0
7f5d9816b000-7f5d9816c000 r--p 00004000 08:01 2361092                    /usr/lib/x86_64-linux-gnu/libXdmcp.so.6.0.0
7f5d9816c000-7f5d9816d000 rw-p 00005000 08:01 2361092                    /usr/lib/x86_64-linux-gnu/libXdmcp.so.6.0.0
7f5d9816d000-7f5d9816f000 r-xp 00000000 08:01 2364370                    /usr/lib/x86_64-linux-gnu/libXau.so.6.0.0
7f5d9816f000-7f5d9836f000 ---p 00002000 08:01 2364370                    /usr/lib/x86_64-linux-gnu/libXau.so.6.0.0
7f5d9836f000-7f5d98370000 r--p 00002000 08:01 2364370                    /usr/lib/x86_64-linux-gnu/libXau.so.6.0.0
7f5d98370000-7f5d98371000 rw-p 00003000 08:01 2364370                    /usr/lib/x86_64-linux-gnu/libXau.so.6.0.0
7f5d98371000-7f5d98395000 r-xp 00000000 08:01 2359460                    /usr/lib/x86_64-linux-gnu/libgraphite2.so.3.0.1
7f5d98395000-7f5d98594000 ---p 00024000 08:01 2359460                    /usr/lib/x86_64-linux-gnu/libgraphite2.so.3.0.1
7f5d98594000-7f5d98596000 r--p 00023000 08:01 2359460                    /usr/lib/x86_64-linux-gnu/libgraphite2.so.3.0.1
7f5d98596000-7f5d98597000 rw-p 00025000 08:01 2359460                    /usr/lib/x86_64-linux-gnu/libgraphite2.so.3.0.1
7f5d98597000-7f5d99f59000 r-xp 00000000 08:01 2369990                    /usr/lib/nvidia-340-updates/libnvidia-glcore.so.340.96
7f5d99f59000-7f5d99f77000 rwxp 019c2000 08:01 2369990                    /usr/lib/nvidia-340-updates/libnvidia-glcore.so.340.96
7f5d99f77000-7f5d9a3f5000 r-xp 019e0000 08:01 2369990                    /usr/lib/nvidia-340-updates/libnvidia-glcore.so.340.96
7f5d9a3f5000-7f5d9a5f4000 ---p 01e5e000 08:01 2369990                    /usr/lib/nvidia-340-updates/libnvidia-glcore.so.340.96
7f5d9a5f4000-7f5d9b18e000 rw-p 01e5d000 08:01 2369990                    /usr/lib/nvidia-340-updates/libnvidia-glcore.so.340.96
7f5d9b18e000-7f5d9b1ab000 rw-p 00000000 00:00 0 
7f5d9b1ab000-7f5d9b1ae000 r-xp 00000000 08:01 2368518                    /usr/lib/nvidia-340-updates/tls/libnvidia-tls.so.340.96
7f5d9b1ae000-7f5d9b3ad000 ---p 00003000 08:01 2368518                    /usr/lib/nvidia-340-updates/tls/libnvidia-tls.so.340.96
7f5d9b3ad000-7f5d9b3ae000 rw-p 00002000 08:01 2368518                    /usr/lib/nvidia-340-updates/tls/libnvidia-tls.so.340.96
7f5d9b3ae000-7f5d9b3eb000 r-xp 00000000 08:01 12848537                   /lib/x86_64-linux-gnu/libpcre.so.3.13.1
7f5d9b3eb000-7f5d9b5ea000 ---p 0003d000 08:01 12848537                   /lib/x86_64-linux-gnu/libpcre.so.3.13.1
7f5d9b5ea000-7f5d9b5eb000 r--p 0003c000 08:01 12848537                   /lib/x86_64-linux-gnu/libpcre.so.3.13.1
7f5d9b5eb000-7f5d9b5ec000 rw-p 0003d000 08:01 12848537                   /lib/x86_64-linux-gnu/libpcre.so.3.13.1
7f5d9b5ec000-7f5d9b5f3000 r-xp 00000000 08:01 2361550                    /usr/lib/x86_64-linux-gnu/libffi.so.6.0.1
7f5d9b5f3000-7f5d9b7f2000 ---p 00007000 08:01 2361550                    /usr/lib/x86_64-linux-gnu/libffi.so.6.0.1
7f5d9b7f2000-7f5d9b7f3000 r--p 00006000 08:01 2361550                    /usr/lib/x86_64-linux-gnu/libffi.so.6.0.1
7f5d9b7f3000-7f5d9b7f4000 rw-p 00007000 08:01 2361550                    /usr/lib/x86_64-linux-gnu/libffi.so.6.0.1
7f5d9b7f4000-7f5d9b81b000 r-xp 00000000 08:01 12845468                   /lib/x86_64-linux-gnu/libexpat.so.1.6.0
7f5d9b81b000-7f5d9ba1b000 ---p 00027000 08:01 12845468                   /lib/x86_64-linux-gnu/libexpat.so.1.6.0
7f5d9ba1b000-7f5d9ba1d000 r--p 00027000 08:01 12845468                   /lib/x86_64-linux-gnu/libexpat.so.1.6.0
7f5d9ba1d000-7f5d9ba1e000 rw-p 00029000 08:01 12845468                   /lib/x86_64-linux-gnu/libexpat.so.1.6.0
7f5d9ba1e000-7f5d9ba26000 r-xp 00000000 08:01 2361136                    /usr/lib/x86_64-linux-gnu/libthai.so.0.2.0
7f5d9ba26000-7f5d9bc25000 ---p 00008000 08:01 2361136                    /usr/lib/x86_64-linux-gnu/libthai.so.0.2.0
7f5d9bc25000-7f5d9bc26000 r--p 00007000 08:01 2361136                    /usr/lib/x86_64-linux-gnu/libthai.so.0.2.0
7f5d9bc26000-7f5d9bc27000 rw-p 00008000 08:01 2361136                    /usr/lib/x86_64-linux-gnu/libthai.so.0.2.0
7f5d9bc27000-7f5d9bc44000 r-xp 00000000 08:01 2361124                    /usr/lib/x86_64-linux-gnu/libxcb.so.1.1.0
7f5d9bc44000-7f5d9be44000 ---p 0001d000 08:01 2361124                    /usr/lib/x86_64-linux-gnu/libxcb.so.1.1.0
7f5d9be44000-7f5d9be45000 r--p 0001d000 08:01 2361124                    /usr/lib/x86_64-linux-gnu/libxcb.so.1.1.0
7f5d9be45000-7f5d9be46000 rw-p 0001e000 08:01 2361124                    /usr/lib/x86_64-linux-gnu/libxcb.so.1.1.0
7f5d9be46000-7f5d9be4e000 r-xp 00000000 08:01 2361194                    /usr/lib/x86_64-linux-gnu/libxcb-render.so.0.0.0
7f5d9be4e000-7f5d9c04d000 ---p 00008000 08:01 2361194                    /usr/lib/x86_64-linux-gnu/libxcb-render.so.0.0.0
7f5d9c04d000-7f5d9c04e000 r--p 00007000 08:01 2361194                    /usr/lib/x86_64-linux-gnu/libxcb-render.so.0.0.0
7f5d9c04e000-7f5d9c04f000 rw-p 00008000 08:01 2361194                    /usr/lib/x86_64-linux-gnu/libxcb-render.so.0.0.0
7f5d9c04f000-7f5d9c051000 r-xp 00000000 08:01 2361112                    /usr/lib/x86_64-linux-gnu/libxcb-shm.so.0.0.0
7f5d9c051000-7f5d9c250000 ---p 00002000 08:01 2361112                    /usr/lib/x86_64-linux-gnu/libxcb-shm.so.0.0.0
7f5d9c250000-7f5d9c251000 r--p 00001000 08:01 2361112                    /usr/lib/x86_64-linux-gnu/libxcb-shm.so.0.0.0
7f5d9c251000-7f5d9c252000 rw-p 00002000 08:01 2361112                    /usr/lib/x86_64-linux-gnu/libxcb-shm.so.0.0.0
7f5d9c252000-7f5d9c277000 r-xp 00000000 08:01 12845064                   /lib/x86_64-linux-gnu/libpng12.so.0.50.0
7f5d9c277000-7f5d9c476000 ---p 00025000 08:01 12845064                   /lib/x86_64-linux-gnu/libpng12.so.0.50.0
7f5d9c476000-7f5d9c477000 r--p 00024000 08:01 12845064                   /lib/x86_64-linux-gnu/libpng12.so.0.50.0
7f5d9c477000-7f5d9c478000 rw-p 00025000 08:01 12845064                   /lib/x86_64-linux-gnu/libpng12.so.0.50.0
7f5d9c478000-7f5d9c518000 r-xp 00000000 08:01 2359335                    /usr/lib/x86_64-linux-gnu/libpixman-1.so.0.30.2
7f5d9c518000-7f5d9c718000 ---p 000a0000 08:01 2359335                    /usr/lib/x86_64-linux-gnu/libpixman-1.so.0.30.2
7f5d9c718000-7f5d9c71f000 r--p 000a0000 08:01 2359335                    /usr/lib/x86_64-linux-gnu/libpixman-1.so.0.30.2
7f5d9c71f000-7f5d9c720000 rw-p 000a7000 08:01 2359335                    /usr/lib/x86_64-linux-gnu/libpixman-1.so.0.30.2
7f5d9c720000-7f5d9c773000 r-xp 00000000 08:01 2365345                    /usr/lib/x86_64-linux-gnu/libharfbuzz.so.0.927.0
7f5d9c773000-7f5d9c973000 ---p 00053000 08:01 2365345                    /usr/lib/x86_64-linux-gnu/libharfbuzz.so.0.927.0
7f5d9c973000-7f5d9c974000 r--p 00053000 08:01 2365345                    /usr/lib/x86_64-linux-gnu/libharfbuzz.so.0.927.0
7f5d9c974000-7f5d9c975000 rw-p 00054000 08:01 2365345                    /usr/lib/x86_64-linux-gnu/libharfbuzz.so.0.927.0
7f5d9c975000-7f5d9c98c000 r-xp 00000000 08:01 12845351                   /lib/x86_64-linux-gnu/libresolv-2.19.so
7f5d9c98c000-7f5d9cb8c000 ---p 00017000 08:01 12845351                   /lib/x86_64-linux-gnu/libresolv-2.19.so
7f5d9cb8c000-7f5d9cb8d000 r--p 00017000 08:01 12845351                   /lib/x86_64-linux-gnu/libresolv-2.19.so
7f5d9cb8d000-7f5d9cb8e000 rw-p 00018000 08:01 12845351                   /lib/x86_64-linux-gnu/libresolv-2.19.so
7f5d9cb8e000-7f5d9cb90000 rw-p 00000000 00:00 0 
7f5d9cb90000-7f5d9cbb0000 r-xp 00000000 08:01 12845551                   /lib/x86_64-linux-gnu/libselinux.so.1
7f5d9cbb0000-7f5d9cdaf000 ---p 00020000 08:01 12845551                   /lib/x86_64-linux-gnu/libselinux.so.1
7f5d9cdaf000-7f5d9cdb0000 r--p 0001f000 08:01 12845551                   /lib/x86_64-linux-gnu/libselinux.so.1
7f5d9cdb0000-7f5d9cdb1000 rw-p 00020000 08:01 12845551                   /lib/x86_64-linux-gnu/libselinux.so.1
7f5d9cdb1000-7f5d9cdb3000 rw-p 00000000 00:00 0 
7f5d9cdb3000-7f5d9cdcb000 r-xp 00000000 08:01 12845181                   /lib/x86_64-linux-gnu/libz.so.1.2.8
7f5d9cdcb000-7f5d9cfca000 ---p 00018000 08:01 12845181                   /lib/x86_64-linux-gnu/libz.so.1.2.8
7f5d9cfca000-7f5d9cfcb000 r--p 00017000 08:01 12845181                   /lib/x86_64-linux-gnu/libz.so.1.2.8
7f5d9cfcb000-7f5d9cfcc000 rw-p 00018000 08:01 12845181                   /lib/x86_64-linux-gnu/libz.so.1.2.8
7f5d9cfcc000-7f5d9cfdd000 r-xp 00000000 08:01 2359372                    /usr/lib/x86_64-linux-gnu/libXext.so.6.4.0
7f5d9cfdd000-7f5d9d1dc000 ---p 00011000 08:01 2359372                    /usr/lib/x86_64-linux-gnu/libXext.so.6.4.0
7f5d9d1dc000-7f5d9d1dd000 r--p 00010000 08:01 2359372                    /usr/lib/x86_64-linux-gnu/libXext.so.6.4.0
7f5d9d1dd000-7f5d9d1de000 rw-p 00011000 08:01 2359372                    /usr/lib/x86_64-linux-gnu/libXext.so.6.4.0
7f5d9d1de000-7f5d9d1e0000 r-xp 00000000 08:01 2364521                    /usr/lib/x86_64-linux-gnu/libXdamage.so.1.1.0
7f5d9d1e0000-7f5d9d3df000 ---p 00002000 08:01 2364521                    /usr/lib/x86_64-linux-gnu/libXdamage.so.1.1.0
7f5d9d3df000-7f5d9d3e0000 r--p 00001000 08:01 2364521                    /usr/lib/x86_64-linux-gnu/libXdamage.so.1.1.0
7f5d9d3e0000-7f5d9d3e1000 rw-p 00002000 08:01 2364521                    /usr/lib/x86_64-linux-gnu/libXdamage.so.1.1.0
7f5d9d3e1000-7f5d9d3e3000 r-xp 00000000 08:01 2360815                    /usr/lib/x86_64-linux-gnu/libXcomposite.so.1.0.0
7f5d9d3e3000-7f5d9d5e2000 ---p 00002000 08:01 2360815                    /usr/lib/x86_64-linux-gnu/libXcomposite.so.1.0.0
7f5d9d5e2000-7f5d9d5e3000 r--p 00001000 08:01 2360815                    /usr/lib/x86_64-linux-gnu/libXcomposite.so.1.0.0
7f5d9d5e3000-7f5d9d5e4000 rw-p 00002000 08:01 2360815                    /usr/lib/x86_64-linux-gnu/libXcomposite.so.1.0.0
7f5d9d5e4000-7f5d9d5ed000 r-xp 00000000 08:01 2362289                    /usr/lib/x86_64-linux-gnu/libXcursor.so.1.0.2
7f5d9d5ed000-7f5d9d7ec000 ---p 00009000 08:01 2362289                    /usr/lib/x86_64-linux-gnu/libXcursor.so.1.0.2
7f5d9d7ec000-7f5d9d7ed000 r--p 00008000 08:01 2362289                    /usr/lib/x86_64-linux-gnu/libXcursor.so.1.0.2
7f5d9d7ed000-7f5d9d7ee000 rw-p 00009000 08:01 2362289                    /usr/lib/x86_64-linux-gnu/libXcursor.so.1.0.2
7f5d9d7ee000-7f5d9d7f7000 r-xp 00000000 08:01 2363136                    /usr/lib/x86_64-linux-gnu/libXrandr.so.2.2.0
7f5d9d7f7000-7f5d9d9f6000 ---p 00009000 08:01 2363136                    /usr/lib/x86_64-linux-gnu/libXrandr.so.2.2.0
7f5d9d9f6000-7f5d9d9f7000 r--p 00008000 08:01 2363136                    /usr/lib/x86_64-linux-gnu/libXrandr.so.2.2.0
7f5d9d9f7000-7f5d9d9f8000 rw-p 00009000 08:01 2363136                    /usr/lib/x86_64-linux-gnu/libXrandr.so.2.2.0
7f5d9d9f8000-7f5d9da07000 r-xp 00000000 08:01 2362723                    /usr/lib/x86_64-linux-gnu/libXi.so.6.1.0
7f5d9da07000-7f5d9dc06000 ---p 0000f000 08:01 2362723                    /usr/lib/x86_64-linux-gnu/libXi.so.6.1.0
7f5d9dc06000-7f5d9dc07000 r--p 0000e000 08:01 2362723                    /usr/lib/x86_64-linux-gnu/libXi.so.6.1.0
7f5d9dc07000-7f5d9dc08000 rw-p 0000f000 08:01 2362723                    /usr/lib/x86_64-linux-gnu/libXi.so.6.1.0
7f5d9dc08000-7f5d9dc0a000 r-xp 00000000 08:01 2362877                    /usr/lib/x86_64-linux-gnu/libXinerama.so.1.0.0
7f5d9dc0a000-7f5d9de09000 ---p 00002000 08:01 2362877                    /usr/lib/x86_64-linux-gnu/libXinerama.so.1.0.0
7f5d9de09000-7f5d9de0a000 r--p 00001000 08:01 2362877                    /usr/lib/x86_64-linux-gnu/libXinerama.so.1.0.0
7f5d9de0a000-7f5d9de0b000 rw-p 00002000 08:01 2362877                    /usr/lib/x86_64-linux-gnu/libXinerama.so.1.0.0
7f5d9de0b000-7f5d9de14000 r-xp 00000000 08:01 2361103                    /usr/lib/x86_64-linux-gnu/libXrender.so.1.3.0
7f5d9de14000-7f5d9e013000 ---p 00009000 08:01 2361103                    /usr/lib/x86_64-linux-gnu/libXrender.so.1.3.0
7f5d9e013000-7f5d9e014000 r--p 00008000 08:01 2361103                    /usr/lib/x86_64-linux-gnu/libXrender.so.1.3.0
7f5d9e014000-7f5d9e015000 rw-p 00009000 08:01 2361103                    /usr/lib/x86_64-linux-gnu/libXrender.so.1.3.0
7f5d9e015000-7f5d9e01a000 r-xp 00000000 08:01 2359794                    /usr/lib/x86_64-linux-gnu/libXfixes.so.3.1.0
7f5d9e01a000-7f5d9e219000 ---p 00005000 08:01 2359794                    /usr/lib/x86_64-linux-gnu/libXfixes.so.3.1.0
7f5d9e219000-7f5d9e21a000 r--p 00004000 08:01 2359794                    /usr/lib/x86_64-linux-gnu/libXfixes.so.3.1.0
7f5d9e21a000-7f5d9e21b000 rw-p 00005000 08:01 2359794                    /usr/lib/x86_64-linux-gnu/libXfixes.so.3.1.0
7f5d9e21b000-7f5d9e231000 r-xp 00000000 08:01 12845416                   /lib/x86_64-linux-gnu/libgcc_s.so.1
7f5d9e231000-7f5d9e430000 ---p 00016000 08:01 12845416                   /lib/x86_64-linux-gnu/libgcc_s.so.1
7f5d9e430000-7f5d9e431000 rw-p 00015000 08:01 12845416                   /lib/x86_64-linux-gnu/libgcc_s.so.1
7f5d9e431000-7f5d9e517000 r-xp 00000000 08:01 2361062                    /usr/lib/x86_64-linux-gnu/libstdc++.so.6.0.19
7f5d9e517000-7f5d9e716000 ---p 000e6000 08:01 2361062                    /usr/lib/x86_64-linux-gnu/libstdc++.so.6.0.19
7f5d9e716000-7f5d9e71e000 r--p 000e5000 08:01 2361062                    /usr/lib/x86_64-linux-gnu/libstdc++.so.6.0.19
7f5d9e71e000-7f5d9e720000 rw-p 000ed000 08:01 2361062                    /usr/lib/x86_64-linux-gnu/libstdc++.so.6.0.19
7f5d9e720000-7f5d9e735000 rw-p 00000000 00:00 0 
7f5d9e735000-7f5d9e7fc000 r-xp 00000000 08:01 2370030                    /usr/lib/nvidia-340-updates/libGL.so.340.96
7f5d9e7fc000-7f5d9e82b000 rwxp 000c7000 08:01 2370030                    /usr/lib/nvidia-340-updates/libGL.so.340.96
7f5d9e82b000-7f5d9e847000 r-xp 000f6000 08:01 2370030                    /usr/lib/nvidia-340-updates/libGL.so.340.96
7f5d9e847000-7f5d9ea46000 ---p 00112000 08:01 2370030                    /usr/lib/nvidia-340-updates/libGL.so.340.96
7f5d9ea46000-7f5d9ea6b000 rw-p 00111000 08:01 2370030                    /usr/lib/nvidia-340-updates/libGL.so.340.96
7f5d9ea6b000-7f5d9ea81000 rw-p 00000000 00:00 0 
7f5d9ea81000-7f5d9ea85000 r-xp 00000000 08:01 2376235                    /usr/lib/x86_64-linux-gnu/libXxf86vm.so.1.0.0
7f5d9ea85000-7f5d9ec85000 ---p 00004000 08:01 2376235                    /usr/lib/x86_64-linux-gnu/libXxf86vm.so.1.0.0
7f5d9ec85000-7f5d9ec86000 r--p 00004000 08:01 2376235                    /usr/lib/x86_64-linux-gnu/libXxf86vm.so.1.0.0
7f5d9ec86000-7f5d9ec87000 rw-p 00005000 08:01 2376235                    /usr/lib/x86_64-linux-gnu/libXxf86vm.so.1.0.0
7f5d9ec87000-7f5d9edb7000 r-xp 00000000 08:01 2361246                    /usr/lib/x86_64-linux-gnu/libX11.so.6.3.0
7f5d9edb7000-7f5d9efb7000 ---p 00130000 08:01 2361246                    /usr/lib/x86_64-linux-gnu/libX11.so.6.3.0
7f5d9efb7000-7f5d9efb8000 r--p 00130000 08:01 2361246                    /usr/lib/x86_64-linux-gnu/libX11.so.6.3.0
7f5d9efb8000-7f5d9efbc000 rw-p 00131000 08:01 2361246                    /usr/lib/x86_64-linux-gnu/libX11.so.6.3.0
7f5d9efbc000-7f5d9efc1000 r-xp 00000000 08:01 2361160                    /usr/lib/x86_64-linux-gnu/libXtst.so.6.1.0
7f5d9efc1000-7f5d9f1c0000 ---p 00005000 08:01 2361160                    /usr/lib/x86_64-linux-gnu/libXtst.so.6.1.0
7f5d9f1c0000-7f5d9f1c1000 r--p 00004000 08:01 2361160                    /usr/lib/x86_64-linux-gnu/libXtst.so.6.1.0
7f5d9f1c1000-7f5d9f1c2000 rw-p 00005000 08:01 2361160                    /usr/lib/x86_64-linux-gnu/libXtst.so.6.1.0
7f5d9f1c2000-7f5d9f2c8000 r-xp 00000000 08:01 12851802                   /lib/x86_64-linux-gnu/libglib-2.0.so.0.4002.0
7f5d9f2c8000-7f5d9f4c7000 ---p 00106000 08:01 12851802                   /lib/x86_64-linux-gnu/libglib-2.0.so.0.4002.0
7f5d9f4c7000-7f5d9f4c8000 r--p 00105000 08:01 12851802                   /lib/x86_64-linux-gnu/libglib-2.0.so.0.4002.0
7f5d9f4c8000-7f5d9f4c9000 rw-p 00106000 08:01 12851802                   /lib/x86_64-linux-gnu/libglib-2.0.so.0.4002.0
7f5d9f4c9000-7f5d9f4ca000 rw-p 00000000 00:00 0 
7f5d9f4ca000-7f5d9f4cb000 r-xp 00000000 08:01 2364361                    /usr/lib/x86_64-linux-gnu/libgthread-2.0.so.0.4002.0
7f5d9f4cb000-7f5d9f6ca000 ---p 00001000 08:01 2364361                    /usr/lib/x86_64-linux-gnu/libgthread-2.0.so.0.4002.0
7f5d9f6ca000-7f5d9f6cb000 r--p 00000000 08:01 2364361                    /usr/lib/x86_64-linux-gnu/libgthread-2.0.so.0.4002.0
7f5d9f6cb000-7f5d9f6cc000 rw-p 00001000 08:01 2364361                    /usr/lib/x86_64-linux-gnu/libgthread-2.0.so.0.4002.0
7f5d9f6cc000-7f5d9f6cf000 r-xp 00000000 08:01 2363694                    /usr/lib/x86_64-linux-gnu/libgmodule-2.0.so.0.4002.0
7f5d9f6cf000-7f5d9f8ce000 ---p 00003000 08:01 2363694                    /usr/lib/x86_64-linux-gnu/libgmodule-2.0.so.0.4002.0
7f5d9f8ce000-7f5d9f8cf000 r--p 00002000 08:01 2363694                    /usr/lib/x86_64-linux-gnu/libgmodule-2.0.so.0.4002.0
7f5d9f8cf000-7f5d9f8d0000 rw-p 00003000 08:01 2363694                    /usr/lib/x86_64-linux-gnu/libgmodule-2.0.so.0.4002.0
7f5d9f8d0000-7f5d9f91f000 r-xp 00000000 08:01 2364143                    /usr/lib/x86_64-linux-gnu/libgobject-2.0.so.0.4002.0
7f5d9f91f000-7f5d9fb1f000 ---p 0004f000 08:01 2364143                    /usr/lib/x86_64-linux-gnu/libgobject-2.0.so.0.4002.0
7f5d9fb1f000-7f5d9fb20000 r--p 0004f000 08:01 2364143                    /usr/lib/x86_64-linux-gnu/libgobject-2.0.so.0.4002.0
7f5d9fb20000-7f5d9fb21000 rw-p 00050000 08:01 2364143                    /usr/lib/x86_64-linux-gnu/libgobject-2.0.so.0.4002.0
7f5d9fb21000-7f5d9fb5b000 r-xp 00000000 08:01 2364067                    /usr/lib/x86_64-linux-gnu/libfontconfig.so.1.8.0
7f5d9fb5b000-7f5d9fd5a000 ---p 0003a000 08:01 2364067                    /usr/lib/x86_64-linux-gnu/libfontconfig.so.1.8.0
7f5d9fd5a000-7f5d9fd5c000 r--p 00039000 08:01 2364067                    /usr/lib/x86_64-linux-gnu/libfontconfig.so.1.8.0
7f5d9fd5c000-7f5d9fd5d000 rw-p 0003b000 08:01 2364067                    /usr/lib/x86_64-linux-gnu/libfontconfig.so.1.8.0
7f5d9fd5d000-7f5d9fdfa000 r-xp 00000000 08:01 2361695                    /usr/lib/x86_64-linux-gnu/libfreetype.so.6.11.1
7f5d9fdfa000-7f5d9fff9000 ---p 0009d000 08:01 2361695                    /usr/lib/x86_64-linux-gnu/libfreetype.so.6.11.1
7f5d9fff9000-7f5d9ffff000 r--p 0009c000 08:01 2361695                    /usr/lib/x86_64-linux-gnu/libfreetype.so.6.11.1
7f5d9ffff000-7f5da0000000 rw-p 000a2000 08:01 2361695                    /usr/lib/x86_64-linux-gnu/libfreetype.so.6.11.1
7f5da0000000-7f5da0021000 rw-p 00000000 00:00 0 
7f5da0021000-7f5da4000000 ---p 00000000 00:00 0 
7f5da4000000-7f5da48d3000 rw-p 00000000 00:00 0 
7f5da48d3000-7f5da8000000 ---p 00000000 00:00 0 
7f5da8000000-7f5da82cf000 rw-p 00000000 00:00 0 
7f5da82cf000-7f5dac000000 ---p 00000000 00:00 0 
7f5dac000000-7f5dac021000 rw-p 00000000 00:00 0 
7f5dac021000-7f5db0000000 ---p 00000000 00:00 0 
7f5db0000000-7f5db03a8000 rw-p 00000000 00:00 0 
7f5db03a8000-7f5db4000000 ---p 00000000 00:00 0 
7f5db4000000-7f5db4930000 rw-p 00000000 00:00 0 
7f5db4930000-7f5db8000000 ---p 00000000 00:00 0 
7f5db8000000-7f5db8021000 rw-p 00000000 00:00 0 
7f5db8021000-7f5dbc000000 ---p 00000000 00:00 0 
7f5dbc000000-7f5dbc617000 rw-p 00000000 00:00 0 
7f5dbc617000-7f5dc0000000 ---p 00000000 00:00 0 
7f5dc0000000-7f5dc0021000 rw-p 00000000 00:00 0 
7f5dc0021000-7f5dc4000000 ---p 00000000 00:00 0 
7f5dc4000000-7f5dc4021000 rw-p 00000000 00:00 0 
7f5dc4021000-7f5dc8000000 ---p 00000000 00:00 0 
7f5dc8000000-7f5dc8021000 rw-p 00000000 00:00 0 
7f5dc8021000-7f5dcc000000 ---p 00000000 00:00 0 
7f5dcc000000-7f5dcc010000 rw-p 00000000 00:00 0 
7f5dcc010000-7f5dcc090000 rw-s 48d46000 00:05 17575                      /dev/nvidiactl
7f5dcc090000-7f5dcc0d0000 rw-s 1a20b8000 00:05 17575                     /dev/nvidiactl
7f5dcc0d0000-7f5dcc184000 rw-s 135b63000 00:05 17575                     /dev/nvidiactl
7f5dcc184000-7f5dcc1ce000 r-xp 00000000 08:01 2359807                    /usr/lib/x86_64-linux-gnu/libpango-1.0.so.0.3600.3
7f5dcc1ce000-7f5dcc3ce000 ---p 0004a000 08:01 2359807                    /usr/lib/x86_64-linux-gnu/libpango-1.0.so.0.3600.3
7f5dcc3ce000-7f5dcc3d0000 r--p 0004a000 08:01 2359807                    /usr/lib/x86_64-linux-gnu/libpango-1.0.so.0.3600.3
7f5dcc3d0000-7f5dcc3d1000 rw-p 0004c000 08:01 2359807                    /usr/lib/x86_64-linux-gnu/libpango-1.0.so.0.3600.3
7f5dcc3d1000-7f5dcc4d7000 r-xp 00000000 08:01 2365356                    /usr/lib/x86_64-linux-gnu/libcairo.so.2.11301.0
7f5dcc4d7000-7f5dcc6d6000 ---p 00106000 08:01 2365356                    /usr/lib/x86_64-linux-gnu/libcairo.so.2.11301.0
7f5dcc6d6000-7f5dcc6d9000 r--p 00105000 08:01 2365356                    /usr/lib/x86_64-linux-gnu/libcairo.so.2.11301.0
7f5dcc6d9000-7f5dcc6da000 rw-p 00108000 08:01 2365356                    /usr/lib/x86_64-linux-gnu/libcairo.so.2.11301.0
7f5dcc6da000-7f5dcc6dc000 rw-p 00000000 00:00 0 
7f5dcc6dc000-7f5dcc6e7000 r-xp 00000000 08:01 2359827                    /usr/lib/x86_64-linux-gnu/libpangocairo-1.0.so.0.3600.3
7f5dcc6e7000-7f5dcc8e7000 ---p 0000b000 08:01 2359827                    /usr/lib/x86_64-linux-gnu/libpangocairo-1.0.so.0.3600.3
7f5dcc8e7000-7f5dcc8e8000 r--p 0000b000 08:01 2359827                    /usr/lib/x86_64-linux-gnu/libpangocairo-1.0.so.0.3600.3
7f5dcc8e8000-7f5dcc8e9000 rw-p 0000c000 08:01 2359827                    /usr/lib/x86_64-linux-gnu/libpangocairo-1.0.so.0.3600.3
7f5dcc8e9000-7f5dcc909000 r-xp 00000000 08:01 2359719                    /usr/lib/x86_64-linux-gnu/libgdk_pixbuf-2.0.so.0.3000.7
7f5dcc909000-7f5dccb08000 ---p 00020000 08:01 2359719                    /usr/lib/x86_64-linux-gnu/libgdk_pixbuf-2.0.so.0.3000.7
7f5dccb08000-7f5dccb09000 r--p 0001f000 08:01 2359719                    /usr/lib/x86_64-linux-gnu/libgdk_pixbuf-2.0.so.0.3000.7
7f5dccb09000-7f5dccb0a000 rw-p 00020000 08:01 2359719                    /usr/lib/x86_64-linux-gnu/libgdk_pixbuf-2.0.so.0.3000.7
7f5dccb0a000-7f5dccb1e000 r-xp 00000000 08:01 2362792                    /usr/lib/x86_64-linux-gnu/libpangoft2-1.0.so.0.3600.3
7f5dccb1e000-7f5dccd1d000 ---p 00014000 08:01 2362792                    /usr/lib/x86_64-linux-gnu/libpangoft2-1.0.so.0.3600.3
7f5dccd1d000-7f5dccd1e000 r--p 00013000 08:01 2362792                    /usr/lib/x86_64-linux-gnu/libpangoft2-1.0.so.0.3600.3
7f5dccd1e000-7f5dccd1f000 rw-p 00014000 08:01 2362792                    /usr/lib/x86_64-linux-gnu/libpangoft2-1.0.so.0.3600.3
7f5dccd1f000-7f5dcce8b000 r-xp 00000000 08:01 2364904                    /usr/lib/x86_64-linux-gnu/libgio-2.0.so.0.4002.0
7f5dcce8b000-7f5dcd08a000 ---p 0016c000 08:01 2364904                    /usr/lib/x86_64-linux-gnu/libgio-2.0.so.0.4002.0
7f5dcd08a000-7f5dcd08e000 r--p 0016b000 08:01 2364904                    /usr/lib/x86_64-linux-gnu/libgio-2.0.so.0.4002.0
7f5dcd08e000-7f5dcd090000 rw-p 0016f000 08:01 2364904                    /usr/lib/x86_64-linux-gnu/libgio-2.0.so.0.4002.0
7f5dcd090000-7f5dcd092000 rw-p 00000000 00:00 0 
7f5dcd092000-7f5dcd0b1000 r-xp 00000000 08:01 2360182                    /usr/lib/x86_64-linux-gnu/libatk-1.0.so.0.21009.1
7f5dcd0b1000-7f5dcd2b1000 ---p 0001f000 08:01 2360182                    /usr/lib/x86_64-linux-gnu/libatk-1.0.so.0.21009.1
7f5dcd2b1000-7f5dcd2b3000 r--p 0001f000 08:01 2360182                    /usr/lib/x86_64-linux-gnu/libatk-1.0.so.0.21009.1
7f5dcd2b3000-7f5dcd2b4000 rw-p 00021000 08:01 2360182                    /usr/lib/x86_64-linux-gnu/libatk-1.0.so.0.21009.1
7f5dcd2b4000-7f5dcd361000 r-xp 00000000 08:01 2364753                    /usr/lib/x86_64-linux-gnu/libgdk-x11-2.0.so.0.2400.23
7f5dcd361000-7f5dcd561000 ---p 000ad000 08:01 2364753                    /usr/lib/x86_64-linux-gnu/libgdk-x11-2.0.so.0.2400.23
7f5dcd561000-7f5dcd565000 r--p 000ad000 08:01 2364753                    /usr/lib/x86_64-linux-gnu/libgdk-x11-2.0.so.0.2400.23
7f5dcd565000-7f5dcd567000 rw-p 000b1000 08:01 2364753                    /usr/lib/x86_64-linux-gnu/libgdk-x11-2.0.so.0.2400.23
7f5dcd567000-7f5dcd997000 r-xp 00000000 08:01 2365160                    /usr/lib/x86_64-linux-gnu/libgtk-x11-2.0.so.0.2400.23
7f5dcd997000-7f5dcdb96000 ---p 00430000 08:01 2365160                    /usr/lib/x86_64-linux-gnu/libgtk-x11-2.0.so.0.2400.23
7f5dcdb96000-7f5dcdb9d000 r--p 0042f000 08:01 2365160                    /usr/lib/x86_64-linux-gnu/libgtk-x11-2.0.so.0.2400.23
7f5dcdb9d000-7f5dcdba1000 rw-p 00436000 08:01 2365160                    /usr/lib/x86_64-linux-gnu/libgtk-x11-2.0.so.0.2400.23
7f5dcdba1000-7f5dcdba4000 rw-p 00000000 00:00 0 
7f5dcdba4000-7f5dcdba5000 r--s 00000000 08:01 533119                     /var/cache/fontconfig/3334a778d104e76d188e9df399bc24d2-le64.cache-4
7f5dcdba5000-7f5dcdba6000 r--s 00000000 08:01 533080                     /var/cache/fontconfig/c277e94e32b20404286a1ddafa5a80f0-le64.cache-4
7f5dcdba6000-7f5dcdba9000 r--s 00000000 08:01 533069                     /var/cache/fontconfig/de83a0a961185c8bd1f159015d56c039-le64.cache-4
7f5dcdba9000-7f5dcdbae000 r--s 00000000 08:01 531710                     /var/cache/fontconfig/7ef2298fde41cc6eeb7af42e48b7d293-le64.cache-4
7f5dcdbae000-7f5dcdbbe000 rw-p 00000000 00:00 0 
7f5dcdbcf000-7f5dcdbd0000 rw-p 00000000 00:00 0 
7f5dcdbd0000-7f5dcdbd4000 r--s 00097000 08:01 2634296                    /usr/lib/jvm/java-8-oracle/jre/lib/jsse.jar
7f5dcdbd4000-7f5dcdbde000 r--s 00116000 08:01 2626925                    /usr/lib/jvm/java-8-oracle/jre/lib/ext/localedata.jar
7f5dcdbde000-7f5dcdbea000 r-xp 00000000 08:01 2634367                    /usr/lib/jvm/java-8-oracle/jre/lib/amd64/libprism_es2.so
7f5dcdbea000-7f5dcdde9000 ---p 0000c000 08:01 2634367                    /usr/lib/jvm/java-8-oracle/jre/lib/amd64/libprism_es2.so
7f5dcdde9000-7f5dcddea000 rw-p 0000b000 08:01 2634367                    /usr/lib/jvm/java-8-oracle/jre/lib/amd64/libprism_es2.so
7f5dcddea000-7f5dcdded000 ---p 00000000 00:00 0 
7f5dcdded000-7f5dcdeeb000 rw-p 00000000 00:00 0                          [stack:7384]
7f5dcdeeb000-7f5dcdf80000 r--s 01103000 08:01 2626929                    /usr/lib/jvm/java-8-oracle/jre/lib/ext/jfxrt.jar
7f5dcdf80000-7f5dcdf93000 r--s 000d6000 08:01 2634444                    /usr/lib/jvm/java-8-oracle/jre/lib/plugin.jar
7f5dcdf93000-7f5dcdf94000 ---p 00000000 00:00 0 
7f5dcdf94000-7f5dce094000 rw-p 00000000 00:00 0                          [stack:7383]
7f5dce094000-7f5dce097000 ---p 00000000 00:00 0 
7f5dce097000-7f5dce195000 rw-p 00000000 00:00 0                          [stack:7382]
7f5dce195000-7f5dce198000 ---p 00000000 00:00 0 
7f5dce198000-7f5dce296000 rw-p 00000000 00:00 0                          [stack:7381]
7f5dce296000-7f5dce299000 ---p 00000000 00:00 0 
7f5dce299000-7f5dce397000 rw-p 00000000 00:00 0                          [stack:7380]
7f5dce397000-7f5dce39a000 ---p 00000000 00:00 0 
7f5dce39a000-7f5dce498000 rw-p 00000000 00:00 0                          [stack:7379]
7f5dce498000-7f5dce49b000 ---p 00000000 00:00 0 
7f5dce49b000-7f5dce599000 rw-p 00000000 00:00 0                          [stack:7378]
7f5dce599000-7f5dce59c000 ---p 00000000 00:00 0 
7f5dce59c000-7f5dce69a000 rw-p 00000000 00:00 0                          [stack:7377]
7f5dce69a000-7f5dcf0df000 r--p 00000000 08:01 2360052                    /usr/lib/locale/locale-archive
7f5dcf0df000-7f5dcf0e2000 ---p 00000000 00:00 0 
7f5dcf0e2000-7f5dcf1e0000 rw-p 00000000 00:00 0                          [stack:7376]
7f5dcf1e0000-7f5dcf1e3000 ---p 00000000 00:00 0 
7f5dcf1e3000-7f5dcf2e1000 rw-p 00000000 00:00 0                          [stack:7375]
7f5dcf2e1000-7f5dcf2e2000 ---p 00000000 00:00 0 
7f5dcf2e2000-7f5dd4000000 rw-p 00000000 00:00 0                          [stack:7374]
7f5dd4000000-7f5dd4021000 rw-p 00000000 00:00 0 
7f5dd4021000-7f5dd8000000 ---p 00000000 00:00 0 
7f5dd8000000-7f5dd8021000 rw-p 00000000 00:00 0 
7f5dd8021000-7f5ddc000000 ---p 00000000 00:00 0 
7f5ddc000000-7f5ddc021000 rw-p 00000000 00:00 0 
7f5ddc021000-7f5de0000000 ---p 00000000 00:00 0 
7f5de0000000-7f5de0021000 rw-p 00000000 00:00 0 
7f5de0021000-7f5de4000000 ---p 00000000 00:00 0 
7f5de4000000-7f5de4021000 rw-p 00000000 00:00 0 
7f5de4021000-7f5de8000000 ---p 00000000 00:00 0 
7f5de8000000-7f5de8021000 rw-p 00000000 00:00 0 
7f5de8021000-7f5dec000000 ---p 00000000 00:00 0 
7f5dec000000-7f5dec021000 rw-p 00000000 00:00 0 
7f5dec021000-7f5df0000000 ---p 00000000 00:00 0 
7f5df0000000-7f5df0021000 rw-p 00000000 00:00 0 
7f5df0021000-7f5df4000000 ---p 00000000 00:00 0 
7f5df4000000-7f5df4002000 r--s 00000000 08:01 805434                     /var/cache/fontconfig/16326683038b281783a0ef8c680e3a10-le64.cache-4
7f5df4002000-7f5df4007000 r--p 00000000 00:1d 5312373                    /net/homes/u008/m7942/.config/dconf/user
7f5df4007000-7f5df400e000 rw-s 196948000 00:05 17575                     /dev/nvidiactl
7f5df400e000-7f5df4029000 r--s 00208000 08:01 2626959                    /usr/lib/jvm/java-8-oracle/jre/lib/deploy.jar
7f5df4029000-7f5df4033000 r--s 0006c000 08:01 2634395                    /usr/lib/jvm/java-8-oracle/jre/lib/javaws.jar
7f5df4033000-7f5df4e27000 rw-p 00000000 00:00 0 
7f5df4e27000-7f5df5000000 r--s 03d1f000 08:01 2626916                    /usr/lib/jvm/java-8-oracle/jre/lib/rt.jar
7f5df5000000-7f5df5860000 rwxp 00000000 00:00 0 
7f5df5860000-7f5e04000000 ---p 00000000 00:00 0 
7f5e04000000-7f5e0444c000 rw-p 00000000 00:00 0 
7f5e0444c000-7f5e08000000 ---p 00000000 00:00 0 
7f5e08000000-7f5e08001000 r--s 00000000 08:01 805432                     /var/cache/fontconfig/e0aa53bcfa504e64f87823c16bc01eb6-le64.cache-4
7f5e08001000-7f5e08003000 rw-s 00000000 08:01 17825908                   /tmp/.glikTHvh (deleted)
7f5e08003000-7f5e08007000 rw-s 134f22000 00:05 17575                     /dev/nvidiactl
7f5e08007000-7f5e08cfb000 rw-p 00000000 00:00 0 
7f5e08cfb000-7f5e08cfc000 ---p 00000000 00:00 0 
7f5e08cfc000-7f5e08dfc000 rw-p 00000000 00:00 0                          [stack:7373]
7f5e08dfc000-7f5e08dfd000 ---p 00000000 00:00 0 
7f5e08dfd000-7f5e08efd000 rw-p 00000000 00:00 0                          [stack:7372]
7f5e08efd000-7f5e08efe000 ---p 00000000 00:00 0 
7f5e08efe000-7f5e08ffe000 rw-p 00000000 00:00 0                          [stack:7371]
7f5e08ffe000-7f5e08fff000 ---p 00000000 00:00 0 
7f5e08fff000-7f5e090ff000 rw-p 00000000 00:00 0                          [stack:7370]
7f5e090ff000-7f5e09100000 ---p 00000000 00:00 0 
7f5e09100000-7f5e09200000 rw-p 00000000 00:00 0                          [stack:7369]
7f5e09200000-7f5e09201000 ---p 00000000 00:00 0 
7f5e09201000-7f5e09301000 rw-p 00000000 00:00 0                          [stack:7368]
7f5e09301000-7f5e09302000 ---p 00000000 00:00 0 
7f5e09302000-7f5e09402000 rw-p 00000000 00:00 0                          [stack:7367]
7f5e09402000-7f5e09403000 ---p 00000000 00:00 0 
7f5e09403000-7f5e09519000 rw-p 00000000 00:00 0                          [stack:7366]
7f5e09519000-7f5e09799000 ---p 00000000 00:00 0 
7f5e09799000-7f5e097af000 rw-p 00000000 00:00 0 
7f5e097af000-7f5e09a2f000 ---p 00000000 00:00 0 
7f5e09a2f000-7f5e09a44000 rw-p 00000000 00:00 0 
7f5e09a44000-7f5e09b7a000 ---p 00000000 00:00 0 
7f5e09b7a000-7f5e09b9d000 rw-p 00000000 00:00 0 
7f5e09b9d000-7f5e09f3b000 ---p 00000000 00:00 0 
7f5e09f3b000-7f5e09f55000 r-xp 00000000 08:01 2634321                    /usr/lib/jvm/java-8-oracle/jre/lib/amd64/libzip.so
7f5e09f55000-7f5e0a155000 ---p 0001a000 08:01 2634321                    /usr/lib/jvm/java-8-oracle/jre/lib/amd64/libzip.so
7f5e0a155000-7f5e0a156000 rw-p 0001a000 08:01 2634321                    /usr/lib/jvm/java-8-oracle/jre/lib/amd64/libzip.so
7f5e0a156000-7f5e0a180000 r-xp 00000000 08:01 2634323                    /usr/lib/jvm/java-8-oracle/jre/lib/amd64/libjava.so
7f5e0a180000-7f5e0a380000 ---p 0002a000 08:01 2634323                    /usr/lib/jvm/java-8-oracle/jre/lib/amd64/libjava.so
7f5e0a380000-7f5e0a382000 rw-p 0002a000 08:01 2634323                    /usr/lib/jvm/java-8-oracle/jre/lib/amd64/libjava.so
7f5e0a382000-7f5e0a38f000 r-xp 00000000 08:01 2634365                    /usr/lib/jvm/java-8-oracle/jre/lib/amd64/libverify.so
7f5e0a38f000-7f5e0a58f000 ---p 0000d000 08:01 2634365                    /usr/lib/jvm/java-8-oracle/jre/lib/amd64/libverify.so
7f5e0a58f000-7f5e0a591000 rw-p 0000d000 08:01 2634365                    /usr/lib/jvm/java-8-oracle/jre/lib/amd64/libverify.so
7f5e0a591000-7f5e0a598000 r-xp 00000000 08:01 12850990                   /lib/x86_64-linux-gnu/librt-2.19.so
7f5e0a598000-7f5e0a797000 ---p 00007000 08:01 12850990                   /lib/x86_64-linux-gnu/librt-2.19.so
7f5e0a797000-7f5e0a798000 r--p 00006000 08:01 12850990                   /lib/x86_64-linux-gnu/librt-2.19.so
7f5e0a798000-7f5e0a799000 rw-p 00007000 08:01 12850990                   /lib/x86_64-linux-gnu/librt-2.19.so
7f5e0a799000-7f5e0a89e000 r-xp 00000000 08:01 12848825                   /lib/x86_64-linux-gnu/libm-2.19.so
7f5e0a89e000-7f5e0aa9d000 ---p 00105000 08:01 12848825                   /lib/x86_64-linux-gnu/libm-2.19.so
7f5e0aa9d000-7f5e0aa9e000 r--p 00104000 08:01 12848825                   /lib/x86_64-linux-gnu/libm-2.19.so
7f5e0aa9e000-7f5e0aa9f000 rw-p 00105000 08:01 12848825                   /lib/x86_64-linux-gnu/libm-2.19.so
7f5e0aa9f000-7f5e0b75f000 r-xp 00000000 08:01 2634331                    /usr/lib/jvm/java-8-oracle/jre/lib/amd64/server/libjvm.so
7f5e0b75f000-7f5e0b95f000 ---p 00cc0000 08:01 2634331                    /usr/lib/jvm/java-8-oracle/jre/lib/amd64/server/libjvm.so
7f5e0b95f000-7f5e0ba37000 rw-p 00cc0000 08:01 2634331                    /usr/lib/jvm/java-8-oracle/jre/lib/amd64/server/libjvm.so
7f5e0ba37000-7f5e0ba82000 rw-p 00000000 00:00 0 
7f5e0ba82000-7f5e0bc3c000 r-xp 00000000 08:01 12850996                   /lib/x86_64-linux-gnu/libc-2.19.so
7f5e0bc3c000-7f5e0be3c000 ---p 001ba000 08:01 12850996                   /lib/x86_64-linux-gnu/libc-2.19.so
7f5e0be3c000-7f5e0be40000 r--p 001ba000 08:01 12850996                   /lib/x86_64-linux-gnu/libc-2.19.so
7f5e0be40000-7f5e0be42000 rw-p 001be000 08:01 12850996                   /lib/x86_64-linux-gnu/libc-2.19.so
7f5e0be42000-7f5e0be47000 rw-p 00000000 00:00 0 
7f5e0be47000-7f5e0be4a000 r-xp 00000000 08:01 12850324                   /lib/x86_64-linux-gnu/libdl-2.19.so
7f5e0be4a000-7f5e0c049000 ---p 00003000 08:01 12850324                   /lib/x86_64-linux-gnu/libdl-2.19.so
7f5e0c049000-7f5e0c04a000 r--p 00002000 08:01 12850324                   /lib/x86_64-linux-gnu/libdl-2.19.so
7f5e0c04a000-7f5e0c04b000 rw-p 00003000 08:01 12850324                   /lib/x86_64-linux-gnu/libdl-2.19.so
7f5e0c04b000-7f5e0c060000 r-xp 00000000 08:01 2645110                    /usr/lib/jvm/java-8-oracle/lib/amd64/jli/libjli.so
7f5e0c060000-7f5e0c260000 ---p 00015000 08:01 2645110                    /usr/lib/jvm/java-8-oracle/lib/amd64/jli/libjli.so
7f5e0c260000-7f5e0c261000 rw-p 00015000 08:01 2645110                    /usr/lib/jvm/java-8-oracle/lib/amd64/jli/libjli.so
7f5e0c261000-7f5e0c27a000 r-xp 00000000 08:01 12850433                   /lib/x86_64-linux-gnu/libpthread-2.19.so
7f5e0c27a000-7f5e0c479000 ---p 00019000 08:01 12850433                   /lib/x86_64-linux-gnu/libpthread-2.19.so
7f5e0c479000-7f5e0c47a000 r--p 00018000 08:01 12850433                   /lib/x86_64-linux-gnu/libpthread-2.19.so
7f5e0c47a000-7f5e0c47b000 rw-p 00019000 08:01 12850433                   /lib/x86_64-linux-gnu/libpthread-2.19.so
7f5e0c47b000-7f5e0c47f000 rw-p 00000000 00:00 0 
7f5e0c47f000-7f5e0c4a2000 r-xp 00000000 08:01 12850435                   /lib/x86_64-linux-gnu/ld-2.19.so
7f5e0c4a2000-7f5e0c4a3000 r--s 00000000 00:15 1967355                    /run/user/10791/dconf/user
7f5e0c4a3000-7f5e0c4a4000 rw-s d0018000 00:05 17602                      /dev/nvidia0
7f5e0c4a4000-7f5e0c4a5000 rw-s 1b915b000 00:05 17575                     /dev/nvidiactl
7f5e0c4a5000-7f5e0c4a6000 rw-s d8c08000 00:05 17602                      /dev/nvidia0
7f5e0c4a6000-7f5e0c51d000 rw-p 00000000 00:00 0 
7f5e0c51d000-7f5e0c560000 r--s 00000000 08:01 524945                     /var/cache/nscd/passwd
7f5e0c560000-7f5e0c563000 ---p 00000000 00:00 0 
7f5e0c563000-7f5e0c665000 rw-p 00000000 00:00 0                          [stack:7365]
7f5e0c665000-7f5e0c666000 rw-s d8641000 00:05 17602                      /dev/nvidia0
7f5e0c666000-7f5e0c667000 rw-s 9e050000 00:05 17575                      /dev/nvidiactl
7f5e0c667000-7f5e0c668000 rw-s 21d4bf000 00:05 17575                     /dev/nvidiactl
7f5e0c668000-7f5e0c669000 rw-s d8060000 00:05 17602                      /dev/nvidia0
7f5e0c669000-7f5e0c66e000 r--s 0054d000 00:1d 5886471                    /net/homes/u008/m7942/NetBeansProjects/Harkkaty_2016/Harkkaty_2016/sqlite-jdbc-3.8.11.2.jar
7f5e0c66e000-7f5e0c695000 rw-p 00000000 00:00 0 
7f5e0c695000-7f5e0c69d000 rw-s 00000000 08:01 17825900                   /tmp/hsperfdata_m7942/7361
7f5e0c69d000-7f5e0c69e000 rw-p 00000000 00:00 0 
7f5e0c69e000-7f5e0c69f000 r--p 00000000 00:00 0 
7f5e0c69f000-7f5e0c6a1000 rw-p 00000000 00:00 0 
7f5e0c6a1000-7f5e0c6a2000 r--p 00022000 08:01 12850435                   /lib/x86_64-linux-gnu/ld-2.19.so
7f5e0c6a2000-7f5e0c6a3000 rw-p 00023000 08:01 12850435                   /lib/x86_64-linux-gnu/ld-2.19.so
7f5e0c6a3000-7f5e0c6a4000 rw-p 00000000 00:00 0 
7ffcf94db000-7ffcf94fc000 rw-p 00000000 00:00 0                          [stack]
7ffcf9541000-7ffcf9543000 r-xp 00000000 00:00 0                          [vdso]
ffffffffff600000-ffffffffff601000 r-xp 00000000 00:00 0                  [vsyscall]

VM Arguments:
jvm_args: -Dfile.encoding=UTF-8 
java_command: mainpackage.Mainclass
java_class_path (initial): /usr/lib/jvm/java-8-oracle/jre/lib/javaws.jar:/usr/lib/jvm/java-8-oracle/jre/lib/deploy.jar:/usr/lib/jvm/java-8-oracle/jre/lib/plugin.jar:/net/homes/u008/m7942/NetBeansProjects/Harkkaty_2016/Harkkaty_2016/sqlite-jdbc-3.8.11.2.jar:/net/homes/u008/m7942/NetBeansProjects/Harkkaty_2016/Harkkaty_2016/build/classes
Launcher Type: SUN_STANDARD

Environment Variables:
JAVA_HOME=/usr/lib/jvm/java-8-oracle
PATH=/usr/local/sbin:/usr/local/bin:/usr/sbin:/usr/bin:/sbin:/bin:/usr/games:/usr/local/games:/var/cfengine/bin:/usr/lib/jvm/java-8-oracle/bin:/usr/lib/jvm/java-8-oracle/db/bin:/usr/lib/jvm/java-8-oracle/jre/bin:/usr/local/cuda-5.0/bin
LD_LIBRARY_PATH=/usr/lib/jvm/default-java/jre/lib/amd64:/usr/lib/jvm/default-java/jre/lib/i386:
SHELL=/bin/bash
DISPLAY=:1

Signal Handlers:
SIGSEGV: [libjvm.so+0xabca10], sa_mask[0]=11111111011111111101111111111110, sa_flags=SA_RESTART|SA_SIGINFO
SIGBUS: [libjvm.so+0xabca10], sa_mask[0]=11111111011111111101111111111110, sa_flags=SA_RESTART|SA_SIGINFO
SIGFPE: [libjvm.so+0x919a20], sa_mask[0]=11111111011111111101111111111110, sa_flags=SA_RESTART|SA_SIGINFO
SIGPIPE: SIG_IGN, sa_mask[0]=00000000000010000000000000000000, sa_flags=SA_RESTART
SIGXFSZ: [libjvm.so+0x919a20], sa_mask[0]=11111111011111111101111111111110, sa_flags=SA_RESTART|SA_SIGINFO
SIGILL: [libjvm.so+0x919a20], sa_mask[0]=11111111011111111101111111111110, sa_flags=SA_RESTART|SA_SIGINFO
SIGUSR1: SIG_DFL, sa_mask[0]=00000000000000000000000000000000, sa_flags=none
SIGUSR2: [libjvm.so+0x91b050], sa_mask[0]=00100000000000000000000000000000, sa_flags=SA_RESTART|SA_SIGINFO
SIGHUP: [libjvm.so+0x91c450], sa_mask[0]=11111111011111111101111111111110, sa_flags=SA_RESTART|SA_SIGINFO
SIGINT: SIG_IGN, sa_mask[0]=00000000000000000000000000000000, sa_flags=none
SIGTERM: [libjvm.so+0x91c450], sa_mask[0]=11111111011111111101111111111110, sa_flags=SA_RESTART|SA_SIGINFO
SIGQUIT: [libjvm.so+0x91c450], sa_mask[0]=11111111011111111101111111111110, sa_flags=SA_RESTART|SA_SIGINFO


---------------  S Y S T E M  ---------------

OS:DISTRIB_ID=Ubuntu
DISTRIB_RELEASE=14.04
DISTRIB_CODENAME=trusty
DISTRIB_DESCRIPTION="Ubuntu 14.04.4 LTS"

uname:Linux 3.13.0-66-generic #108-Ubuntu SMP Wed Oct 7 15:20:27 UTC 2015 x86_64
libc:glibc 2.19 NPTL 2.19 
rlimit: STACK 8192k, CORE 0k, NPROC 63301, NOFILE 4096, AS infinity
load average:0.54 0.50 0.56

/proc/meminfo:
MemTotal:        8131928 kB
MemFree:         3186980 kB
Buffers:          521536 kB
Cached:          1788440 kB
SwapCached:            0 kB
Active:          3407256 kB
Inactive:        1013840 kB
Active(anon):    2036400 kB
Inactive(anon):   131876 kB
Active(file):    1370856 kB
Inactive(file):   881964 kB
Unevictable:          32 kB
Mlocked:              32 kB
SwapTotal:       8343548 kB
SwapFree:        8343300 kB
Dirty:               884 kB
Writeback:             0 kB
AnonPages:       2113168 kB
Mapped:           303876 kB
Shmem:             57156 kB
Slab:             306608 kB
SReclaimable:     258584 kB
SUnreclaim:        48024 kB
KernelStack:        5824 kB
PageTables:        35800 kB
NFS_Unstable:          0 kB
Bounce:                0 kB
WritebackTmp:          0 kB
CommitLimit:    12409512 kB
Committed_AS:    5875412 kB
VmallocTotal:   34359738367 kB
VmallocUsed:      120116 kB
VmallocChunk:   34359612924 kB
HardwareCorrupted:     0 kB
AnonHugePages:   1271808 kB
HugePages_Total:       0
HugePages_Free:        0
HugePages_Rsvd:        0
HugePages_Surp:        0
Hugepagesize:       2048 kB
DirectMap4k:      994768 kB
DirectMap2M:     7350272 kB


CPU:total 8 (4 cores per cpu, 2 threads per core) family 6 model 42 stepping 7, cmov, cx8, fxsr, mmx, sse, sse2, sse3, ssse3, sse4.1, sse4.2, popcnt, avx, aes, clmul, ht, tsc, tscinvbit

/proc/cpuinfo:
processor	: 0
vendor_id	: GenuineIntel
cpu family	: 6
model		: 42
model name	: Intel(R) Core(TM) i7-2600 CPU @ 3.40GHz
stepping	: 7
microcode	: 0x14
cpu MHz		: 2400.000
cache size	: 8192 KB
physical id	: 0
siblings	: 8
core id		: 0
cpu cores	: 4
apicid		: 0
initial apicid	: 0
fpu		: yes
fpu_exception	: yes
cpuid level	: 13
wp		: yes
flags		: fpu vme de pse tsc msr pae mce cx8 apic sep mtrr pge mca cmov pat pse36 clflush dts acpi mmx fxsr sse sse2 ss ht tm pbe syscall nx rdtscp lm constant_tsc arch_perfmon pebs bts rep_good nopl xtopology nonstop_tsc aperfmperf eagerfpu pni pclmulqdq dtes64 monitor ds_cpl vmx smx est tm2 ssse3 cx16 xtpr pdcm pcid sse4_1 sse4_2 x2apic popcnt tsc_deadline_timer aes xsave avx lahf_lm ida arat epb xsaveopt pln pts dtherm tpr_shadow vnmi flexpriority ept vpid
bogomips	: 6784.38
clflush size	: 64
cache_alignment	: 64
address sizes	: 36 bits physical, 48 bits virtual
power management:

processor	: 1
vendor_id	: GenuineIntel
cpu family	: 6
model		: 42
model name	: Intel(R) Core(TM) i7-2600 CPU @ 3.40GHz
stepping	: 7
microcode	: 0x14
cpu MHz		: 1600.000
cache size	: 8192 KB
physical id	: 0
siblings	: 8
core id		: 1
cpu cores	: 4
apicid		: 2
initial apicid	: 2
fpu		: yes
fpu_exception	: yes
cpuid level	: 13
wp		: yes
flags		: fpu vme de pse tsc msr pae mce cx8 apic sep mtrr pge mca cmov pat pse36 clflush dts acpi mmx fxsr sse sse2 ss ht tm pbe syscall nx rdtscp lm constant_tsc arch_perfmon pebs bts rep_good nopl xtopology nonstop_tsc aperfmperf eagerfpu pni pclmulqdq dtes64 monitor ds_cpl vmx smx est tm2 ssse3 cx16 xtpr pdcm pcid sse4_1 sse4_2 x2apic popcnt tsc_deadline_timer aes xsave avx lahf_lm ida arat epb xsaveopt pln pts dtherm tpr_shadow vnmi flexpriority ept vpid
bogomips	: 6784.38
clflush size	: 64
cache_alignment	: 64
address sizes	: 36 bits physical, 48 bits virtual
power management:

processor	: 2
vendor_id	: GenuineIntel
cpu family	: 6
model		: 42
model name	: Intel(R) Core(TM) i7-2600 CPU @ 3.40GHz
stepping	: 7
microcode	: 0x14
cpu MHz		: 3000.000
cache size	: 8192 KB
physical id	: 0
siblings	: 8
core id		: 2
cpu cores	: 4
apicid		: 4
initial apicid	: 4
fpu		: yes
fpu_exception	: yes
cpuid level	: 13
wp		: yes
flags		: fpu vme de pse tsc msr pae mce cx8 apic sep mtrr pge mca cmov pat pse36 clflush dts acpi mmx fxsr sse sse2 ss ht tm pbe syscall nx rdtscp lm constant_tsc arch_perfmon pebs bts rep_good nopl xtopology nonstop_tsc aperfmperf eagerfpu pni pclmulqdq dtes64 monitor ds_cpl vmx smx est tm2 ssse3 cx16 xtpr pdcm pcid sse4_1 sse4_2 x2apic popcnt tsc_deadline_timer aes xsave avx lahf_lm ida arat epb xsaveopt pln pts dtherm tpr_shadow vnmi flexpriority ept vpid
bogomips	: 6784.38
clflush size	: 64
cache_alignment	: 64
address sizes	: 36 bits physical, 48 bits virtual
power management:

processor	: 3
vendor_id	: GenuineIntel
cpu family	: 6
model		: 42
model name	: Intel(R) Core(TM) i7-2600 CPU @ 3.40GHz
stepping	: 7
microcode	: 0x14
cpu MHz		: 3000.000
cache size	: 8192 KB
physical id	: 0
siblings	: 8
core id		: 3
cpu cores	: 4
apicid		: 6
initial apicid	: 6
fpu		: yes
fpu_exception	: yes
cpuid level	: 13
wp		: yes
flags		: fpu vme de pse tsc msr pae mce cx8 apic sep mtrr pge mca cmov pat pse36 clflush dts acpi mmx fxsr sse sse2 ss ht tm pbe syscall nx rdtscp lm constant_tsc arch_perfmon pebs bts rep_good nopl xtopology nonstop_tsc aperfmperf eagerfpu pni pclmulqdq dtes64 monitor ds_cpl vmx smx est tm2 ssse3 cx16 xtpr pdcm pcid sse4_1 sse4_2 x2apic popcnt tsc_deadline_timer aes xsave avx lahf_lm ida arat epb xsaveopt pln pts dtherm tpr_shadow vnmi flexpriority ept vpid
bogomips	: 6784.38
clflush size	: 64
cache_alignment	: 64
address sizes	: 36 bits physical, 48 bits virtual
power management:

processor	: 4
vendor_id	: GenuineIntel
cpu family	: 6
model		: 42
model name	: Intel(R) Core(TM) i7-2600 CPU @ 3.40GHz
stepping	: 7
microcode	: 0x14
cpu MHz		: 1600.000
cache size	: 8192 KB
physical id	: 0
siblings	: 8
core id		: 0
cpu cores	: 4
apicid		: 1
initial apicid	: 1
fpu		: yes
fpu_exception	: yes
cpuid level	: 13
wp		: yes
flags		: fpu vme de pse tsc msr pae mce cx8 apic sep mtrr pge mca cmov pat pse36 clflush dts acpi mmx fxsr sse sse2 ss ht tm pbe syscall nx rdtscp lm constant_tsc arch_perfmon pebs bts rep_good nopl xtopology nonstop_tsc aperfmperf eagerfpu pni pclmulqdq dtes64 monitor ds_cpl vmx smx est tm2 ssse3 cx16 xtpr pdcm pcid sse4_1 sse4_2 x2apic popcnt tsc_deadline_timer aes xsave avx lahf_lm ida arat epb xsaveopt pln pts dtherm tpr_shadow vnmi flexpriority ept vpid
bogomips	: 6784.38
clflush size	: 64
cache_alignment	: 64
address sizes	: 36 bits physical, 48 bits virtual
power management:

processor	: 5
vendor_id	: GenuineIntel
cpu family	: 6
model		: 42
model name	: Intel(R) Core(TM) i7-2600 CPU @ 3.40GHz
stepping	: 7
microcode	: 0x14
cpu MHz		: 2200.000
cache size	: 8192 KB
physical id	: 0
siblings	: 8
core id		: 1
cpu cores	: 4
apicid		: 3
initial apicid	: 3
fpu		: yes
fpu_exception	: yes
cpuid level	: 13
wp		: yes
flags		: fpu vme de pse tsc msr pae mce cx8 apic sep mtrr pge mca cmov pat pse36 clflush dts acpi mmx fxsr sse sse2 ss ht tm pbe syscall nx rdtscp lm constant_tsc arch_perfmon pebs bts rep_good nopl xtopology nonstop_tsc aperfmperf eagerfpu pni pclmulqdq dtes64 monitor ds_cpl vmx smx est tm2 ssse3 cx16 xtpr pdcm pcid sse4_1 sse4_2 x2apic popcnt tsc_deadline_timer aes xsave avx lahf_lm ida arat epb xsaveopt pln pts dtherm tpr_shadow vnmi flexpriority ept vpid
bogomips	: 6784.38
clflush size	: 64
cache_alignment	: 64
address sizes	: 36 bits physical, 48 bits virtual
power management:

processor	: 6
vendor_id	: GenuineIntel
cpu family	: 6
model		: 42
model name	: Intel(R) Core(TM) i7-2600 CPU @ 3.40GHz
stepping	: 7
microcode	: 0x14
cpu MHz		: 3401.000
cache size	: 8192 KB
physical id	: 0
siblings	: 8
core id		: 2
cpu cores	: 4
apicid		: 5
initial apicid	: 5
fpu		: yes
fpu_exception	: yes
cpuid level	: 13
wp		: yes
flags		: fpu vme de pse tsc msr pae mce cx8 apic sep mtrr pge mca cmov pat pse36 clflush dts acpi mmx fxsr sse sse2 ss ht tm pbe syscall nx rdtscp lm constant_tsc arch_perfmon pebs bts rep_good nopl xtopology nonstop_tsc aperfmperf eagerfpu pni pclmulqdq dtes64 monitor ds_cpl vmx smx est tm2 ssse3 cx16 xtpr pdcm pcid sse4_1 sse4_2 x2apic popcnt tsc_deadline_timer aes xsave avx lahf_lm ida arat epb xsaveopt pln pts dtherm tpr_shadow vnmi flexpriority ept vpid
bogomips	: 6784.38
clflush size	: 64
cache_alignment	: 64
address sizes	: 36 bits physical, 48 bits virtual
power management:

processor	: 7
vendor_id	: GenuineIntel
cpu family	: 6
model		: 42
model name	: Intel(R) Core(TM) i7-2600 CPU @ 3.40GHz
stepping	: 7
microcode	: 0x14
cpu MHz		: 1600.000
cache size	: 8192 KB
physical id	: 0
siblings	: 8
core id		: 3
cpu cores	: 4
apicid		: 7
initial apicid	: 7
fpu		: yes
fpu_exception	: yes
cpuid level	: 13
wp		: yes
flags		: fpu vme de pse tsc msr pae mce cx8 apic sep mtrr pge mca cmov pat pse36 clflush dts acpi mmx fxsr sse sse2 ss ht tm pbe syscall nx rdtscp lm constant_tsc arch_perfmon pebs bts rep_good nopl xtopology nonstop_tsc aperfmperf eagerfpu pni pclmulqdq dtes64 monitor ds_cpl vmx smx est tm2 ssse3 cx16 xtpr pdcm pcid sse4_1 sse4_2 x2apic popcnt tsc_deadline_timer aes xsave avx lahf_lm ida arat epb xsaveopt pln pts dtherm tpr_shadow vnmi flexpriority ept vpid
bogomips	: 6784.38
clflush size	: 64
cache_alignment	: 64
address sizes	: 36 bits physical, 48 bits virtual
power management:



Memory: 4k page, physical 8131928k(3186980k free), swap 8343548k(8343300k free)

vm_info: Java HotSpot(TM) 64-Bit Server VM (25.91-b14) for linux-amd64 JRE (1.8.0_91-b14), built on Apr  1 2016 00:57:21 by "java_re" with gcc 4.3.0 20080428 (Red Hat 4.3.0-8)

time: Fri Jul 22 15:50:49 2016
elapsed time: 14 seconds (0d 0h 0m 14s)

