#
# A fatal error has been detected by the Java Runtime Environment:
#
#  SIGSEGV (0xb) at pc=0x00007f61eea9e168, pid=8598, tid=140056611178240
#
# JRE version: Java(TM) SE Runtime Environment (8.0_91-b14) (build 1.8.0_91-b14)
# Java VM: Java HotSpot(TM) 64-Bit Server VM (25.91-b14 mixed mode linux-amd64 compressed oops)
# Problematic frame:
# V  [libjvm.so+0x6df168]  jni_GetStringUTFChars+0xb8
#
# Failed to write core dump. Core dumps have been disabled. To enable core dumping, try "ulimit -c unlimited" before starting Java again
#
# If you would like to submit a bug report, please visit:
#   http://bugreport.java.com/bugreport/crash.jsp
#

---------------  T H R E A D  ---------------

Current thread (0x00007f61e82d1000):  JavaThread "JavaFX Application Thread" [_thread_in_vm, id=8625, stack(0x00007f61787ec000,0x00007f61788ed000)]

siginfo: si_signo: 11 (SIGSEGV), si_code: 1 (SEGV_MAPERR), si_addr: 0x0000000000000000

Registers:
RAX=0x00007f61ef368210, RBX=0x0000000000000000, RCX=0x00000000d6a666d0, RDX=0x00007f61ef3762a0
RSP=0x00007f61788e9440, RBP=0x00007f61788e94e0, RSI=0x00007f61e82d1000, RDI=0x00007f61788e9480
R8 =0x0000000000000000, R9 =0x00000000d6a666d0, R10=0x000000000000004e, R11=0x00007f61ef3762a8
R12=0x00007f61e82d1000, R13=0x0000000000000000, R14=0x00007f61788e95b8, R15=0x00007f61788e9480
RIP=0x00007f61eea9e168, EFLAGS=0x0000000000010246, CSGSFS=0x0000000000000033, ERR=0x0000000000000004
  TRAPNO=0x000000000000000e

Top of Stack: (sp=0x00007f61788e9440)
0x00007f61788e9440:   00007f6100000000 0000000000000000
0x00007f61788e9450:   00007f6100000000 00000008002ef638
0x00007f61788e9460:   000000b4000000b5 00000001002ef638
0x00007f61788e9470:   00000000000000b5 0000000100302420
0x00007f61788e9480:   00007f61e82d1000 0000000000000000
0x00007f61788e9490:   00007f61d90055d0 00007f6100000000
0x00007f61788e94a0:   00007f61e82d1000 00007f61788e95b0
0x00007f61788e94b0:   00007f61788e95b0 00007f6162034618
0x00007f61788e94c0:   00007f616442e138 0000000000000000
0x00007f61788e94d0:   00007f61788e95b8 00007f61e82d1000
0x00007f61788e94e0:   00007f61e82d11f8 00007f6160386c40
0x00007f61788e94f0:   00007f61e82d1000 00007f6162104648
0x00007f61788e9500:   00007f6162034618 00007f61788e9590
0x00007f61788e9510:   0000000000000000 00007f6162034610
0x00007f61788e9520:   00007f61788e95b8 00007f61d90184af
0x00007f61788e9530:   00007f616202f168 00007f616202f168
0x00007f61788e9540:   00007f61e82d1000 00000000d6a666d0
0x00007f61788e9550:   00007f61788e9540 0000000000000000
0x00007f61788e9560:   00007f61788e95b8 00007f61620ca2a0
0x00007f61788e9570:   0000000000000000 00007f6162034618
0x00007f61788e9580:   0000000000000000 00007f61788e95b0
0x00007f61788e9590:   00007f61788e9618 00007f61d9007dd0
0x00007f61788e95a0:   0000000000000000 00007f61d9011537
0x00007f61788e95b0:   0000000000000000 00000000d6a666d0
0x00007f61788e95c0:   00000000d6ab49e0 00007f61d90132e7
0x00007f61788e95d0:   00000000d6a666d0 00007f61788e95c8
0x00007f61788e95e0:   00007f6162030e55 00007f61788e9630
0x00007f61788e95f0:   00007f61620c9ab0 0000000000000000
0x00007f61788e9600:   00007f6162030ea0 00007f61788e95b0
0x00007f61788e9610:   00007f61788e9628 00007f61788e9678
0x00007f61788e9620:   00007f61d90082bd 00000000d6ab49e0
0x00007f61788e9630:   00000000d6a666d0 00007f61788e9638 

Instructions: (pc=0x00007f61eea9e168)
0x00007f61eea9e148:   84 24 70 02 00 00 06 00 00 00 4c 89 e6 4c 89 65
0x00007f61eea9e158:   c0 4c 89 ff e8 1f 01 01 00 48 8b 05 28 1f 88 00
0x00007f61eea9e168:   4c 8b 2b 8b 10 48 8b 05 1c 4b 88 00 80 38 00 0f
0x00007f61eea9e178:   84 2b 01 00 00 48 63 c2 41 8b 54 05 00 85 d2 0f 

Register to memory mapping:

RAX=0x00007f61ef368210: <offset 0xfa9210> in /usr/lib/jvm/java-8-oracle/jre/lib/amd64/server/libjvm.so at 0x00007f61ee3bf000
RBX=0x0000000000000000 is an unknown value
RCX=0x00000000d6a666d0 is an oop
org.sqlite.core.NativeDB 
 - klass: 'org/sqlite/core/NativeDB'
RDX=0x00007f61ef3762a0: <offset 0xfb72a0> in /usr/lib/jvm/java-8-oracle/jre/lib/amd64/server/libjvm.so at 0x00007f61ee3bf000
RSP=0x00007f61788e9440 is pointing into the stack for thread: 0x00007f61e82d1000
RBP=0x00007f61788e94e0 is pointing into the stack for thread: 0x00007f61e82d1000
RSI=0x00007f61e82d1000 is a thread
RDI=0x00007f61788e9480 is pointing into the stack for thread: 0x00007f61e82d1000
R8 =0x0000000000000000 is an unknown value
R9 =0x00000000d6a666d0 is an oop
org.sqlite.core.NativeDB 
 - klass: 'org/sqlite/core/NativeDB'
R10=0x000000000000004e is an unknown value
R11=0x00007f61ef3762a8: <offset 0xfb72a8> in /usr/lib/jvm/java-8-oracle/jre/lib/amd64/server/libjvm.so at 0x00007f61ee3bf000
R12=0x00007f61e82d1000 is a thread
R13=0x0000000000000000 is an unknown value
R14=0x00007f61788e95b8 is pointing into the stack for thread: 0x00007f61e82d1000
R15=0x00007f61788e9480 is pointing into the stack for thread: 0x00007f61e82d1000


Stack: [0x00007f61787ec000,0x00007f61788ed000],  sp=0x00007f61788e9440,  free space=1013k
Native frames: (J=compiled Java code, j=interpreted, Vv=VM code, C=native code)
V  [libjvm.so+0x6df168]  jni_GetStringUTFChars+0xb8
C  [sqlite-3.8.11.2-83b33d96-36db-4a8f-bac6-d65f1630835c-libsqlitejdbc.so+0xac40]  Java_org_sqlite_core_NativeDB_prepare+0x40

Java frames: (J=compiled Java code, j=interpreted, Vv=VM code)
j  org.sqlite.core.NativeDB.prepare(Ljava/lang/String;)J+0
j  org.sqlite.core.DB.prepare(Lorg/sqlite/core/CoreStatement;)V+21
j  org.sqlite.core.CorePreparedStatement.<init>(Lorg/sqlite/SQLiteConnection;Ljava/lang/String;)V+15
j  org.sqlite.jdbc3.JDBC3PreparedStatement.<init>(Lorg/sqlite/SQLiteConnection;Ljava/lang/String;)V+3
j  org.sqlite.jdbc4.JDBC4PreparedStatement.<init>(Lorg/sqlite/SQLiteConnection;Ljava/lang/String;)V+3
j  org.sqlite.jdbc4.JDBC4Connection.prepareStatement(Ljava/lang/String;III)Ljava/sql/PreparedStatement;+21
j  org.sqlite.jdbc3.JDBC3Connection.prepareStatement(Ljava/lang/String;II)Ljava/sql/PreparedStatement;+5
j  org.sqlite.jdbc3.JDBC3Connection.prepareStatement(Ljava/lang/String;)Ljava/sql/PreparedStatement;+8
j  parsing.Database_manager.getSPAL()Ljava/util/ArrayList;+48
j  mainpackage.FXML_mainController.initialize(Ljava/net/URL;Ljava/util/ResourceBundle;)V+43
j  javafx.fxml.FXMLLoader.loadImpl(Ljava/io/InputStream;Ljava/lang/Class;)Ljava/lang/Object;+265
j  javafx.fxml.FXMLLoader.loadImpl(Ljava/lang/Class;)Ljava/lang/Object;+30
j  javafx.fxml.FXMLLoader.loadImpl(Ljava/net/URL;Ljava/util/ResourceBundle;Ljavafx/util/BuilderFactory;Ljavafx/util/Callback;Ljava/nio/charset/Charset;Ljava/lang/Class;)Ljava/lang/Object;+34
j  javafx.fxml.FXMLLoader.loadImpl(Ljava/net/URL;Ljava/util/ResourceBundle;Ljavafx/util/BuilderFactory;Ljavafx/util/Callback;Ljava/lang/Class;)Ljava/lang/Object;+11
j  javafx.fxml.FXMLLoader.loadImpl(Ljava/net/URL;Ljava/util/ResourceBundle;Ljavafx/util/BuilderFactory;Ljava/lang/Class;)Ljava/lang/Object;+5
j  javafx.fxml.FXMLLoader.loadImpl(Ljava/net/URL;Ljava/util/ResourceBundle;Ljava/lang/Class;)Ljava/lang/Object;+4
j  javafx.fxml.FXMLLoader.loadImpl(Ljava/net/URL;Ljava/lang/Class;)Ljava/lang/Object;+3
j  javafx.fxml.FXMLLoader.load(Ljava/net/URL;)Ljava/lang/Object;+14
j  mainpackage.FXML_loginController$3.handle(Ljavafx/event/Event;)V+38
j  com.sun.javafx.event.CompositeEventHandler.dispatchBubblingEvent(Ljavafx/event/Event;)V+51
J 1434 C1 com.sun.javafx.event.EventHandlerManager.dispatchBubblingEvent(Ljavafx/event/EventType;Ljavafx/event/Event;)Ljavafx/event/Event; (34 bytes) @ 0x00007f61d9448fb4 [0x00007f61d9448a40+0x574]
j  com.sun.javafx.event.EventHandlerManager.dispatchBubblingEvent(Ljavafx/event/Event;)Ljavafx/event/Event;+8
J 1701 C1 com.sun.javafx.event.BasicEventDispatcher.dispatchEvent(Ljavafx/event/Event;Ljavafx/event/EventDispatchChain;)Ljavafx/event/Event; (44 bytes) @ 0x00007f61d94d4bfc [0x00007f61d94d48c0+0x33c]
J 1513 C1 com.sun.javafx.event.EventDispatchChainImpl.dispatchEvent(Ljavafx/event/Event;)Ljavafx/event/Event; (101 bytes) @ 0x00007f61d94723c4 [0x00007f61d9472220+0x1a4]
j  com.sun.javafx.event.EventUtil.fireEventImpl(Ljavafx/event/EventDispatchChain;Ljavafx/event/EventTarget;Ljavafx/event/Event;)Ljavafx/event/Event;+10
j  com.sun.javafx.event.EventUtil.fireEvent(Ljavafx/event/EventTarget;Ljavafx/event/Event;)Ljavafx/event/Event;+46
j  javafx.event.Event.fireEvent(Ljavafx/event/EventTarget;Ljavafx/event/Event;)V+30
j  javafx.concurrent.EventHelper.fireEvent(Ljavafx/event/Event;)V+5
j  javafx.concurrent.Task.fireEvent(Ljavafx/event/Event;)V+9
j  javafx.concurrent.Task.setState(Ljavafx/concurrent/Worker$State;)V+207
j  javafx.concurrent.Task$TaskCallable.lambda$call$500(Ljava/lang/Object;)V+15
j  javafx.concurrent.Task$TaskCallable$$Lambda$217.run()V+8
j  com.sun.javafx.application.PlatformImpl.lambda$null$173(Ljava/lang/Runnable;)Ljava/lang/Void;+1
j  com.sun.javafx.application.PlatformImpl$$Lambda$53.run()Ljava/lang/Object;+4
v  ~StubRoutines::call_stub
J 1271  java.security.AccessController.doPrivileged(Ljava/security/PrivilegedAction;Ljava/security/AccessControlContext;)Ljava/lang/Object; (0 bytes) @ 0x00007f61d9402723 [0x00007f61d94026c0+0x63]
j  com.sun.javafx.application.PlatformImpl.lambda$runLater$174(Ljava/lang/Runnable;Ljava/security/AccessControlContext;)V+7
j  com.sun.javafx.application.PlatformImpl$$Lambda$52.run()V+8
J 2305 C1 com.sun.glass.ui.InvokeLaterDispatcher$Future.run()V (91 bytes) @ 0x00007f61d96a7d0c [0x00007f61d96a7c00+0x10c]
v  ~StubRoutines::call_stub
j  com.sun.glass.ui.gtk.GtkApplication._runLoop(Ljava/lang/Runnable;Z)V+0
j  com.sun.glass.ui.gtk.GtkApplication.lambda$null$49(Ljava/lang/Runnable;Z)V+7
j  com.sun.glass.ui.gtk.GtkApplication$$Lambda$41.run()V+12
j  java.lang.Thread.run()V+11
v  ~StubRoutines::call_stub

---------------  P R O C E S S  ---------------

Java Threads: ( => current thread )
  0x00007f61643ed000 JavaThread "URL-Loader-1" daemon [_thread_blocked, id=8636, stack(0x00007f616063a000,0x00007f616073b000)]
  0x00007f61643a1000 JavaThread "Disposer" daemon [_thread_blocked, id=8635, stack(0x00007f616212a000,0x00007f616222b000)]
  0x00007f616423e800 JavaThread "Prism Font Disposer" daemon [_thread_blocked, id=8627, stack(0x00007f61637f0000,0x00007f61638f1000)]
  0x00007f61e82d4800 JavaThread "JavaFX-Launcher" [_thread_blocked, id=8626, stack(0x00007f61786eb000,0x00007f61787ec000)]
=>0x00007f61e82d1000 JavaThread "JavaFX Application Thread" [_thread_in_vm, id=8625, stack(0x00007f61787ec000,0x00007f61788ed000)]
  0x00007f61e82cc800 JavaThread "Thread-1" daemon [_thread_blocked, id=8624, stack(0x00007f61788ed000,0x00007f61789ee000)]
  0x00007f61e8219800 JavaThread "QuantumRenderer-0" daemon [_thread_blocked, id=8621, stack(0x00007f61bd708000,0x00007f61bd809000)]
  0x00007f61e80e2800 JavaThread "Service Thread" daemon [_thread_blocked, id=8619, stack(0x00007f61bd99f000,0x00007f61bdaa0000)]
  0x00007f61e80c5800 JavaThread "C1 CompilerThread3" daemon [_thread_blocked, id=8618, stack(0x00007f61bdaa0000,0x00007f61bdba1000)]
  0x00007f61e80c3800 JavaThread "C2 CompilerThread2" daemon [_thread_blocked, id=8617, stack(0x00007f61bdba1000,0x00007f61bdca2000)]
  0x00007f61e80c1800 JavaThread "C2 CompilerThread1" daemon [_thread_blocked, id=8616, stack(0x00007f61bdca2000,0x00007f61bdda3000)]
  0x00007f61e80be800 JavaThread "C2 CompilerThread0" daemon [_thread_blocked, id=8615, stack(0x00007f61bdda3000,0x00007f61bdea4000)]
  0x00007f61e80bd000 JavaThread "Signal Dispatcher" daemon [_thread_blocked, id=8614, stack(0x00007f61bdea4000,0x00007f61bdfa5000)]
  0x00007f61e808a000 JavaThread "Finalizer" daemon [_thread_blocked, id=8613, stack(0x00007f61be9ea000,0x00007f61beaeb000)]
  0x00007f61e8085800 JavaThread "Reference Handler" daemon [_thread_blocked, id=8612, stack(0x00007f61beaeb000,0x00007f61bebec000)]
  0x00007f61e8007800 JavaThread "main" [_thread_blocked, id=8602, stack(0x00007f61efe80000,0x00007f61eff81000)]

Other Threads:
  0x00007f61e807d800 VMThread [stack: 0x00007f61bebec000,0x00007f61beced000] [id=8611]
  0x00007f61e80f5800 WatcherThread [stack: 0x00007f61bd89e000,0x00007f61bd99f000] [id=8620]

VM state:not at safepoint (normal execution)

VM Mutex/Monitor currently owned by a thread: None

Heap:
 PSYoungGen      total 37888K, used 1046K [0x00000000d6a00000, 0x00000000d9400000, 0x0000000100000000)
  eden space 32768K, 3% used [0x00000000d6a00000,0x00000000d6b05998,0x00000000d8a00000)
  from space 5120K, 0% used [0x00000000d8f00000,0x00000000d8f00000,0x00000000d9400000)
  to   space 5120K, 0% used [0x00000000d8a00000,0x00000000d8a00000,0x00000000d8f00000)
 ParOldGen       total 45056K, used 8330K [0x0000000083e00000, 0x0000000086a00000, 0x00000000d6a00000)
  object space 45056K, 18% used [0x0000000083e00000,0x00000000846228a8,0x0000000086a00000)
 Metaspace       used 20728K, capacity 21636K, committed 21936K, reserved 1069056K
  class space    used 2937K, capacity 3167K, committed 3248K, reserved 1048576K

Card table byte_map: [0x00007f61ed0b9000,0x00007f61ed49b000] byte_map_base: 0x00007f61ecc9a000

Marking Bits: (ParMarkBitMap*) 0x00007f61ef375d60
 Begin Bits: [0x00007f61c81f0000, 0x00007f61ca0f8000)
 End Bits:   [0x00007f61ca0f8000, 0x00007f61cc000000)

Polling page: 0x00007f61effbe000

CodeCache: size=245760Kb used=8522Kb max_used=8531Kb free=237237Kb
 bounds [0x00007f61d9000000, 0x00007f61d9860000, 0x00007f61e8000000]
 total_blobs=3512 nmethods=2806 adapters=619
 compilation: enabled

Compilation events (10 events):
Event: 13.877 Thread 0x00007f61e80c5800 2802       3       org.sqlite.SQLiteJDBCLoader::contentsEquals (78 bytes)
Event: 13.878 Thread 0x00007f61e80c5800 nmethod 2802 0x00007f61d9852dd0 code [0x00007f61d9852fe0, 0x00007f61d98539f8]
Event: 13.878 Thread 0x00007f61e80be800 2803 %     4       org.sqlite.SQLiteJDBCLoader::contentsEquals @ 37 (78 bytes)
Event: 13.884 Thread 0x00007f61e80be800 nmethod 2803% 0x00007f61d9858750 code [0x00007f61d98588e0, 0x00007f61d9859338]
Event: 13.888 Thread 0x00007f61e80c5800 2804       3       java.io.FilterInputStream::read (11 bytes)
Event: 13.888 Thread 0x00007f61e80c5800 nmethod 2804 0x00007f61d9852950 code [0x00007f61d9852ac0, 0x00007f61d9852ce8]
Event: 13.898 Thread 0x00007f61e80c5800 2805       3       java.lang.Character::codePointAtImpl (41 bytes)
Event: 13.899 Thread 0x00007f61e80c5800 nmethod 2805 0x00007f61d9852190 code [0x00007f61d9852320, 0x00007f61d98527b0]
Event: 13.899 Thread 0x00007f61e80c5800 2806       3       java.util.regex.Pattern::next (33 bytes)
Event: 13.899 Thread 0x00007f61e80c5800 nmethod 2806 0x00007f61d98581d0 code [0x00007f61d9858360, 0x00007f61d9858608]

GC Heap History (6 events):
Event: 1.132 GC heap before
{Heap before GC invocations=1 (full 0):
 PSYoungGen      total 37888K, used 32768K [0x00000000d6a00000, 0x00000000d9400000, 0x0000000100000000)
  eden space 32768K, 100% used [0x00000000d6a00000,0x00000000d8a00000,0x00000000d8a00000)
  from space 5120K, 0% used [0x00000000d8f00000,0x00000000d8f00000,0x00000000d9400000)
  to   space 5120K, 0% used [0x00000000d8a00000,0x00000000d8a00000,0x00000000d8f00000)
 ParOldGen       total 86016K, used 0K [0x0000000083e00000, 0x0000000089200000, 0x00000000d6a00000)
  object space 86016K, 0% used [0x0000000083e00000,0x0000000083e00000,0x0000000089200000)
 Metaspace       used 14964K, capacity 15568K, committed 15744K, reserved 1062912K
  class space    used 2228K, capacity 2382K, committed 2432K, reserved 1048576K
Event: 1.138 GC heap after
Heap after GC invocations=1 (full 0):
 PSYoungGen      total 37888K, used 5109K [0x00000000d6a00000, 0x00000000d9400000, 0x0000000100000000)
  eden space 32768K, 0% used [0x00000000d6a00000,0x00000000d6a00000,0x00000000d8a00000)
  from space 5120K, 99% used [0x00000000d8a00000,0x00000000d8efd4f0,0x00000000d8f00000)
  to   space 5120K, 0% used [0x00000000d8f00000,0x00000000d8f00000,0x00000000d9400000)
 ParOldGen       total 86016K, used 616K [0x0000000083e00000, 0x0000000089200000, 0x00000000d6a00000)
  object space 86016K, 0% used [0x0000000083e00000,0x0000000083e9a010,0x0000000089200000)
 Metaspace       used 14964K, capacity 15568K, committed 15744K, reserved 1062912K
  class space    used 2228K, capacity 2382K, committed 2432K, reserved 1048576K
}
Event: 13.799 GC heap before
{Heap before GC invocations=2 (full 0):
 PSYoungGen      total 37888K, used 25060K [0x00000000d6a00000, 0x00000000d9400000, 0x0000000100000000)
  eden space 32768K, 60% used [0x00000000d6a00000,0x00000000d7d7bc38,0x00000000d8a00000)
  from space 5120K, 99% used [0x00000000d8a00000,0x00000000d8efd4f0,0x00000000d8f00000)
  to   space 5120K, 0% used [0x00000000d8f00000,0x00000000d8f00000,0x00000000d9400000)
 ParOldGen       total 86016K, used 616K [0x0000000083e00000, 0x0000000089200000, 0x00000000d6a00000)
  object space 86016K, 0% used [0x0000000083e00000,0x0000000083e9a010,0x0000000089200000)
 Metaspace       used 20279K, capacity 21188K, committed 21296K, reserved 1067008K
  class space    used 2883K, capacity 3103K, committed 3120K, reserved 1048576K
Event: 13.806 GC heap after
Heap after GC invocations=2 (full 0):
 PSYoungGen      total 37888K, used 5093K [0x00000000d6a00000, 0x00000000d9400000, 0x0000000100000000)
  eden space 32768K, 0% used [0x00000000d6a00000,0x00000000d6a00000,0x00000000d8a00000)
  from space 5120K, 99% used [0x00000000d8f00000,0x00000000d93f9508,0x00000000d9400000)
  to   space 5120K, 0% used [0x00000000d8a00000,0x00000000d8a00000,0x00000000d8f00000)
 ParOldGen       total 86016K, used 3557K [0x0000000083e00000, 0x0000000089200000, 0x00000000d6a00000)
  object space 86016K, 4% used [0x0000000083e00000,0x0000000084179408,0x0000000089200000)
 Metaspace       used 20279K, capacity 21188K, committed 21296K, reserved 1067008K
  class space    used 2883K, capacity 3103K, committed 3120K, reserved 1048576K
}
Event: 13.806 GC heap before
{Heap before GC invocations=3 (full 1):
 PSYoungGen      total 37888K, used 5093K [0x00000000d6a00000, 0x00000000d9400000, 0x0000000100000000)
  eden space 32768K, 0% used [0x00000000d6a00000,0x00000000d6a00000,0x00000000d8a00000)
  from space 5120K, 99% used [0x00000000d8f00000,0x00000000d93f9508,0x00000000d9400000)
  to   space 5120K, 0% used [0x00000000d8a00000,0x00000000d8a00000,0x00000000d8f00000)
 ParOldGen       total 86016K, used 3557K [0x0000000083e00000, 0x0000000089200000, 0x00000000d6a00000)
  object space 86016K, 4% used [0x0000000083e00000,0x0000000084179408,0x0000000089200000)
 Metaspace       used 20279K, capacity 21188K, committed 21296K, reserved 1067008K
  class space    used 2883K, capacity 3103K, committed 3120K, reserved 1048576K
Event: 13.851 GC heap after
Heap after GC invocations=3 (full 1):
 PSYoungGen      total 37888K, used 0K [0x00000000d6a00000, 0x00000000d9400000, 0x0000000100000000)
  eden space 32768K, 0% used [0x00000000d6a00000,0x00000000d6a00000,0x00000000d8a00000)
  from space 5120K, 0% used [0x00000000d8f00000,0x00000000d8f00000,0x00000000d9400000)
  to   space 5120K, 0% used [0x00000000d8a00000,0x00000000d8a00000,0x00000000d8f00000)
 ParOldGen       total 45056K, used 8330K [0x0000000083e00000, 0x0000000086a00000, 0x00000000d6a00000)
  object space 45056K, 18% used [0x0000000083e00000,0x00000000846228a8,0x0000000086a00000)
 Metaspace       used 20279K, capacity 21188K, committed 21296K, reserved 1067008K
  class space    used 2883K, capacity 3103K, committed 3120K, reserved 1048576K
}

Deoptimization events (10 events):
Event: 1.212 Thread 0x00007f61e82d1000 Uncommon trap: reason=unstable_if action=reinterpret pc=0x00007f61d9315fbc method=jdk.internal.org.objectweb.asm.Type.getArgumentsAndReturnSizes(Ljava/lang/String;)I @ 47
Event: 2.781 Thread 0x00007f61e8219800 Uncommon trap: reason=unstable_if action=reinterpret pc=0x00007f61d93db420 method=java.lang.StrictMath.floorOrCeil(DDDD)D @ 115
Event: 3.464 Thread 0x00007f61e82d1000 Uncommon trap: reason=unstable_if action=reinterpret pc=0x00007f61d9217fa0 method=java.lang.CharacterData.of(I)Ljava/lang/CharacterData; @ 4
Event: 13.677 Thread 0x00007f61e82d1000 Uncommon trap: reason=unstable_if action=reinterpret pc=0x00007f61d9384414 method=java.io.ByteArrayInputStream.read()I @ 8
Event: 13.692 Thread 0x00007f61e82d1000 Uncommon trap: reason=unstable_if action=reinterpret pc=0x00007f61d92a9bc8 method=java.lang.String.indexOf([CII[CIII)I @ 3
Event: 13.770 Thread 0x00007f61e82d1000 Uncommon trap: reason=unstable_if action=reinterpret pc=0x00007f61d92b9130 method=java.lang.AbstractStringBuilder.append(Ljava/lang/String;)Ljava/lang/AbstractStringBuilder; @ 1
Event: 13.776 Thread 0x00007f61e82d1000 Uncommon trap: reason=unstable_if action=reinterpret pc=0x00007f61d97fedec method=java.util.WeakHashMap.remove(Ljava/lang/Object;)Ljava/lang/Object; @ 39
Event: 13.779 Thread 0x00007f61e82d1000 Uncommon trap: reason=unstable_if action=reinterpret pc=0x00007f61d927b990 method=sun.nio.cs.UTF_8$Decoder.decode([BII[C)I @ 30
Event: 13.782 Thread 0x00007f61e82d1000 Uncommon trap: reason=unstable_if action=reinterpret pc=0x00007f61d9246c8c method=java.lang.AbstractStringBuilder.append(Ljava/lang/String;)Ljava/lang/AbstractStringBuilder; @ 1
Event: 13.889 Thread 0x00007f61e82d1000 Uncommon trap: reason=unstable_if action=reinterpret pc=0x00007f61d985901c method=org.sqlite.SQLiteJDBCLoader.contentsEquals(Ljava/io/InputStream;Ljava/io/InputStream;)Z @ 39

Internal exceptions (10 events):
Event: 0.813 Thread 0x00007f61e82d1000 Exception <a 'java/lang/ArrayIndexOutOfBoundsException'> (0x00000000d7bdbb88) thrown at [/HUDSON/workspace/8-2-build-linux-amd64/jdk8u91/6644/hotspot/src/share/vm/runtime/sharedRuntime.cpp, line 605]
Event: 0.813 Thread 0x00007f61e82d1000 Exception <a 'java/lang/ArrayIndexOutOfBoundsException'> (0x00000000d7bdcf30) thrown at [/HUDSON/workspace/8-2-build-linux-amd64/jdk8u91/6644/hotspot/src/share/vm/runtime/sharedRuntime.cpp, line 605]
Event: 0.925 Thread 0x00007f61e82d1000 Implicit null exception at 0x00007f61d9231d75 to 0x00007f61d9231f51
Event: 13.734 Thread 0x00007f61e82d1000 Exception <a 'java/lang/ArrayIndexOutOfBoundsException'> (0x00000000d7973bc0) thrown at [/HUDSON/workspace/8-2-build-linux-amd64/jdk8u91/6644/hotspot/src/share/vm/runtime/sharedRuntime.cpp, line 605]
Event: 13.742 Thread 0x00007f61e82d1000 Exception <a 'java/lang/ArrayIndexOutOfBoundsException'> (0x00000000d7af4d28) thrown at [/HUDSON/workspace/8-2-build-linux-amd64/jdk8u91/6644/hotspot/src/share/vm/runtime/sharedRuntime.cpp, line 605]
Event: 13.758 Thread 0x00007f61e82d1000 Exception <a 'sun/nio/fs/UnixException'> (0x00000000d7bb8890) thrown at [/HUDSON/workspace/8-2-build-linux-amd64/jdk8u91/6644/hotspot/src/share/vm/prims/jni.cpp, line 709]
Event: 13.763 Thread 0x00007f61e82d1000 Exception <a 'sun/nio/fs/UnixException'> (0x00000000d7bba938) thrown at [/HUDSON/workspace/8-2-build-linux-amd64/jdk8u91/6644/hotspot/src/share/vm/prims/jni.cpp, line 709]
Event: 13.770 Thread 0x00007f61e82d1000 Implicit null exception at 0x00007f61d92b8db3 to 0x00007f61d92b911d
Event: 13.776 Thread 0x00007f61e82d1000 Implicit null exception at 0x00007f61d97fe8ba to 0x00007f61d97fedad
Event: 13.782 Thread 0x00007f61e82d1000 Implicit null exception at 0x00007f61d9246935 to 0x00007f61d9246c79

Events (10 events):
Event: 13.899 loading class org/sqlite/jdbc4/JDBC4PreparedStatement
Event: 13.899 loading class org/sqlite/jdbc4/JDBC4PreparedStatement done
Event: 13.899 loading class java/sql/ParameterMetaData
Event: 13.899 loading class java/sql/ParameterMetaData done
Event: 13.899 loading class org/sqlite/jdbc3/JDBC3PreparedStatement
Event: 13.899 loading class org/sqlite/jdbc3/JDBC3PreparedStatement done
Event: 13.900 loading class org/sqlite/core/CorePreparedStatement
Event: 13.900 loading class org/sqlite/core/CorePreparedStatement done
Event: 13.901 loading class java/sql/Date
Event: 13.901 loading class java/sql/Date done


Dynamic libraries:
00400000-00401000 r-xp 00000000 08:01 2626783                            /usr/lib/jvm/java-8-oracle/bin/java
00600000-00601000 rw-p 00000000 08:01 2626783                            /usr/lib/jvm/java-8-oracle/bin/java
021ac000-021cd000 rw-p 00000000 00:00 0                                  [heap]
40f38000-40fd4000 rw-p 00000000 00:00 0 
41c85000-41c87000 r-xs 00000000 08:01 17825908                           /tmp/.gl9Dhst5 (deleted)
83e00000-86a00000 rw-p 00000000 00:00 0 
86a00000-d6a00000 ---p 00000000 00:00 0 
d6a00000-d9400000 rw-p 00000000 00:00 0 
d9400000-100000000 ---p 00000000 00:00 0 
100000000-10032c000 rw-p 00000000 00:00 0 
10032c000-140000000 ---p 00000000 00:00 0 
7f6104000000-7f6104024000 rw-p 00000000 00:00 0 
7f6104024000-7f6108000000 ---p 00000000 00:00 0 
7f610c000000-7f610c021000 rw-p 00000000 00:00 0 
7f610c021000-7f6110000000 ---p 00000000 00:00 0 
7f6113ffe000-7f6154000000 ---p 00000000 00:00 0 
7f6154000000-7f6154021000 rw-p 00000000 00:00 0 
7f6154021000-7f6158000000 ---p 00000000 00:00 0 
7f6158712000-7f615bc09000 r-xp 00000000 08:01 2634351                    /usr/lib/jvm/java-8-oracle/jre/lib/amd64/libjfxwebkit.so
7f615bc09000-7f615be09000 ---p 034f7000 08:01 2634351                    /usr/lib/jvm/java-8-oracle/jre/lib/amd64/libjfxwebkit.so
7f615be09000-7f615bfdc000 rw-p 034f7000 08:01 2634351                    /usr/lib/jvm/java-8-oracle/jre/lib/amd64/libjfxwebkit.so
7f615bfdc000-7f615c000000 rw-p 00000000 00:00 0 
7f615c000000-7f615c021000 rw-p 00000000 00:00 0 
7f615c021000-7f6160000000 ---p 00000000 00:00 0 
7f616017c000-7f61601bc000 rw-p 00000000 00:00 0 
7f61601bc000-7f616037c000 ---p 00000000 00:00 0 
7f616037c000-7f6160435000 r-xp 00000000 08:01 17825920                   /tmp/sqlite-3.8.11.2-83b33d96-36db-4a8f-bac6-d65f1630835c-libsqlitejdbc.so
7f6160435000-7f6160635000 ---p 000b9000 08:01 17825920                   /tmp/sqlite-3.8.11.2-83b33d96-36db-4a8f-bac6-d65f1630835c-libsqlitejdbc.so
7f6160635000-7f616063a000 rw-p 000b9000 08:01 17825920                   /tmp/sqlite-3.8.11.2-83b33d96-36db-4a8f-bac6-d65f1630835c-libsqlitejdbc.so
7f616063a000-7f616063d000 ---p 00000000 00:00 0 
7f616063d000-7f616073b000 rw-p 00000000 00:00 0                          [stack:8636]
7f616073b000-7f6160751000 r-xp 00000000 08:01 2634362                    /usr/lib/jvm/java-8-oracle/jre/lib/amd64/libnet.so
7f6160751000-7f6160951000 ---p 00016000 08:01 2634362                    /usr/lib/jvm/java-8-oracle/jre/lib/amd64/libnet.so
7f6160951000-7f6160952000 rw-p 00016000 08:01 2634362                    /usr/lib/jvm/java-8-oracle/jre/lib/amd64/libnet.so
7f6160952000-7f6160963000 r-xp 00000000 08:01 2634325                    /usr/lib/jvm/java-8-oracle/jre/lib/amd64/libnio.so
7f6160963000-7f6160b62000 ---p 00011000 08:01 2634325                    /usr/lib/jvm/java-8-oracle/jre/lib/amd64/libnio.so
7f6160b62000-7f6160b63000 rw-p 00010000 08:01 2634325                    /usr/lib/jvm/java-8-oracle/jre/lib/amd64/libnio.so
7f6160b63000-7f6160f43000 ---p 00000000 00:00 0 
7f6160f43000-7f6160f63000 rw-p 00000000 00:00 0 
7f6160f63000-7f6160f64000 ---p 00000000 00:00 0 
7f6160f64000-7f6161764000 rw-p 00000000 00:00 0                          [stack:8634]
7f6161764000-7f6161785000 r-xp 00000000 08:01 12856477                   /lib/x86_64-linux-gnu/liblzma.so.5.0.0
7f6161785000-7f6161984000 ---p 00021000 08:01 12856477                   /lib/x86_64-linux-gnu/liblzma.so.5.0.0
7f6161984000-7f6161985000 r--p 00020000 08:01 12856477                   /lib/x86_64-linux-gnu/liblzma.so.5.0.0
7f6161985000-7f6161986000 rw-p 00021000 08:01 12856477                   /lib/x86_64-linux-gnu/liblzma.so.5.0.0
7f6161986000-7f6161ae2000 r-xp 00000000 08:01 2359910                    /usr/lib/x86_64-linux-gnu/libxml2.so.2.9.1
7f6161ae2000-7f6161ce2000 ---p 0015c000 08:01 2359910                    /usr/lib/x86_64-linux-gnu/libxml2.so.2.9.1
7f6161ce2000-7f6161cea000 r--p 0015c000 08:01 2359910                    /usr/lib/x86_64-linux-gnu/libxml2.so.2.9.1
7f6161cea000-7f6161cec000 rw-p 00164000 08:01 2359910                    /usr/lib/x86_64-linux-gnu/libxml2.so.2.9.1
7f6161cec000-7f6161ced000 rw-p 00000000 00:00 0 
7f6161ced000-7f6161d28000 r-xp 00000000 08:01 2362035                    /usr/lib/x86_64-linux-gnu/libxslt.so.1.1.28
7f6161d28000-7f6161f28000 ---p 0003b000 08:01 2362035                    /usr/lib/x86_64-linux-gnu/libxslt.so.1.1.28
7f6161f28000-7f6161f29000 r--p 0003b000 08:01 2362035                    /usr/lib/x86_64-linux-gnu/libxslt.so.1.1.28
7f6161f29000-7f6161f2a000 rw-p 0003c000 08:01 2362035                    /usr/lib/x86_64-linux-gnu/libxslt.so.1.1.28
7f6161f2a000-7f616212a000 rw-p 00000000 00:00 0 
7f616212a000-7f616212d000 ---p 00000000 00:00 0 
7f616212d000-7f616242b000 rw-p 00000000 00:00 0                          [stack:8635]
7f616242b000-7f616262b000 rw-s 1c4cd000 00:05 17575                      /dev/nvidiactl
7f616262b000-7f6162a2b000 rw-s 220349000 00:05 17575                     /dev/nvidiactl
7f6162a2b000-7f6162c2b000 rw-s 15058000 00:05 17575                      /dev/nvidiactl
7f6162c2b000-7f616342c000 rw-p 00000000 00:00 0 
7f616342c000-7f616348c000 rw-s 00000000 00:04 46170135                   /SYSV00000000 (deleted)
7f616348c000-7f616349f000 r--s 00344000 08:01 2626919                    /usr/lib/jvm/java-8-oracle/jre/lib/resources.jar
7f616349f000-7f616353a000 r--p 00000000 08:01 6164184                    /usr/share/fonts/truetype/dejavu/DejaVuSans-BoldOblique.ttf
7f616353a000-7f61635f0000 r--p 00000000 08:01 6174086                    /usr/share/fonts/truetype/dejavu/DejaVuSans.ttf
7f61635f0000-7f61637f0000 rw-p 00000000 00:00 0 
7f61637f0000-7f61637f3000 ---p 00000000 00:00 0 
7f61637f3000-7f61638f1000 rw-p 00000000 00:00 0                          [stack:8627]
7f61638f1000-7f616398c000 r--p 00000000 08:01 6164190                    /usr/share/fonts/truetype/dejavu/DejaVuSans-Oblique.ttf
7f616398c000-7f61639c6000 r--p 00000000 08:01 2634293                    /usr/lib/jvm/java-8-oracle/jre/lib/fonts/LucidaTypewriterBold.ttf
7f61639c6000-7f6163a14000 r--p 00000000 08:01 2634292                    /usr/lib/jvm/java-8-oracle/jre/lib/fonts/LucidaSansDemiBold.ttf
7f6163a14000-7f6163a28000 r--p 00000000 08:01 2634291                    /usr/lib/jvm/java-8-oracle/jre/lib/fonts/LucidaBrightItalic.ttf
7f6163a28000-7f6163a7d000 r--p 00000000 08:01 2634290                    /usr/lib/jvm/java-8-oracle/jre/lib/fonts/LucidaBrightRegular.ttf
7f6163a7d000-7f6163b28000 r--p 00000000 08:01 2634289                    /usr/lib/jvm/java-8-oracle/jre/lib/fonts/LucidaSansRegular.ttf
7f6163b28000-7f6163b64000 r--p 00000000 08:01 2634288                    /usr/lib/jvm/java-8-oracle/jre/lib/fonts/LucidaTypewriterRegular.ttf
7f6163b64000-7f6163b77000 r--p 00000000 08:01 2634287                    /usr/lib/jvm/java-8-oracle/jre/lib/fonts/LucidaBrightDemiItalic.ttf
7f6163b77000-7f6163b8a000 r--p 00000000 08:01 2634286                    /usr/lib/jvm/java-8-oracle/jre/lib/fonts/LucidaBrightDemiBold.ttf
7f6163b8a000-7f6163b8e000 r-xp 00000000 08:01 2634354                    /usr/lib/jvm/java-8-oracle/jre/lib/amd64/libjavafx_font_pango.so
7f6163b8e000-7f6163d8d000 ---p 00004000 08:01 2634354                    /usr/lib/jvm/java-8-oracle/jre/lib/amd64/libjavafx_font_pango.so
7f6163d8d000-7f6163d8e000 rw-p 00003000 08:01 2634354                    /usr/lib/jvm/java-8-oracle/jre/lib/amd64/libjavafx_font_pango.so
7f6163d8e000-7f6163d93000 r--s 00084000 08:01 2634397                    /usr/lib/jvm/java-8-oracle/jre/lib/jfr.jar
7f6163d93000-7f6163d94000 r--s 00000000 08:01 531970                     /var/cache/fontconfig/087e1975ba9a574b140bb1df193bf770-le64.cache-4
7f6163d94000-7f6163da2000 r--s 00000000 08:01 533051                     /var/cache/fontconfig/6aa41aa22e18b8fa06a12da28ea9c28b-le64.cache-4
7f6163da2000-7f6163da3000 r--s 00000000 08:01 531754                     /var/cache/fontconfig/c05880de57d1f5e948fdfacc138775d9-le64.cache-4
7f6163da3000-7f6163dae000 r--s 00000000 08:01 532013                     /var/cache/fontconfig/945677eb7aeaf62f1d50efc3fb3ec7d8-le64.cache-4
7f6163dae000-7f6163db0000 r--s 00000000 08:01 531959                     /var/cache/fontconfig/99e8ed0e538f840c565b6ed5dad60d56-le64.cache-4
7f6163db0000-7f6163db9000 r--s 00000000 08:01 531897                     /var/cache/fontconfig/a6d8cf8e4ec09cdbc8633c31745a07dd-le64.cache-4
7f6163db9000-7f6163dbf000 r--s 00000000 08:01 528392                     /var/cache/fontconfig/2cd17615ca594fa2959ae173292e504c-le64.cache-4
7f6163dbf000-7f6163dc0000 r--s 00000000 08:01 531736                     /var/cache/fontconfig/e7071f4a29fa870f4323321c154eba04-le64.cache-4
7f6163dc0000-7f6163dc7000 r--s 00000000 08:01 531718                     /var/cache/fontconfig/6eb3985aa4124903f6ff08ba781cd364-le64.cache-4
7f6163dc7000-7f6163dc8000 r--s 00000000 08:01 531938                     /var/cache/fontconfig/0d8c3b2ac0904cb8a57a757ad11a4a08-le64.cache-4
7f6163dc8000-7f6163dcf000 r--s 00000000 08:01 531678                     /var/cache/fontconfig/a755afe4a08bf5b97852ceb7400b47bc-le64.cache-4
7f6163dcf000-7f6163ddb000 r--s 00000000 08:01 533256                     /var/cache/fontconfig/6d41288fd70b0be22e8c3a91e032eec0-le64.cache-4
7f6163ddb000-7f6163def000 r--s 00000000 08:01 531940                     /var/cache/fontconfig/04aabc0a78ac019cf9454389977116d2-le64.cache-4
7f6163def000-7f6163df0000 r--s 00000000 08:01 531906                     /var/cache/fontconfig/1ac9eb803944fde146138c791f5cc56a-le64.cache-4
7f6163df0000-7f6163df1000 r--s 00000000 08:01 531884                     /var/cache/fontconfig/b95bc8ffbebda2bbdae4265e45b8178d-le64.cache-4
7f6163df1000-7f6163df5000 r--s 00000000 08:01 531768                     /var/cache/fontconfig/385c0604a188198f04d133e54aba7fe7-le64.cache-4
7f6163df5000-7f6163df6000 r--s 00000000 08:01 531804                     /var/cache/fontconfig/9c956a7723ca69a44b382d9179c9802f-le64.cache-4
7f6163df6000-7f6163df7000 r--s 00000000 08:01 531518                     /var/cache/fontconfig/dc05db6664285cc2f12bf69c139ae4c3-le64.cache-4
7f6163df7000-7f6163df8000 r--s 00000000 08:01 531798                     /var/cache/fontconfig/5d1cca7074f29429a8d18692746c2426-le64.cache-4
7f6163df8000-7f6163dfa000 r--s 00000000 08:01 531784                     /var/cache/fontconfig/767a8244fc0220cfb567a839d0392e0b-le64.cache-4
7f6163dfa000-7f6163dfb000 r--s 00000000 08:01 805428                     /var/cache/fontconfig/4794a0821666d79190d59a36cb4f44b5-le64.cache-4
7f6163dfb000-7f6163e00000 r-xp 00000000 08:01 2634315                    /usr/lib/jvm/java-8-oracle/jre/lib/amd64/libjavafx_font_freetype.so
7f6163e00000-7f6163fff000 ---p 00005000 08:01 2634315                    /usr/lib/jvm/java-8-oracle/jre/lib/amd64/libjavafx_font_freetype.so
7f6163fff000-7f6164000000 rw-p 00004000 08:01 2634315                    /usr/lib/jvm/java-8-oracle/jre/lib/amd64/libjavafx_font_freetype.so
7f6164000000-7f61646d3000 rw-p 00000000 00:00 0 
7f61646d3000-7f6168000000 ---p 00000000 00:00 0 
7f6168000000-7f6168021000 rw-p 00000000 00:00 0 
7f6168021000-7f616c000000 ---p 00000000 00:00 0 
7f616c000000-7f616c022000 rw-p 00000000 00:00 0 
7f616c022000-7f6170000000 ---p 00000000 00:00 0 
7f6170000000-7f6170021000 rw-p 00000000 00:00 0 
7f6170021000-7f6174000000 ---p 00000000 00:00 0 
7f6174000000-7f6174021000 rw-p 00000000 00:00 0 
7f6174021000-7f6178000000 ---p 00000000 00:00 0 
7f6178000000-7f6178001000 r--s 00000000 08:01 531769                     /var/cache/fontconfig/9eae20f1ff8cc0a7d125749e875856bd-le64.cache-4
7f6178001000-7f6178003000 r--s 00000000 08:01 531755                     /var/cache/fontconfig/bf2c1853a9e9b00bb02fe2e9bcf1e201-le64.cache-4
7f6178003000-7f6178008000 r--s 00000000 08:01 531698                     /var/cache/fontconfig/8801497958630a81b71ace7c5f9b32a8-le64.cache-4
7f6178008000-7f6178043000 r--s 00000000 08:01 531720                     /var/cache/fontconfig/365b55f210c0a22e9a19e35191240f32-le64.cache-4
7f6178043000-7f6178047000 r--s 00000000 08:01 691066                     /var/cache/fontconfig/c57959a16110560c8d0fcea73374aeeb-le64.cache-4
7f6178047000-7f617804e000 r--s 00000000 08:01 531709                     /var/cache/fontconfig/3047814df9a2f067bd2d96a2b9c36e5a-le64.cache-4
7f617804e000-7f6178052000 r--s 00000000 08:01 533254                     /var/cache/fontconfig/bf3b770c553c462765856025a94f1ce6-le64.cache-4
7f6178052000-7f6178053000 r--s 00000000 08:01 531626                     /var/cache/fontconfig/56cf4f4769d0f4abc89a4895d7bd3ae1-le64.cache-4
7f6178053000-7f6178054000 r--s 00000000 08:01 532269                     /var/cache/fontconfig/b9d506c9ac06c20b433354fa67a72993-le64.cache-4
7f6178054000-7f617805a000 r--s 00000000 08:01 532645                     /var/cache/fontconfig/b47c4e1ecd0709278f4910c18777a504-le64.cache-4
7f617805a000-7f617805d000 r--s 00000000 08:01 533250                     /var/cache/fontconfig/14d493b97896515cad3840ba4896e372-le64.cache-4
7f617805d000-7f617805e000 r--s 00000000 08:01 533248                     /var/cache/fontconfig/89034621ae2a8922916bb6bfa5799546-le64.cache-4
7f617805e000-7f6178061000 r--s 00000000 08:01 533247                     /var/cache/fontconfig/e49e89034d371f0f9de17aab02136486-le64.cache-4
7f6178061000-7f6178063000 r--s 00000000 08:01 531618                     /var/cache/fontconfig/4b14b093aebc79c320de5e86ae1d3314-le64.cache-4
7f6178063000-7f6178064000 r--s 00000000 08:01 531586                     /var/cache/fontconfig/8aec10f4cc8391dcef22ca549f1e4354-le64.cache-4
7f6178064000-7f6178077000 r--s 00000000 08:01 531598                     /var/cache/fontconfig/d52a8644073d54c13679302ca1180695-le64.cache-4
7f6178077000-7f6178078000 r--s 00000000 08:01 531554                     /var/cache/fontconfig/8a687c406b77f27d99abfeeba937fcce-le64.cache-4
7f6178078000-7f6178081000 r--s 00000000 08:01 681497                     /var/cache/fontconfig/3f7329c5293ffd510edef78f73874cfd-le64.cache-4
7f6178081000-7f6178082000 r--s 00000000 08:01 531557                     /var/cache/fontconfig/ac2cf712d852da827a87a9baf682f5b9-le64.cache-4
7f6178082000-7f6178084000 r--s 00000000 08:01 531553                     /var/cache/fontconfig/65f976e5259cbe6dc7697b8648396239-le64.cache-4
7f6178084000-7f617808f000 r--s 00000000 08:01 533219                     /var/cache/fontconfig/d589a48862398ed80a3d6066f4f56f4c-le64.cache-4
7f617808f000-7f6178090000 r--s 00000000 08:01 533208                     /var/cache/fontconfig/94f7fe9bd33aadfac165873bd010d595-le64.cache-4
7f6178090000-7f6178092000 r--s 00000000 08:01 533206                     /var/cache/fontconfig/423767150eb258c59035de29db6fca84-le64.cache-4
7f6178092000-7f6178093000 r--s 00000000 08:01 531533                     /var/cache/fontconfig/845c20fd2c4814bcec78e05d37a63ccc-le64.cache-4
7f6178093000-7f6178094000 r--s 00000000 08:01 531674                     /var/cache/fontconfig/e7de81b01590fb7e12b38e274e17d0db-le64.cache-4
7f6178094000-7f6178095000 r--s 00000000 08:01 533202                     /var/cache/fontconfig/406a1d2d2bf3ed7664fbadefac0b2f66-le64.cache-4
7f6178095000-7f6178097000 r--s 00000000 08:01 531703                     /var/cache/fontconfig/67709b7835c0f764c1135060c9575660-le64.cache-4
7f6178097000-7f61780a1000 r--s 00000000 08:01 533199                     /var/cache/fontconfig/198d8fcf01c96d0cf813f74fd759bdb7-le64.cache-4
7f61780a1000-7f61780a2000 r--s 00000000 08:01 532573                     /var/cache/fontconfig/0c9eb80ebd1c36541ebe2852d3bb0c49-le64.cache-4
7f61780a2000-7f61780ad000 r--s 00000000 08:01 533166                     /var/cache/fontconfig/83bf95040141907cd45bb53cf7c1c148-le64.cache-4
7f61780ad000-7f61780b4000 r--s 00000000 08:01 533113                     /var/cache/fontconfig/53d14c92082a93e67d5078324eb314ca-le64.cache-4
7f61780b4000-7f61780c7000 r--s 00000000 08:01 533087                     /var/cache/fontconfig/4ac51e5cfbc76fc3f983e470323a16d3-le64.cache-4
7f61780c7000-7f61780e8000 r--s 00000000 08:01 612280                     /var/cache/fontconfig/e13b20fdb08344e0e664864cc2ede53d-le64.cache-4
7f61780e8000-7f61780eb000 r-xp 00000000 08:01 2634328                    /usr/lib/jvm/java-8-oracle/jre/lib/amd64/libjavafx_font.so
7f61780eb000-7f61782ea000 ---p 00003000 08:01 2634328                    /usr/lib/jvm/java-8-oracle/jre/lib/amd64/libjavafx_font.so
7f61782ea000-7f61782eb000 rw-p 00002000 08:01 2634328                    /usr/lib/jvm/java-8-oracle/jre/lib/amd64/libjavafx_font.so
7f61782eb000-7f61784eb000 rw-p 00000000 00:00 0 
7f61784eb000-7f61786eb000 rw-p 00000000 00:00 0 
7f61786eb000-7f61786ee000 ---p 00000000 00:00 0 
7f61786ee000-7f61787ec000 rw-p 00000000 00:00 0                          [stack:8626]
7f61787ec000-7f61787ef000 ---p 00000000 00:00 0 
7f61787ef000-7f61788ed000 rw-p 00000000 00:00 0                          [stack:8625]
7f61788ed000-7f61788f0000 ---p 00000000 00:00 0 
7f61788f0000-7f61789ee000 rw-p 00000000 00:00 0                          [stack:8624]
7f61789ee000-7f61789ef000 ---p 00000000 00:00 0 
7f61789ef000-7f61791ef000 rw-p 00000000 00:00 0                          [stack:8623]
7f61791ef000-7f61791f0000 ---p 00000000 00:00 0 
7f61791f0000-7f61799f0000 rw-p 00000000 00:00 0                          [stack:8622]
7f61799f0000-7f61799fb000 r-xp 00000000 08:01 2365855                    /usr/lib/x86_64-linux-gnu/gio/modules/libdconfsettings.so
7f61799fb000-7f6179bfb000 ---p 0000b000 08:01 2365855                    /usr/lib/x86_64-linux-gnu/gio/modules/libdconfsettings.so
7f6179bfb000-7f6179bfc000 r--p 0000b000 08:01 2365855                    /usr/lib/x86_64-linux-gnu/gio/modules/libdconfsettings.so
7f6179bfc000-7f6179bfd000 rw-p 0000c000 08:01 2365855                    /usr/lib/x86_64-linux-gnu/gio/modules/libdconfsettings.so
7f6179bfd000-7f6179c4f000 r--p 00000000 08:01 2365267                    /usr/share/glib-2.0/schemas/gschemas.compiled
7f6179c4f000-7f6179c58000 r-xp 00000000 08:01 3014685                    /usr/lib/x86_64-linux-gnu/gtk-2.0/2.10.0/engines/libpixmap.so
7f6179c58000-7f6179e58000 ---p 00009000 08:01 3014685                    /usr/lib/x86_64-linux-gnu/gtk-2.0/2.10.0/engines/libpixmap.so
7f6179e58000-7f6179e59000 r--p 00009000 08:01 3014685                    /usr/lib/x86_64-linux-gnu/gtk-2.0/2.10.0/engines/libpixmap.so
7f6179e59000-7f6179e5a000 rw-p 0000a000 08:01 3014685                    /usr/lib/x86_64-linux-gnu/gtk-2.0/2.10.0/engines/libpixmap.so
7f6179e5a000-7f6179e89000 r-xp 00000000 08:01 3015705                    /usr/lib/x86_64-linux-gnu/gtk-2.0/2.10.0/engines/libmurrine.so
7f6179e89000-7f617a089000 ---p 0002f000 08:01 3015705                    /usr/lib/x86_64-linux-gnu/gtk-2.0/2.10.0/engines/libmurrine.so
7f617a089000-7f617a08a000 r--p 0002f000 08:01 3015705                    /usr/lib/x86_64-linux-gnu/gtk-2.0/2.10.0/engines/libmurrine.so
7f617a08a000-7f617a08b000 rw-p 00030000 08:01 3015705                    /usr/lib/x86_64-linux-gnu/gtk-2.0/2.10.0/engines/libmurrine.so
7f617a08b000-7f617a09c000 r-xp 00000000 08:01 3014742                    /usr/lib/x86_64-linux-gnu/gtk-2.0/modules/liboverlay-scrollbar.so
7f617a09c000-7f617a29b000 ---p 00011000 08:01 3014742                    /usr/lib/x86_64-linux-gnu/gtk-2.0/modules/liboverlay-scrollbar.so
7f617a29b000-7f617a29c000 r--p 00010000 08:01 3014742                    /usr/lib/x86_64-linux-gnu/gtk-2.0/modules/liboverlay-scrollbar.so
7f617a29c000-7f617a29d000 rw-p 00011000 08:01 3014742                    /usr/lib/x86_64-linux-gnu/gtk-2.0/modules/liboverlay-scrollbar.so
7f617a29d000-7f617a2a4000 r-xp 00000000 08:01 2365583                    /usr/lib/x86_64-linux-gnu/libogg.so.0.8.1
7f617a2a4000-7f617a4a4000 ---p 00007000 08:01 2365583                    /usr/lib/x86_64-linux-gnu/libogg.so.0.8.1
7f617a4a4000-7f617a4a5000 r--p 00007000 08:01 2365583                    /usr/lib/x86_64-linux-gnu/libogg.so.0.8.1
7f617a4a5000-7f617a4a6000 rw-p 00008000 08:01 2365583                    /usr/lib/x86_64-linux-gnu/libogg.so.0.8.1
7f617a4a6000-7f617a4d2000 r-xp 00000000 08:01 2368362                    /usr/lib/x86_64-linux-gnu/libvorbis.so.0.4.5
7f617a4d2000-7f617a6d1000 ---p 0002c000 08:01 2368362                    /usr/lib/x86_64-linux-gnu/libvorbis.so.0.4.5
7f617a6d1000-7f617a6d2000 r--p 0002b000 08:01 2368362                    /usr/lib/x86_64-linux-gnu/libvorbis.so.0.4.5
7f617a6d2000-7f617a6d3000 rw-p 0002c000 08:01 2368362                    /usr/lib/x86_64-linux-gnu/libvorbis.so.0.4.5
7f617a6d3000-7f617a6dc000 r-xp 00000000 08:01 2362152                    /usr/lib/x86_64-linux-gnu/libltdl.so.7.3.0
7f617a6dc000-7f617a8db000 ---p 00009000 08:01 2362152                    /usr/lib/x86_64-linux-gnu/libltdl.so.7.3.0
7f617a8db000-7f617a8dc000 r--p 00008000 08:01 2362152                    /usr/lib/x86_64-linux-gnu/libltdl.so.7.3.0
7f617a8dc000-7f617a8dd000 rw-p 00009000 08:01 2362152                    /usr/lib/x86_64-linux-gnu/libltdl.so.7.3.0
7f617a8dd000-7f617a8f1000 r-xp 00000000 08:01 2363794                    /usr/lib/x86_64-linux-gnu/libtdb.so.1.3.8
7f617a8f1000-7f617aaf0000 ---p 00014000 08:01 2363794                    /usr/lib/x86_64-linux-gnu/libtdb.so.1.3.8
7f617aaf0000-7f617aaf1000 r--p 00013000 08:01 2363794                    /usr/lib/x86_64-linux-gnu/libtdb.so.1.3.8
7f617aaf1000-7f617aaf2000 rw-p 00014000 08:01 2363794                    /usr/lib/x86_64-linux-gnu/libtdb.so.1.3.8
7f617aaf2000-7f617aaf9000 r-xp 00000000 08:01 2366946                    /usr/lib/x86_64-linux-gnu/libvorbisfile.so.3.3.4
7f617aaf9000-7f617acf8000 ---p 00007000 08:01 2366946                    /usr/lib/x86_64-linux-gnu/libvorbisfile.so.3.3.4
7f617acf8000-7f617acf9000 r--p 00006000 08:01 2366946                    /usr/lib/x86_64-linux-gnu/libvorbisfile.so.3.3.4
7f617acf9000-7f617acfa000 rw-p 00007000 08:01 2366946                    /usr/lib/x86_64-linux-gnu/libvorbisfile.so.3.3.4
7f617acfa000-7f617ad09000 r-xp 00000000 08:01 2367576                    /usr/lib/x86_64-linux-gnu/libcanberra.so.0.2.5
7f617ad09000-7f617af08000 ---p 0000f000 08:01 2367576                    /usr/lib/x86_64-linux-gnu/libcanberra.so.0.2.5
7f617af08000-7f617af09000 r--p 0000e000 08:01 2367576                    /usr/lib/x86_64-linux-gnu/libcanberra.so.0.2.5
7f617af09000-7f617af0a000 rw-p 0000f000 08:01 2367576                    /usr/lib/x86_64-linux-gnu/libcanberra.so.0.2.5
7f617af0a000-7f617af0e000 r-xp 00000000 08:01 2360822                    /usr/lib/x86_64-linux-gnu/libcanberra-gtk.so.0.1.9
7f617af0e000-7f617b10d000 ---p 00004000 08:01 2360822                    /usr/lib/x86_64-linux-gnu/libcanberra-gtk.so.0.1.9
7f617b10d000-7f617b10e000 r--p 00003000 08:01 2360822                    /usr/lib/x86_64-linux-gnu/libcanberra-gtk.so.0.1.9
7f617b10e000-7f617b10f000 rw-p 00004000 08:01 2360822                    /usr/lib/x86_64-linux-gnu/libcanberra-gtk.so.0.1.9
7f617b10f000-7f617b114000 r-xp 00000000 08:01 3016927                    /usr/lib/x86_64-linux-gnu/gtk-2.0/modules/libcanberra-gtk-module.so
7f617b114000-7f617b313000 ---p 00005000 08:01 3016927                    /usr/lib/x86_64-linux-gnu/gtk-2.0/modules/libcanberra-gtk-module.so
7f617b313000-7f617b314000 r--p 00004000 08:01 3016927                    /usr/lib/x86_64-linux-gnu/gtk-2.0/modules/libcanberra-gtk-module.so
7f617b314000-7f617b315000 rw-p 00005000 08:01 3016927                    /usr/lib/x86_64-linux-gnu/gtk-2.0/modules/libcanberra-gtk-module.so
7f617b315000-7f617b33e000 r-xp 00000000 08:01 2634342                    /usr/lib/jvm/java-8-oracle/jre/lib/amd64/libglass.so
7f617b33e000-7f617b53d000 ---p 00029000 08:01 2634342                    /usr/lib/jvm/java-8-oracle/jre/lib/amd64/libglass.so
7f617b53d000-7f617b540000 rw-p 00028000 08:01 2634342                    /usr/lib/jvm/java-8-oracle/jre/lib/amd64/libglass.so
7f617b589000-7f617b590000 ---p 00000000 00:00 0 
7f617b590000-7f617b5a0000 rw-p 00000000 00:00 0 
7f617b5a0000-7f617b5b0000 ---p 00000000 00:00 0 
7f617b5b0000-7f617b5c0000 rw-p 00000000 00:00 0 
7f617b5c0000-7f617b5d0000 ---p 00000000 00:00 0 
7f617b5d0000-7f617b5e0000 rw-p 00000000 00:00 0 
7f617b5e0000-7f617b5f0000 ---p 00000000 00:00 0 
7f617b5f0000-7f617b600000 rw-p 00000000 00:00 0 
7f617b600000-7f617b610000 ---p 00000000 00:00 0 
7f617b610000-7f617b620000 rw-p 00000000 00:00 0 
7f617b620000-7f617b624000 ---p 00000000 00:00 0 
7f617b624000-7f617b640000 r--s 00393000 08:01 2626926                    /usr/lib/jvm/java-8-oracle/jre/lib/ext/cldrdata.jar
7f617b640000-7f617b646000 r-xp 00000000 08:01 2361144                    /usr/lib/x86_64-linux-gnu/libdatrie.so.1.3.1
7f617b646000-7f617b845000 ---p 00006000 08:01 2361144                    /usr/lib/x86_64-linux-gnu/libdatrie.so.1.3.1
7f617b845000-7f617b846000 r--p 00005000 08:01 2361144                    /usr/lib/x86_64-linux-gnu/libdatrie.so.1.3.1
7f617b846000-7f617b847000 rw-p 00006000 08:01 2361144                    /usr/lib/x86_64-linux-gnu/libdatrie.so.1.3.1
7f617b847000-7f617b84c000 r-xp 00000000 08:01 2361092                    /usr/lib/x86_64-linux-gnu/libXdmcp.so.6.0.0
7f617b84c000-7f617ba4b000 ---p 00005000 08:01 2361092                    /usr/lib/x86_64-linux-gnu/libXdmcp.so.6.0.0
7f617ba4b000-7f617ba4c000 r--p 00004000 08:01 2361092                    /usr/lib/x86_64-linux-gnu/libXdmcp.so.6.0.0
7f617ba4c000-7f617ba4d000 rw-p 00005000 08:01 2361092                    /usr/lib/x86_64-linux-gnu/libXdmcp.so.6.0.0
7f617ba4d000-7f617ba4f000 r-xp 00000000 08:01 2364370                    /usr/lib/x86_64-linux-gnu/libXau.so.6.0.0
7f617ba4f000-7f617bc4f000 ---p 00002000 08:01 2364370                    /usr/lib/x86_64-linux-gnu/libXau.so.6.0.0
7f617bc4f000-7f617bc50000 r--p 00002000 08:01 2364370                    /usr/lib/x86_64-linux-gnu/libXau.so.6.0.0
7f617bc50000-7f617bc51000 rw-p 00003000 08:01 2364370                    /usr/lib/x86_64-linux-gnu/libXau.so.6.0.0
7f617bc51000-7f617bc75000 r-xp 00000000 08:01 2359460                    /usr/lib/x86_64-linux-gnu/libgraphite2.so.3.0.1
7f617bc75000-7f617be74000 ---p 00024000 08:01 2359460                    /usr/lib/x86_64-linux-gnu/libgraphite2.so.3.0.1
7f617be74000-7f617be76000 r--p 00023000 08:01 2359460                    /usr/lib/x86_64-linux-gnu/libgraphite2.so.3.0.1
7f617be76000-7f617be77000 rw-p 00025000 08:01 2359460                    /usr/lib/x86_64-linux-gnu/libgraphite2.so.3.0.1
7f617be77000-7f617d839000 r-xp 00000000 08:01 2369990                    /usr/lib/nvidia-340-updates/libnvidia-glcore.so.340.96
7f617d839000-7f617d857000 rwxp 019c2000 08:01 2369990                    /usr/lib/nvidia-340-updates/libnvidia-glcore.so.340.96
7f617d857000-7f617dcd5000 r-xp 019e0000 08:01 2369990                    /usr/lib/nvidia-340-updates/libnvidia-glcore.so.340.96
7f617dcd5000-7f617ded4000 ---p 01e5e000 08:01 2369990                    /usr/lib/nvidia-340-updates/libnvidia-glcore.so.340.96
7f617ded4000-7f617ea6e000 rw-p 01e5d000 08:01 2369990                    /usr/lib/nvidia-340-updates/libnvidia-glcore.so.340.96
7f617ea6e000-7f617ea8b000 rw-p 00000000 00:00 0 
7f617ea8b000-7f617ea8e000 r-xp 00000000 08:01 2368518                    /usr/lib/nvidia-340-updates/tls/libnvidia-tls.so.340.96
7f617ea8e000-7f617ec8d000 ---p 00003000 08:01 2368518                    /usr/lib/nvidia-340-updates/tls/libnvidia-tls.so.340.96
7f617ec8d000-7f617ec8e000 rw-p 00002000 08:01 2368518                    /usr/lib/nvidia-340-updates/tls/libnvidia-tls.so.340.96
7f617ec8e000-7f617eccb000 r-xp 00000000 08:01 12848537                   /lib/x86_64-linux-gnu/libpcre.so.3.13.1
7f617eccb000-7f617eeca000 ---p 0003d000 08:01 12848537                   /lib/x86_64-linux-gnu/libpcre.so.3.13.1
7f617eeca000-7f617eecb000 r--p 0003c000 08:01 12848537                   /lib/x86_64-linux-gnu/libpcre.so.3.13.1
7f617eecb000-7f617eecc000 rw-p 0003d000 08:01 12848537                   /lib/x86_64-linux-gnu/libpcre.so.3.13.1
7f617eecc000-7f617eed3000 r-xp 00000000 08:01 2361550                    /usr/lib/x86_64-linux-gnu/libffi.so.6.0.1
7f617eed3000-7f617f0d2000 ---p 00007000 08:01 2361550                    /usr/lib/x86_64-linux-gnu/libffi.so.6.0.1
7f617f0d2000-7f617f0d3000 r--p 00006000 08:01 2361550                    /usr/lib/x86_64-linux-gnu/libffi.so.6.0.1
7f617f0d3000-7f617f0d4000 rw-p 00007000 08:01 2361550                    /usr/lib/x86_64-linux-gnu/libffi.so.6.0.1
7f617f0d4000-7f617f0fb000 r-xp 00000000 08:01 12845468                   /lib/x86_64-linux-gnu/libexpat.so.1.6.0
7f617f0fb000-7f617f2fb000 ---p 00027000 08:01 12845468                   /lib/x86_64-linux-gnu/libexpat.so.1.6.0
7f617f2fb000-7f617f2fd000 r--p 00027000 08:01 12845468                   /lib/x86_64-linux-gnu/libexpat.so.1.6.0
7f617f2fd000-7f617f2fe000 rw-p 00029000 08:01 12845468                   /lib/x86_64-linux-gnu/libexpat.so.1.6.0
7f617f2fe000-7f617f306000 r-xp 00000000 08:01 2361136                    /usr/lib/x86_64-linux-gnu/libthai.so.0.2.0
7f617f306000-7f617f505000 ---p 00008000 08:01 2361136                    /usr/lib/x86_64-linux-gnu/libthai.so.0.2.0
7f617f505000-7f617f506000 r--p 00007000 08:01 2361136                    /usr/lib/x86_64-linux-gnu/libthai.so.0.2.0
7f617f506000-7f617f507000 rw-p 00008000 08:01 2361136                    /usr/lib/x86_64-linux-gnu/libthai.so.0.2.0
7f617f507000-7f617f524000 r-xp 00000000 08:01 2361124                    /usr/lib/x86_64-linux-gnu/libxcb.so.1.1.0
7f617f524000-7f617f724000 ---p 0001d000 08:01 2361124                    /usr/lib/x86_64-linux-gnu/libxcb.so.1.1.0
7f617f724000-7f617f725000 r--p 0001d000 08:01 2361124                    /usr/lib/x86_64-linux-gnu/libxcb.so.1.1.0
7f617f725000-7f617f726000 rw-p 0001e000 08:01 2361124                    /usr/lib/x86_64-linux-gnu/libxcb.so.1.1.0
7f617f726000-7f617f72e000 r-xp 00000000 08:01 2361194                    /usr/lib/x86_64-linux-gnu/libxcb-render.so.0.0.0
7f617f72e000-7f617f92d000 ---p 00008000 08:01 2361194                    /usr/lib/x86_64-linux-gnu/libxcb-render.so.0.0.0
7f617f92d000-7f617f92e000 r--p 00007000 08:01 2361194                    /usr/lib/x86_64-linux-gnu/libxcb-render.so.0.0.0
7f617f92e000-7f617f92f000 rw-p 00008000 08:01 2361194                    /usr/lib/x86_64-linux-gnu/libxcb-render.so.0.0.0
7f617f92f000-7f617f931000 r-xp 00000000 08:01 2361112                    /usr/lib/x86_64-linux-gnu/libxcb-shm.so.0.0.0
7f617f931000-7f617fb30000 ---p 00002000 08:01 2361112                    /usr/lib/x86_64-linux-gnu/libxcb-shm.so.0.0.0
7f617fb30000-7f617fb31000 r--p 00001000 08:01 2361112                    /usr/lib/x86_64-linux-gnu/libxcb-shm.so.0.0.0
7f617fb31000-7f617fb32000 rw-p 00002000 08:01 2361112                    /usr/lib/x86_64-linux-gnu/libxcb-shm.so.0.0.0
7f617fb32000-7f617fb57000 r-xp 00000000 08:01 12845064                   /lib/x86_64-linux-gnu/libpng12.so.0.50.0
7f617fb57000-7f617fd56000 ---p 00025000 08:01 12845064                   /lib/x86_64-linux-gnu/libpng12.so.0.50.0
7f617fd56000-7f617fd57000 r--p 00024000 08:01 12845064                   /lib/x86_64-linux-gnu/libpng12.so.0.50.0
7f617fd57000-7f617fd58000 rw-p 00025000 08:01 12845064                   /lib/x86_64-linux-gnu/libpng12.so.0.50.0
7f617fd58000-7f617fdf8000 r-xp 00000000 08:01 2359335                    /usr/lib/x86_64-linux-gnu/libpixman-1.so.0.30.2
7f617fdf8000-7f617fff8000 ---p 000a0000 08:01 2359335                    /usr/lib/x86_64-linux-gnu/libpixman-1.so.0.30.2
7f617fff8000-7f617ffff000 r--p 000a0000 08:01 2359335                    /usr/lib/x86_64-linux-gnu/libpixman-1.so.0.30.2
7f617ffff000-7f6180000000 rw-p 000a7000 08:01 2359335                    /usr/lib/x86_64-linux-gnu/libpixman-1.so.0.30.2
7f6180000000-7f6180021000 rw-p 00000000 00:00 0 
7f6180021000-7f6184000000 ---p 00000000 00:00 0 
7f6184000000-7f61848d5000 rw-p 00000000 00:00 0 
7f61848d5000-7f6188000000 ---p 00000000 00:00 0 
7f6188000000-7f618844e000 rw-p 00000000 00:00 0 
7f618844e000-7f618c000000 ---p 00000000 00:00 0 
7f618c000000-7f618c021000 rw-p 00000000 00:00 0 
7f618c021000-7f6190000000 ---p 00000000 00:00 0 
7f6190000000-7f6190782000 rw-p 00000000 00:00 0 
7f6190782000-7f6194000000 ---p 00000000 00:00 0 
7f6194000000-7f61942b1000 rw-p 00000000 00:00 0 
7f61942b1000-7f6198000000 ---p 00000000 00:00 0 
7f6198000000-7f6198021000 rw-p 00000000 00:00 0 
7f6198021000-7f619c000000 ---p 00000000 00:00 0 
7f619c000000-7f619c21a000 rw-p 00000000 00:00 0 
7f619c21a000-7f61a0000000 ---p 00000000 00:00 0 
7f61a0000000-7f61a0021000 rw-p 00000000 00:00 0 
7f61a0021000-7f61a4000000 ---p 00000000 00:00 0 
7f61a4000000-7f61a4021000 rw-p 00000000 00:00 0 
7f61a4021000-7f61a8000000 ---p 00000000 00:00 0 
7f61a8000000-7f61a8021000 rw-p 00000000 00:00 0 
7f61a8021000-7f61ac000000 ---p 00000000 00:00 0 
7f61ac000000-7f61ac021000 rw-p 00000000 00:00 0 
7f61ac021000-7f61b0000000 ---p 00000000 00:00 0 
7f61b0000000-7f61b0021000 rw-p 00000000 00:00 0 
7f61b0021000-7f61b4000000 ---p 00000000 00:00 0 
7f61b4000000-7f61b4004000 r--s 00000000 08:01 533112                     /var/cache/fontconfig/6c08beecf0dac481ec92e759e0c2e6d7-le64.cache-4
7f61b4004000-7f61b4008000 r--s 00000000 08:01 533110                     /var/cache/fontconfig/4d6aee6d44eccb37054d3216e945f618-le64.cache-4
7f61b4008000-7f61b400c000 r--s 00000000 08:01 533103                     /var/cache/fontconfig/d6c6df98c3df5faf9bd0f8ef4d91efe5-le64.cache-4
7f61b400c000-7f61b4010000 r--s 00000000 08:01 533090                     /var/cache/fontconfig/9fb319ef52839f11ee26ab8b4cffa12b-le64.cache-4
7f61b4010000-7f61b401d000 r--s 00000000 08:01 805433                     /var/cache/fontconfig/8f02d4cb045bd6ce15663e43f347c9f8-le64.cache-4
7f61b401d000-7f61b403b000 r--s 00000000 08:01 805431                     /var/cache/fontconfig/467c019e582ee353435ea5c21d137ef6-le64.cache-4
7f61b403b000-7f61b404b000 rw-p 00000000 00:00 0 
7f61b404b000-7f61b40cb000 rw-s 8936b000 00:05 17575                      /dev/nvidiactl
7f61b40cb000-7f61b410b000 rw-s 18df3000 00:05 17575                      /dev/nvidiactl
7f61b410b000-7f61b41bf000 rw-s 135b63000 00:05 17575                     /dev/nvidiactl
7f61b41bf000-7f61b4212000 r-xp 00000000 08:01 2365345                    /usr/lib/x86_64-linux-gnu/libharfbuzz.so.0.927.0
7f61b4212000-7f61b4412000 ---p 00053000 08:01 2365345                    /usr/lib/x86_64-linux-gnu/libharfbuzz.so.0.927.0
7f61b4412000-7f61b4413000 r--p 00053000 08:01 2365345                    /usr/lib/x86_64-linux-gnu/libharfbuzz.so.0.927.0
7f61b4413000-7f61b4414000 rw-p 00054000 08:01 2365345                    /usr/lib/x86_64-linux-gnu/libharfbuzz.so.0.927.0
7f61b4414000-7f61b442b000 r-xp 00000000 08:01 12845351                   /lib/x86_64-linux-gnu/libresolv-2.19.so
7f61b442b000-7f61b462b000 ---p 00017000 08:01 12845351                   /lib/x86_64-linux-gnu/libresolv-2.19.so
7f61b462b000-7f61b462c000 r--p 00017000 08:01 12845351                   /lib/x86_64-linux-gnu/libresolv-2.19.so
7f61b462c000-7f61b462d000 rw-p 00018000 08:01 12845351                   /lib/x86_64-linux-gnu/libresolv-2.19.so
7f61b462d000-7f61b462f000 rw-p 00000000 00:00 0 
7f61b462f000-7f61b464f000 r-xp 00000000 08:01 12845551                   /lib/x86_64-linux-gnu/libselinux.so.1
7f61b464f000-7f61b484e000 ---p 00020000 08:01 12845551                   /lib/x86_64-linux-gnu/libselinux.so.1
7f61b484e000-7f61b484f000 r--p 0001f000 08:01 12845551                   /lib/x86_64-linux-gnu/libselinux.so.1
7f61b484f000-7f61b4850000 rw-p 00020000 08:01 12845551                   /lib/x86_64-linux-gnu/libselinux.so.1
7f61b4850000-7f61b4852000 rw-p 00000000 00:00 0 
7f61b4852000-7f61b486a000 r-xp 00000000 08:01 12845181                   /lib/x86_64-linux-gnu/libz.so.1.2.8
7f61b486a000-7f61b4a69000 ---p 00018000 08:01 12845181                   /lib/x86_64-linux-gnu/libz.so.1.2.8
7f61b4a69000-7f61b4a6a000 r--p 00017000 08:01 12845181                   /lib/x86_64-linux-gnu/libz.so.1.2.8
7f61b4a6a000-7f61b4a6b000 rw-p 00018000 08:01 12845181                   /lib/x86_64-linux-gnu/libz.so.1.2.8
7f61b4a6b000-7f61b4a7c000 r-xp 00000000 08:01 2359372                    /usr/lib/x86_64-linux-gnu/libXext.so.6.4.0
7f61b4a7c000-7f61b4c7b000 ---p 00011000 08:01 2359372                    /usr/lib/x86_64-linux-gnu/libXext.so.6.4.0
7f61b4c7b000-7f61b4c7c000 r--p 00010000 08:01 2359372                    /usr/lib/x86_64-linux-gnu/libXext.so.6.4.0
7f61b4c7c000-7f61b4c7d000 rw-p 00011000 08:01 2359372                    /usr/lib/x86_64-linux-gnu/libXext.so.6.4.0
7f61b4c7d000-7f61b4c7f000 r-xp 00000000 08:01 2364521                    /usr/lib/x86_64-linux-gnu/libXdamage.so.1.1.0
7f61b4c7f000-7f61b4e7e000 ---p 00002000 08:01 2364521                    /usr/lib/x86_64-linux-gnu/libXdamage.so.1.1.0
7f61b4e7e000-7f61b4e7f000 r--p 00001000 08:01 2364521                    /usr/lib/x86_64-linux-gnu/libXdamage.so.1.1.0
7f61b4e7f000-7f61b4e80000 rw-p 00002000 08:01 2364521                    /usr/lib/x86_64-linux-gnu/libXdamage.so.1.1.0
7f61b4e80000-7f61b4e82000 r-xp 00000000 08:01 2360815                    /usr/lib/x86_64-linux-gnu/libXcomposite.so.1.0.0
7f61b4e82000-7f61b5081000 ---p 00002000 08:01 2360815                    /usr/lib/x86_64-linux-gnu/libXcomposite.so.1.0.0
7f61b5081000-7f61b5082000 r--p 00001000 08:01 2360815                    /usr/lib/x86_64-linux-gnu/libXcomposite.so.1.0.0
7f61b5082000-7f61b5083000 rw-p 00002000 08:01 2360815                    /usr/lib/x86_64-linux-gnu/libXcomposite.so.1.0.0
7f61b5083000-7f61b508c000 r-xp 00000000 08:01 2362289                    /usr/lib/x86_64-linux-gnu/libXcursor.so.1.0.2
7f61b508c000-7f61b528b000 ---p 00009000 08:01 2362289                    /usr/lib/x86_64-linux-gnu/libXcursor.so.1.0.2
7f61b528b000-7f61b528c000 r--p 00008000 08:01 2362289                    /usr/lib/x86_64-linux-gnu/libXcursor.so.1.0.2
7f61b528c000-7f61b528d000 rw-p 00009000 08:01 2362289                    /usr/lib/x86_64-linux-gnu/libXcursor.so.1.0.2
7f61b528d000-7f61b5296000 r-xp 00000000 08:01 2363136                    /usr/lib/x86_64-linux-gnu/libXrandr.so.2.2.0
7f61b5296000-7f61b5495000 ---p 00009000 08:01 2363136                    /usr/lib/x86_64-linux-gnu/libXrandr.so.2.2.0
7f61b5495000-7f61b5496000 r--p 00008000 08:01 2363136                    /usr/lib/x86_64-linux-gnu/libXrandr.so.2.2.0
7f61b5496000-7f61b5497000 rw-p 00009000 08:01 2363136                    /usr/lib/x86_64-linux-gnu/libXrandr.so.2.2.0
7f61b5497000-7f61b54a6000 r-xp 00000000 08:01 2362723                    /usr/lib/x86_64-linux-gnu/libXi.so.6.1.0
7f61b54a6000-7f61b56a5000 ---p 0000f000 08:01 2362723                    /usr/lib/x86_64-linux-gnu/libXi.so.6.1.0
7f61b56a5000-7f61b56a6000 r--p 0000e000 08:01 2362723                    /usr/lib/x86_64-linux-gnu/libXi.so.6.1.0
7f61b56a6000-7f61b56a7000 rw-p 0000f000 08:01 2362723                    /usr/lib/x86_64-linux-gnu/libXi.so.6.1.0
7f61b56a7000-7f61b56a9000 r-xp 00000000 08:01 2362877                    /usr/lib/x86_64-linux-gnu/libXinerama.so.1.0.0
7f61b56a9000-7f61b58a8000 ---p 00002000 08:01 2362877                    /usr/lib/x86_64-linux-gnu/libXinerama.so.1.0.0
7f61b58a8000-7f61b58a9000 r--p 00001000 08:01 2362877                    /usr/lib/x86_64-linux-gnu/libXinerama.so.1.0.0
7f61b58a9000-7f61b58aa000 rw-p 00002000 08:01 2362877                    /usr/lib/x86_64-linux-gnu/libXinerama.so.1.0.0
7f61b58aa000-7f61b58b3000 r-xp 00000000 08:01 2361103                    /usr/lib/x86_64-linux-gnu/libXrender.so.1.3.0
7f61b58b3000-7f61b5ab2000 ---p 00009000 08:01 2361103                    /usr/lib/x86_64-linux-gnu/libXrender.so.1.3.0
7f61b5ab2000-7f61b5ab3000 r--p 00008000 08:01 2361103                    /usr/lib/x86_64-linux-gnu/libXrender.so.1.3.0
7f61b5ab3000-7f61b5ab4000 rw-p 00009000 08:01 2361103                    /usr/lib/x86_64-linux-gnu/libXrender.so.1.3.0
7f61b5ab4000-7f61b5ab9000 r-xp 00000000 08:01 2359794                    /usr/lib/x86_64-linux-gnu/libXfixes.so.3.1.0
7f61b5ab9000-7f61b5cb8000 ---p 00005000 08:01 2359794                    /usr/lib/x86_64-linux-gnu/libXfixes.so.3.1.0
7f61b5cb8000-7f61b5cb9000 r--p 00004000 08:01 2359794                    /usr/lib/x86_64-linux-gnu/libXfixes.so.3.1.0
7f61b5cb9000-7f61b5cba000 rw-p 00005000 08:01 2359794                    /usr/lib/x86_64-linux-gnu/libXfixes.so.3.1.0
7f61b5cba000-7f61b5cd0000 r-xp 00000000 08:01 12845416                   /lib/x86_64-linux-gnu/libgcc_s.so.1
7f61b5cd0000-7f61b5ecf000 ---p 00016000 08:01 12845416                   /lib/x86_64-linux-gnu/libgcc_s.so.1
7f61b5ecf000-7f61b5ed0000 rw-p 00015000 08:01 12845416                   /lib/x86_64-linux-gnu/libgcc_s.so.1
7f61b5ed0000-7f61b5fb6000 r-xp 00000000 08:01 2361062                    /usr/lib/x86_64-linux-gnu/libstdc++.so.6.0.19
7f61b5fb6000-7f61b61b5000 ---p 000e6000 08:01 2361062                    /usr/lib/x86_64-linux-gnu/libstdc++.so.6.0.19
7f61b61b5000-7f61b61bd000 r--p 000e5000 08:01 2361062                    /usr/lib/x86_64-linux-gnu/libstdc++.so.6.0.19
7f61b61bd000-7f61b61bf000 rw-p 000ed000 08:01 2361062                    /usr/lib/x86_64-linux-gnu/libstdc++.so.6.0.19
7f61b61bf000-7f61b61d4000 rw-p 00000000 00:00 0 
7f61b61d4000-7f61b629b000 r-xp 00000000 08:01 2370030                    /usr/lib/nvidia-340-updates/libGL.so.340.96
7f61b629b000-7f61b62ca000 rwxp 000c7000 08:01 2370030                    /usr/lib/nvidia-340-updates/libGL.so.340.96
7f61b62ca000-7f61b62e6000 r-xp 000f6000 08:01 2370030                    /usr/lib/nvidia-340-updates/libGL.so.340.96
7f61b62e6000-7f61b64e5000 ---p 00112000 08:01 2370030                    /usr/lib/nvidia-340-updates/libGL.so.340.96
7f61b64e5000-7f61b650a000 rw-p 00111000 08:01 2370030                    /usr/lib/nvidia-340-updates/libGL.so.340.96
7f61b650a000-7f61b6520000 rw-p 00000000 00:00 0 
7f61b6520000-7f61b6524000 r-xp 00000000 08:01 2376235                    /usr/lib/x86_64-linux-gnu/libXxf86vm.so.1.0.0
7f61b6524000-7f61b6724000 ---p 00004000 08:01 2376235                    /usr/lib/x86_64-linux-gnu/libXxf86vm.so.1.0.0
7f61b6724000-7f61b6725000 r--p 00004000 08:01 2376235                    /usr/lib/x86_64-linux-gnu/libXxf86vm.so.1.0.0
7f61b6725000-7f61b6726000 rw-p 00005000 08:01 2376235                    /usr/lib/x86_64-linux-gnu/libXxf86vm.so.1.0.0
7f61b6726000-7f61b6856000 r-xp 00000000 08:01 2361246                    /usr/lib/x86_64-linux-gnu/libX11.so.6.3.0
7f61b6856000-7f61b6a56000 ---p 00130000 08:01 2361246                    /usr/lib/x86_64-linux-gnu/libX11.so.6.3.0
7f61b6a56000-7f61b6a57000 r--p 00130000 08:01 2361246                    /usr/lib/x86_64-linux-gnu/libX11.so.6.3.0
7f61b6a57000-7f61b6a5b000 rw-p 00131000 08:01 2361246                    /usr/lib/x86_64-linux-gnu/libX11.so.6.3.0
7f61b6a5b000-7f61b6a60000 r-xp 00000000 08:01 2361160                    /usr/lib/x86_64-linux-gnu/libXtst.so.6.1.0
7f61b6a60000-7f61b6c5f000 ---p 00005000 08:01 2361160                    /usr/lib/x86_64-linux-gnu/libXtst.so.6.1.0
7f61b6c5f000-7f61b6c60000 r--p 00004000 08:01 2361160                    /usr/lib/x86_64-linux-gnu/libXtst.so.6.1.0
7f61b6c60000-7f61b6c61000 rw-p 00005000 08:01 2361160                    /usr/lib/x86_64-linux-gnu/libXtst.so.6.1.0
7f61b6c61000-7f61b6d67000 r-xp 00000000 08:01 12851802                   /lib/x86_64-linux-gnu/libglib-2.0.so.0.4002.0
7f61b6d67000-7f61b6f66000 ---p 00106000 08:01 12851802                   /lib/x86_64-linux-gnu/libglib-2.0.so.0.4002.0
7f61b6f66000-7f61b6f67000 r--p 00105000 08:01 12851802                   /lib/x86_64-linux-gnu/libglib-2.0.so.0.4002.0
7f61b6f67000-7f61b6f68000 rw-p 00106000 08:01 12851802                   /lib/x86_64-linux-gnu/libglib-2.0.so.0.4002.0
7f61b6f68000-7f61b6f69000 rw-p 00000000 00:00 0 
7f61b6f69000-7f61b6f6a000 r-xp 00000000 08:01 2364361                    /usr/lib/x86_64-linux-gnu/libgthread-2.0.so.0.4002.0
7f61b6f6a000-7f61b7169000 ---p 00001000 08:01 2364361                    /usr/lib/x86_64-linux-gnu/libgthread-2.0.so.0.4002.0
7f61b7169000-7f61b716a000 r--p 00000000 08:01 2364361                    /usr/lib/x86_64-linux-gnu/libgthread-2.0.so.0.4002.0
7f61b716a000-7f61b716b000 rw-p 00001000 08:01 2364361                    /usr/lib/x86_64-linux-gnu/libgthread-2.0.so.0.4002.0
7f61b716b000-7f61b71ba000 r-xp 00000000 08:01 2364143                    /usr/lib/x86_64-linux-gnu/libgobject-2.0.so.0.4002.0
7f61b71ba000-7f61b73ba000 ---p 0004f000 08:01 2364143                    /usr/lib/x86_64-linux-gnu/libgobject-2.0.so.0.4002.0
7f61b73ba000-7f61b73bb000 r--p 0004f000 08:01 2364143                    /usr/lib/x86_64-linux-gnu/libgobject-2.0.so.0.4002.0
7f61b73bb000-7f61b73bc000 rw-p 00050000 08:01 2364143                    /usr/lib/x86_64-linux-gnu/libgobject-2.0.so.0.4002.0
7f61b73bc000-7f61b73f6000 r-xp 00000000 08:01 2364067                    /usr/lib/x86_64-linux-gnu/libfontconfig.so.1.8.0
7f61b73f6000-7f61b75f5000 ---p 0003a000 08:01 2364067                    /usr/lib/x86_64-linux-gnu/libfontconfig.so.1.8.0
7f61b75f5000-7f61b75f7000 r--p 00039000 08:01 2364067                    /usr/lib/x86_64-linux-gnu/libfontconfig.so.1.8.0
7f61b75f7000-7f61b75f8000 rw-p 0003b000 08:01 2364067                    /usr/lib/x86_64-linux-gnu/libfontconfig.so.1.8.0
7f61b75f8000-7f61b7695000 r-xp 00000000 08:01 2361695                    /usr/lib/x86_64-linux-gnu/libfreetype.so.6.11.1
7f61b7695000-7f61b7894000 ---p 0009d000 08:01 2361695                    /usr/lib/x86_64-linux-gnu/libfreetype.so.6.11.1
7f61b7894000-7f61b789a000 r--p 0009c000 08:01 2361695                    /usr/lib/x86_64-linux-gnu/libfreetype.so.6.11.1
7f61b789a000-7f61b789b000 rw-p 000a2000 08:01 2361695                    /usr/lib/x86_64-linux-gnu/libfreetype.so.6.11.1
7f61b789b000-7f61b78e5000 r-xp 00000000 08:01 2359807                    /usr/lib/x86_64-linux-gnu/libpango-1.0.so.0.3600.3
7f61b78e5000-7f61b7ae5000 ---p 0004a000 08:01 2359807                    /usr/lib/x86_64-linux-gnu/libpango-1.0.so.0.3600.3
7f61b7ae5000-7f61b7ae7000 r--p 0004a000 08:01 2359807                    /usr/lib/x86_64-linux-gnu/libpango-1.0.so.0.3600.3
7f61b7ae7000-7f61b7ae8000 rw-p 0004c000 08:01 2359807                    /usr/lib/x86_64-linux-gnu/libpango-1.0.so.0.3600.3
7f61b7ae8000-7f61b7bee000 r-xp 00000000 08:01 2365356                    /usr/lib/x86_64-linux-gnu/libcairo.so.2.11301.0
7f61b7bee000-7f61b7ded000 ---p 00106000 08:01 2365356                    /usr/lib/x86_64-linux-gnu/libcairo.so.2.11301.0
7f61b7ded000-7f61b7df0000 r--p 00105000 08:01 2365356                    /usr/lib/x86_64-linux-gnu/libcairo.so.2.11301.0
7f61b7df0000-7f61b7df1000 rw-p 00108000 08:01 2365356                    /usr/lib/x86_64-linux-gnu/libcairo.so.2.11301.0
7f61b7df1000-7f61b7df3000 rw-p 00000000 00:00 0 
7f61b7df3000-7f61b7dfe000 r-xp 00000000 08:01 2359827                    /usr/lib/x86_64-linux-gnu/libpangocairo-1.0.so.0.3600.3
7f61b7dfe000-7f61b7ffe000 ---p 0000b000 08:01 2359827                    /usr/lib/x86_64-linux-gnu/libpangocairo-1.0.so.0.3600.3
7f61b7ffe000-7f61b7fff000 r--p 0000b000 08:01 2359827                    /usr/lib/x86_64-linux-gnu/libpangocairo-1.0.so.0.3600.3
7f61b7fff000-7f61b8000000 rw-p 0000c000 08:01 2359827                    /usr/lib/x86_64-linux-gnu/libpangocairo-1.0.so.0.3600.3
7f61b8000000-7f61b8021000 rw-p 00000000 00:00 0 
7f61b8021000-7f61bc000000 ---p 00000000 00:00 0 
7f61bc000000-7f61bc003000 r--s 00000000 08:01 533081                     /var/cache/fontconfig/c19b55eb3b4c5b40ea175e31682068a5-le64.cache-4
7f61bc003000-7f61bc006000 r-xp 00000000 08:01 2363694                    /usr/lib/x86_64-linux-gnu/libgmodule-2.0.so.0.4002.0
7f61bc006000-7f61bc205000 ---p 00003000 08:01 2363694                    /usr/lib/x86_64-linux-gnu/libgmodule-2.0.so.0.4002.0
7f61bc205000-7f61bc206000 r--p 00002000 08:01 2363694                    /usr/lib/x86_64-linux-gnu/libgmodule-2.0.so.0.4002.0
7f61bc206000-7f61bc207000 rw-p 00003000 08:01 2363694                    /usr/lib/x86_64-linux-gnu/libgmodule-2.0.so.0.4002.0
7f61bc207000-7f61bc227000 r-xp 00000000 08:01 2359719                    /usr/lib/x86_64-linux-gnu/libgdk_pixbuf-2.0.so.0.3000.7
7f61bc227000-7f61bc426000 ---p 00020000 08:01 2359719                    /usr/lib/x86_64-linux-gnu/libgdk_pixbuf-2.0.so.0.3000.7
7f61bc426000-7f61bc427000 r--p 0001f000 08:01 2359719                    /usr/lib/x86_64-linux-gnu/libgdk_pixbuf-2.0.so.0.3000.7
7f61bc427000-7f61bc428000 rw-p 00020000 08:01 2359719                    /usr/lib/x86_64-linux-gnu/libgdk_pixbuf-2.0.so.0.3000.7
7f61bc428000-7f61bc43c000 r-xp 00000000 08:01 2362792                    /usr/lib/x86_64-linux-gnu/libpangoft2-1.0.so.0.3600.3
7f61bc43c000-7f61bc63b000 ---p 00014000 08:01 2362792                    /usr/lib/x86_64-linux-gnu/libpangoft2-1.0.so.0.3600.3
7f61bc63b000-7f61bc63c000 r--p 00013000 08:01 2362792                    /usr/lib/x86_64-linux-gnu/libpangoft2-1.0.so.0.3600.3
7f61bc63c000-7f61bc63d000 rw-p 00014000 08:01 2362792                    /usr/lib/x86_64-linux-gnu/libpangoft2-1.0.so.0.3600.3
7f61bc63d000-7f61bc7a9000 r-xp 00000000 08:01 2364904                    /usr/lib/x86_64-linux-gnu/libgio-2.0.so.0.4002.0
7f61bc7a9000-7f61bc9a8000 ---p 0016c000 08:01 2364904                    /usr/lib/x86_64-linux-gnu/libgio-2.0.so.0.4002.0
7f61bc9a8000-7f61bc9ac000 r--p 0016b000 08:01 2364904                    /usr/lib/x86_64-linux-gnu/libgio-2.0.so.0.4002.0
7f61bc9ac000-7f61bc9ae000 rw-p 0016f000 08:01 2364904                    /usr/lib/x86_64-linux-gnu/libgio-2.0.so.0.4002.0
7f61bc9ae000-7f61bc9b0000 rw-p 00000000 00:00 0 
7f61bc9b0000-7f61bc9cf000 r-xp 00000000 08:01 2360182                    /usr/lib/x86_64-linux-gnu/libatk-1.0.so.0.21009.1
7f61bc9cf000-7f61bcbcf000 ---p 0001f000 08:01 2360182                    /usr/lib/x86_64-linux-gnu/libatk-1.0.so.0.21009.1
7f61bcbcf000-7f61bcbd1000 r--p 0001f000 08:01 2360182                    /usr/lib/x86_64-linux-gnu/libatk-1.0.so.0.21009.1
7f61bcbd1000-7f61bcbd2000 rw-p 00021000 08:01 2360182                    /usr/lib/x86_64-linux-gnu/libatk-1.0.so.0.21009.1
7f61bcbd2000-7f61bcc7f000 r-xp 00000000 08:01 2364753                    /usr/lib/x86_64-linux-gnu/libgdk-x11-2.0.so.0.2400.23
7f61bcc7f000-7f61bce7f000 ---p 000ad000 08:01 2364753                    /usr/lib/x86_64-linux-gnu/libgdk-x11-2.0.so.0.2400.23
7f61bce7f000-7f61bce83000 r--p 000ad000 08:01 2364753                    /usr/lib/x86_64-linux-gnu/libgdk-x11-2.0.so.0.2400.23
7f61bce83000-7f61bce85000 rw-p 000b1000 08:01 2364753                    /usr/lib/x86_64-linux-gnu/libgdk-x11-2.0.so.0.2400.23
7f61bce85000-7f61bd2b5000 r-xp 00000000 08:01 2365160                    /usr/lib/x86_64-linux-gnu/libgtk-x11-2.0.so.0.2400.23
7f61bd2b5000-7f61bd4b4000 ---p 00430000 08:01 2365160                    /usr/lib/x86_64-linux-gnu/libgtk-x11-2.0.so.0.2400.23
7f61bd4b4000-7f61bd4bb000 r--p 0042f000 08:01 2365160                    /usr/lib/x86_64-linux-gnu/libgtk-x11-2.0.so.0.2400.23
7f61bd4bb000-7f61bd4bf000 rw-p 00436000 08:01 2365160                    /usr/lib/x86_64-linux-gnu/libgtk-x11-2.0.so.0.2400.23
7f61bd4bf000-7f61bd4c2000 rw-p 00000000 00:00 0 
7f61bd4c2000-7f61bd4c4000 r--s 00000000 08:01 533164                     /var/cache/fontconfig/6e6b34ae150a7ad95e82fb4a522f0bda-le64.cache-4
7f61bd4c4000-7f61bd4c7000 r--s 00000000 08:01 533069                     /var/cache/fontconfig/de83a0a961185c8bd1f159015d56c039-le64.cache-4
7f61bd4c7000-7f61bd4cc000 r--s 00000000 08:01 531710                     /var/cache/fontconfig/7ef2298fde41cc6eeb7af42e48b7d293-le64.cache-4
7f61bd4cc000-7f61bd4dc000 rw-p 00000000 00:00 0 
7f61bd4ed000-7f61bd4ee000 rw-p 00000000 00:00 0 
7f61bd4ee000-7f61bd4f2000 r--s 00097000 08:01 2634296                    /usr/lib/jvm/java-8-oracle/jre/lib/jsse.jar
7f61bd4f2000-7f61bd4fc000 r--s 00116000 08:01 2626925                    /usr/lib/jvm/java-8-oracle/jre/lib/ext/localedata.jar
7f61bd4fc000-7f61bd508000 r-xp 00000000 08:01 2634367                    /usr/lib/jvm/java-8-oracle/jre/lib/amd64/libprism_es2.so
7f61bd508000-7f61bd707000 ---p 0000c000 08:01 2634367                    /usr/lib/jvm/java-8-oracle/jre/lib/amd64/libprism_es2.so
7f61bd707000-7f61bd708000 rw-p 0000b000 08:01 2634367                    /usr/lib/jvm/java-8-oracle/jre/lib/amd64/libprism_es2.so
7f61bd708000-7f61bd70b000 ---p 00000000 00:00 0 
7f61bd70b000-7f61bd809000 rw-p 00000000 00:00 0                          [stack:8621]
7f61bd809000-7f61bd89e000 r--s 01103000 08:01 2626929                    /usr/lib/jvm/java-8-oracle/jre/lib/ext/jfxrt.jar
7f61bd89e000-7f61bd89f000 ---p 00000000 00:00 0 
7f61bd89f000-7f61bd99f000 rw-p 00000000 00:00 0                          [stack:8620]
7f61bd99f000-7f61bd9a2000 ---p 00000000 00:00 0 
7f61bd9a2000-7f61bdaa0000 rw-p 00000000 00:00 0                          [stack:8619]
7f61bdaa0000-7f61bdaa3000 ---p 00000000 00:00 0 
7f61bdaa3000-7f61bdba1000 rw-p 00000000 00:00 0                          [stack:8618]
7f61bdba1000-7f61bdba4000 ---p 00000000 00:00 0 
7f61bdba4000-7f61bdca2000 rw-p 00000000 00:00 0                          [stack:8617]
7f61bdca2000-7f61bdca5000 ---p 00000000 00:00 0 
7f61bdca5000-7f61bdda3000 rw-p 00000000 00:00 0                          [stack:8616]
7f61bdda3000-7f61bdda6000 ---p 00000000 00:00 0 
7f61bdda6000-7f61bdea4000 rw-p 00000000 00:00 0                          [stack:8615]
7f61bdea4000-7f61bdea7000 ---p 00000000 00:00 0 
7f61bdea7000-7f61bdfa5000 rw-p 00000000 00:00 0                          [stack:8614]
7f61bdfa5000-7f61be9ea000 r--p 00000000 08:01 2360052                    /usr/lib/locale/locale-archive
7f61be9ea000-7f61be9ed000 ---p 00000000 00:00 0 
7f61be9ed000-7f61beaeb000 rw-p 00000000 00:00 0                          [stack:8613]
7f61beaeb000-7f61beaee000 ---p 00000000 00:00 0 
7f61beaee000-7f61bebec000 rw-p 00000000 00:00 0                          [stack:8612]
7f61bebec000-7f61bebed000 ---p 00000000 00:00 0 
7f61bebed000-7f61c0000000 rw-p 00000000 00:00 0                          [stack:8611]
7f61c0000000-7f61c0021000 rw-p 00000000 00:00 0 
7f61c0021000-7f61c4000000 ---p 00000000 00:00 0 
7f61c4000000-7f61c4021000 rw-p 00000000 00:00 0 
7f61c4021000-7f61c8000000 ---p 00000000 00:00 0 
7f61c8000000-7f61c8001000 r--s 00000000 08:01 533119                     /var/cache/fontconfig/3334a778d104e76d188e9df399bc24d2-le64.cache-4
7f61c8001000-7f61c8002000 r--s 00000000 08:01 533080                     /var/cache/fontconfig/c277e94e32b20404286a1ddafa5a80f0-le64.cache-4
7f61c8002000-7f61c8004000 r--s 00000000 08:01 805434                     /var/cache/fontconfig/16326683038b281783a0ef8c680e3a10-le64.cache-4
7f61c8004000-7f61c8006000 rw-s 00000000 08:01 17825908                   /tmp/.gl9Dhst5 (deleted)
7f61c8006000-7f61c800b000 r--p 00000000 00:1d 5312373                    /net/homes/u008/m7942/.config/dconf/user
7f61c800b000-7f61c8012000 rw-s 5daf7000 00:05 17575                      /dev/nvidiactl
7f61c8012000-7f61c8025000 r--s 000d6000 08:01 2634444                    /usr/lib/jvm/java-8-oracle/jre/lib/plugin.jar
7f61c8025000-7f61c8040000 r--s 00208000 08:01 2626959                    /usr/lib/jvm/java-8-oracle/jre/lib/deploy.jar
7f61c8040000-7f61c804a000 r--s 0006c000 08:01 2634395                    /usr/lib/jvm/java-8-oracle/jre/lib/javaws.jar
7f61c804a000-7f61cc000000 rw-p 00000000 00:00 0 
7f61cc000000-7f61cc021000 rw-p 00000000 00:00 0 
7f61cc021000-7f61d0000000 ---p 00000000 00:00 0 
7f61d0000000-7f61d0021000 rw-p 00000000 00:00 0 
7f61d0021000-7f61d4000000 ---p 00000000 00:00 0 
7f61d4000000-7f61d4021000 rw-p 00000000 00:00 0 
7f61d4021000-7f61d8000000 ---p 00000000 00:00 0 
7f61d8000000-7f61d8627000 rw-p 00000000 00:00 0 
7f61d8627000-7f61d8800000 r--s 03d1f000 08:01 2626916                    /usr/lib/jvm/java-8-oracle/jre/lib/rt.jar
7f61d8800000-7f61d9000000 rw-p 00000000 00:00 0 
7f61d9000000-7f61d9860000 rwxp 00000000 00:00 0 
7f61d9860000-7f61e8000000 ---p 00000000 00:00 0 
7f61e8000000-7f61e8464000 rw-p 00000000 00:00 0 
7f61e8464000-7f61ec000000 ---p 00000000 00:00 0 
7f61ec000000-7f61ec001000 r--s 00000000 08:01 805432                     /var/cache/fontconfig/e0aa53bcfa504e64f87823c16bc01eb6-le64.cache-4
7f61ec001000-7f61ec005000 rw-s 9e2af000 00:05 17575                      /dev/nvidiactl
7f61ec005000-7f61ec61b000 rw-p 00000000 00:00 0 
7f61ec61b000-7f61ec61c000 ---p 00000000 00:00 0 
7f61ec61c000-7f61ec71c000 rw-p 00000000 00:00 0                          [stack:8610]
7f61ec71c000-7f61ec71d000 ---p 00000000 00:00 0 
7f61ec71d000-7f61ec81d000 rw-p 00000000 00:00 0                          [stack:8609]
7f61ec81d000-7f61ec81e000 ---p 00000000 00:00 0 
7f61ec81e000-7f61ec91e000 rw-p 00000000 00:00 0                          [stack:8608]
7f61ec91e000-7f61ec91f000 ---p 00000000 00:00 0 
7f61ec91f000-7f61eca1f000 rw-p 00000000 00:00 0                          [stack:8607]
7f61eca1f000-7f61eca20000 ---p 00000000 00:00 0 
7f61eca20000-7f61ecb20000 rw-p 00000000 00:00 0                          [stack:8606]
7f61ecb20000-7f61ecb21000 ---p 00000000 00:00 0 
7f61ecb21000-7f61ecc21000 rw-p 00000000 00:00 0                          [stack:8605]
7f61ecc21000-7f61ecc22000 ---p 00000000 00:00 0 
7f61ecc22000-7f61ecd22000 rw-p 00000000 00:00 0                          [stack:8604]
7f61ecd22000-7f61ecd23000 ---p 00000000 00:00 0 
7f61ecd23000-7f61ece39000 rw-p 00000000 00:00 0                          [stack:8603]
7f61ece39000-7f61ed0b9000 ---p 00000000 00:00 0 
7f61ed0b9000-7f61ed0cf000 rw-p 00000000 00:00 0 
7f61ed0cf000-7f61ed34f000 ---p 00000000 00:00 0 
7f61ed34f000-7f61ed364000 rw-p 00000000 00:00 0 
7f61ed364000-7f61ed49a000 ---p 00000000 00:00 0 
7f61ed49a000-7f61ed4bd000 rw-p 00000000 00:00 0 
7f61ed4bd000-7f61ed85b000 ---p 00000000 00:00 0 
7f61ed85b000-7f61ed875000 r-xp 00000000 08:01 2634321                    /usr/lib/jvm/java-8-oracle/jre/lib/amd64/libzip.so
7f61ed875000-7f61eda75000 ---p 0001a000 08:01 2634321                    /usr/lib/jvm/java-8-oracle/jre/lib/amd64/libzip.so
7f61eda75000-7f61eda76000 rw-p 0001a000 08:01 2634321                    /usr/lib/jvm/java-8-oracle/jre/lib/amd64/libzip.so
7f61eda76000-7f61edaa0000 r-xp 00000000 08:01 2634323                    /usr/lib/jvm/java-8-oracle/jre/lib/amd64/libjava.so
7f61edaa0000-7f61edca0000 ---p 0002a000 08:01 2634323                    /usr/lib/jvm/java-8-oracle/jre/lib/amd64/libjava.so
7f61edca0000-7f61edca2000 rw-p 0002a000 08:01 2634323                    /usr/lib/jvm/java-8-oracle/jre/lib/amd64/libjava.so
7f61edca2000-7f61edcaf000 r-xp 00000000 08:01 2634365                    /usr/lib/jvm/java-8-oracle/jre/lib/amd64/libverify.so
7f61edcaf000-7f61edeaf000 ---p 0000d000 08:01 2634365                    /usr/lib/jvm/java-8-oracle/jre/lib/amd64/libverify.so
7f61edeaf000-7f61edeb1000 rw-p 0000d000 08:01 2634365                    /usr/lib/jvm/java-8-oracle/jre/lib/amd64/libverify.so
7f61edeb1000-7f61edeb8000 r-xp 00000000 08:01 12850990                   /lib/x86_64-linux-gnu/librt-2.19.so
7f61edeb8000-7f61ee0b7000 ---p 00007000 08:01 12850990                   /lib/x86_64-linux-gnu/librt-2.19.so
7f61ee0b7000-7f61ee0b8000 r--p 00006000 08:01 12850990                   /lib/x86_64-linux-gnu/librt-2.19.so
7f61ee0b8000-7f61ee0b9000 rw-p 00007000 08:01 12850990                   /lib/x86_64-linux-gnu/librt-2.19.so
7f61ee0b9000-7f61ee1be000 r-xp 00000000 08:01 12848825                   /lib/x86_64-linux-gnu/libm-2.19.so
7f61ee1be000-7f61ee3bd000 ---p 00105000 08:01 12848825                   /lib/x86_64-linux-gnu/libm-2.19.so
7f61ee3bd000-7f61ee3be000 r--p 00104000 08:01 12848825                   /lib/x86_64-linux-gnu/libm-2.19.so
7f61ee3be000-7f61ee3bf000 rw-p 00105000 08:01 12848825                   /lib/x86_64-linux-gnu/libm-2.19.so
7f61ee3bf000-7f61ef07f000 r-xp 00000000 08:01 2634331                    /usr/lib/jvm/java-8-oracle/jre/lib/amd64/server/libjvm.so
7f61ef07f000-7f61ef27f000 ---p 00cc0000 08:01 2634331                    /usr/lib/jvm/java-8-oracle/jre/lib/amd64/server/libjvm.so
7f61ef27f000-7f61ef357000 rw-p 00cc0000 08:01 2634331                    /usr/lib/jvm/java-8-oracle/jre/lib/amd64/server/libjvm.so
7f61ef357000-7f61ef3a2000 rw-p 00000000 00:00 0 
7f61ef3a2000-7f61ef55c000 r-xp 00000000 08:01 12850996                   /lib/x86_64-linux-gnu/libc-2.19.so
7f61ef55c000-7f61ef75c000 ---p 001ba000 08:01 12850996                   /lib/x86_64-linux-gnu/libc-2.19.so
7f61ef75c000-7f61ef760000 r--p 001ba000 08:01 12850996                   /lib/x86_64-linux-gnu/libc-2.19.so
7f61ef760000-7f61ef762000 rw-p 001be000 08:01 12850996                   /lib/x86_64-linux-gnu/libc-2.19.so
7f61ef762000-7f61ef767000 rw-p 00000000 00:00 0 
7f61ef767000-7f61ef76a000 r-xp 00000000 08:01 12850324                   /lib/x86_64-linux-gnu/libdl-2.19.so
7f61ef76a000-7f61ef969000 ---p 00003000 08:01 12850324                   /lib/x86_64-linux-gnu/libdl-2.19.so
7f61ef969000-7f61ef96a000 r--p 00002000 08:01 12850324                   /lib/x86_64-linux-gnu/libdl-2.19.so
7f61ef96a000-7f61ef96b000 rw-p 00003000 08:01 12850324                   /lib/x86_64-linux-gnu/libdl-2.19.so
7f61ef96b000-7f61ef980000 r-xp 00000000 08:01 2645110                    /usr/lib/jvm/java-8-oracle/lib/amd64/jli/libjli.so
7f61ef980000-7f61efb80000 ---p 00015000 08:01 2645110                    /usr/lib/jvm/java-8-oracle/lib/amd64/jli/libjli.so
7f61efb80000-7f61efb81000 rw-p 00015000 08:01 2645110                    /usr/lib/jvm/java-8-oracle/lib/amd64/jli/libjli.so
7f61efb81000-7f61efb9a000 r-xp 00000000 08:01 12850433                   /lib/x86_64-linux-gnu/libpthread-2.19.so
7f61efb9a000-7f61efd99000 ---p 00019000 08:01 12850433                   /lib/x86_64-linux-gnu/libpthread-2.19.so
7f61efd99000-7f61efd9a000 r--p 00018000 08:01 12850433                   /lib/x86_64-linux-gnu/libpthread-2.19.so
7f61efd9a000-7f61efd9b000 rw-p 00019000 08:01 12850433                   /lib/x86_64-linux-gnu/libpthread-2.19.so
7f61efd9b000-7f61efd9f000 rw-p 00000000 00:00 0 
7f61efd9f000-7f61efdc2000 r-xp 00000000 08:01 12850435                   /lib/x86_64-linux-gnu/ld-2.19.so
7f61efdc2000-7f61efdc3000 r--s 00000000 00:15 1967355                    /run/user/10791/dconf/user
7f61efdc3000-7f61efdc4000 rw-s d0018000 00:05 17602                      /dev/nvidia0
7f61efdc4000-7f61efdc5000 rw-s 85ac7000 00:05 17575                      /dev/nvidiactl
7f61efdc5000-7f61efdc6000 rw-s d8c08000 00:05 17602                      /dev/nvidia0
7f61efdc6000-7f61efe3d000 rw-p 00000000 00:00 0 
7f61efe3d000-7f61efe80000 r--s 00000000 08:01 524945                     /var/cache/nscd/passwd
7f61efe80000-7f61efe83000 ---p 00000000 00:00 0 
7f61efe83000-7f61eff85000 rw-p 00000000 00:00 0                          [stack:8602]
7f61eff85000-7f61eff86000 rw-s d8641000 00:05 17602                      /dev/nvidia0
7f61eff86000-7f61eff87000 rw-s 9e050000 00:05 17575                      /dev/nvidiactl
7f61eff87000-7f61eff88000 rw-s 12cd9000 00:05 17575                      /dev/nvidiactl
7f61eff88000-7f61eff89000 rw-s d8060000 00:05 17602                      /dev/nvidia0
7f61eff89000-7f61eff8e000 r--s 0054d000 00:1d 5886471                    /net/homes/u008/m7942/NetBeansProjects/Harkkaty_2016/Harkkaty_2016/sqlite-jdbc-3.8.11.2.jar
7f61eff8e000-7f61effb5000 rw-p 00000000 00:00 0 
7f61effb5000-7f61effbd000 rw-s 00000000 08:01 17825907                   /tmp/hsperfdata_m7942/8598
7f61effbd000-7f61effbe000 rw-p 00000000 00:00 0 
7f61effbe000-7f61effbf000 r--p 00000000 00:00 0 
7f61effbf000-7f61effc1000 rw-p 00000000 00:00 0 
7f61effc1000-7f61effc2000 r--p 00022000 08:01 12850435                   /lib/x86_64-linux-gnu/ld-2.19.so
7f61effc2000-7f61effc3000 rw-p 00023000 08:01 12850435                   /lib/x86_64-linux-gnu/ld-2.19.so
7f61effc3000-7f61effc4000 rw-p 00000000 00:00 0 
7fffaa8cb000-7fffaa8ec000 rw-p 00000000 00:00 0                          [stack]
7fffaa99d000-7fffaa99f000 r-xp 00000000 00:00 0                          [vdso]
ffffffffff600000-ffffffffff601000 r-xp 00000000 00:00 0                  [vsyscall]

VM Arguments:
jvm_args: -Dfile.encoding=UTF-8 
java_command: mainpackage.Mainclass
java_class_path (initial): /usr/lib/jvm/java-8-oracle/jre/lib/javaws.jar:/usr/lib/jvm/java-8-oracle/jre/lib/deploy.jar:/usr/lib/jvm/java-8-oracle/jre/lib/plugin.jar:/net/homes/u008/m7942/NetBeansProjects/Harkkaty_2016/Harkkaty_2016/sqlite-jdbc-3.8.11.2.jar:/net/homes/u008/m7942/NetBeansProjects/Harkkaty_2016/Harkkaty_2016/build/classes
Launcher Type: SUN_STANDARD

Environment Variables:
JAVA_HOME=/usr/lib/jvm/java-8-oracle
PATH=/usr/local/sbin:/usr/local/bin:/usr/sbin:/usr/bin:/sbin:/bin:/usr/games:/usr/local/games:/var/cfengine/bin:/usr/lib/jvm/java-8-oracle/bin:/usr/lib/jvm/java-8-oracle/db/bin:/usr/lib/jvm/java-8-oracle/jre/bin:/usr/local/cuda-5.0/bin
LD_LIBRARY_PATH=/usr/lib/jvm/default-java/jre/lib/amd64:/usr/lib/jvm/default-java/jre/lib/i386:
SHELL=/bin/bash
DISPLAY=:1

Signal Handlers:
SIGSEGV: [libjvm.so+0xabca10], sa_mask[0]=11111111011111111101111111111110, sa_flags=SA_RESTART|SA_SIGINFO
SIGBUS: [libjvm.so+0xabca10], sa_mask[0]=11111111011111111101111111111110, sa_flags=SA_RESTART|SA_SIGINFO
SIGFPE: [libjvm.so+0x919a20], sa_mask[0]=11111111011111111101111111111110, sa_flags=SA_RESTART|SA_SIGINFO
SIGPIPE: SIG_IGN, sa_mask[0]=00000000000010000000000000000000, sa_flags=SA_RESTART
SIGXFSZ: [libjvm.so+0x919a20], sa_mask[0]=11111111011111111101111111111110, sa_flags=SA_RESTART|SA_SIGINFO
SIGILL: [libjvm.so+0x919a20], sa_mask[0]=11111111011111111101111111111110, sa_flags=SA_RESTART|SA_SIGINFO
SIGUSR1: SIG_DFL, sa_mask[0]=00000000000000000000000000000000, sa_flags=none
SIGUSR2: [libjvm.so+0x91b050], sa_mask[0]=00100000000000000000000000000000, sa_flags=SA_RESTART|SA_SIGINFO
SIGHUP: [libjvm.so+0x91c450], sa_mask[0]=11111111011111111101111111111110, sa_flags=SA_RESTART|SA_SIGINFO
SIGINT: SIG_IGN, sa_mask[0]=00000000000000000000000000000000, sa_flags=none
SIGTERM: [libjvm.so+0x91c450], sa_mask[0]=11111111011111111101111111111110, sa_flags=SA_RESTART|SA_SIGINFO
SIGQUIT: [libjvm.so+0x91c450], sa_mask[0]=11111111011111111101111111111110, sa_flags=SA_RESTART|SA_SIGINFO


---------------  S Y S T E M  ---------------

OS:DISTRIB_ID=Ubuntu
DISTRIB_RELEASE=14.04
DISTRIB_CODENAME=trusty
DISTRIB_DESCRIPTION="Ubuntu 14.04.4 LTS"

uname:Linux 3.13.0-66-generic #108-Ubuntu SMP Wed Oct 7 15:20:27 UTC 2015 x86_64
libc:glibc 2.19 NPTL 2.19 
rlimit: STACK 8192k, CORE 0k, NPROC 63301, NOFILE 4096, AS infinity
load average:0.29 0.39 0.51

/proc/meminfo:
MemTotal:        8131928 kB
MemFree:         3195076 kB
Buffers:          521544 kB
Cached:          1789304 kB
SwapCached:            0 kB
Active:          3399260 kB
Inactive:        1013500 kB
Active(anon):    2027188 kB
Inactive(anon):   131876 kB
Active(file):    1372072 kB
Inactive(file):   881624 kB
Unevictable:          32 kB
Mlocked:              32 kB
SwapTotal:       8343548 kB
SwapFree:        8343300 kB
Dirty:               804 kB
Writeback:             0 kB
AnonPages:       2106056 kB
Mapped:           303500 kB
Shmem:             57156 kB
Slab:             306792 kB
SReclaimable:     258712 kB
SUnreclaim:        48080 kB
KernelStack:        5816 kB
PageTables:        35616 kB
NFS_Unstable:          0 kB
Bounce:                0 kB
WritebackTmp:          0 kB
CommitLimit:    12409512 kB
Committed_AS:    5900776 kB
VmallocTotal:   34359738367 kB
VmallocUsed:      120116 kB
VmallocChunk:   34359612924 kB
HardwareCorrupted:     0 kB
AnonHugePages:   1277952 kB
HugePages_Total:       0
HugePages_Free:        0
HugePages_Rsvd:        0
HugePages_Surp:        0
Hugepagesize:       2048 kB
DirectMap4k:      994768 kB
DirectMap2M:     7350272 kB


CPU:total 8 (4 cores per cpu, 2 threads per core) family 6 model 42 stepping 7, cmov, cx8, fxsr, mmx, sse, sse2, sse3, ssse3, sse4.1, sse4.2, popcnt, avx, aes, clmul, ht, tsc, tscinvbit

/proc/cpuinfo:
processor	: 0
vendor_id	: GenuineIntel
cpu family	: 6
model		: 42
model name	: Intel(R) Core(TM) i7-2600 CPU @ 3.40GHz
stepping	: 7
microcode	: 0x14
cpu MHz		: 1600.000
cache size	: 8192 KB
physical id	: 0
siblings	: 8
core id		: 0
cpu cores	: 4
apicid		: 0
initial apicid	: 0
fpu		: yes
fpu_exception	: yes
cpuid level	: 13
wp		: yes
flags		: fpu vme de pse tsc msr pae mce cx8 apic sep mtrr pge mca cmov pat pse36 clflush dts acpi mmx fxsr sse sse2 ss ht tm pbe syscall nx rdtscp lm constant_tsc arch_perfmon pebs bts rep_good nopl xtopology nonstop_tsc aperfmperf eagerfpu pni pclmulqdq dtes64 monitor ds_cpl vmx smx est tm2 ssse3 cx16 xtpr pdcm pcid sse4_1 sse4_2 x2apic popcnt tsc_deadline_timer aes xsave avx lahf_lm ida arat epb xsaveopt pln pts dtherm tpr_shadow vnmi flexpriority ept vpid
bogomips	: 6784.38
clflush size	: 64
cache_alignment	: 64
address sizes	: 36 bits physical, 48 bits virtual
power management:

processor	: 1
vendor_id	: GenuineIntel
cpu family	: 6
model		: 42
model name	: Intel(R) Core(TM) i7-2600 CPU @ 3.40GHz
stepping	: 7
microcode	: 0x14
cpu MHz		: 1600.000
cache size	: 8192 KB
physical id	: 0
siblings	: 8
core id		: 1
cpu cores	: 4
apicid		: 2
initial apicid	: 2
fpu		: yes
fpu_exception	: yes
cpuid level	: 13
wp		: yes
flags		: fpu vme de pse tsc msr pae mce cx8 apic sep mtrr pge mca cmov pat pse36 clflush dts acpi mmx fxsr sse sse2 ss ht tm pbe syscall nx rdtscp lm constant_tsc arch_perfmon pebs bts rep_good nopl xtopology nonstop_tsc aperfmperf eagerfpu pni pclmulqdq dtes64 monitor ds_cpl vmx smx est tm2 ssse3 cx16 xtpr pdcm pcid sse4_1 sse4_2 x2apic popcnt tsc_deadline_timer aes xsave avx lahf_lm ida arat epb xsaveopt pln pts dtherm tpr_shadow vnmi flexpriority ept vpid
bogomips	: 6784.38
clflush size	: 64
cache_alignment	: 64
address sizes	: 36 bits physical, 48 bits virtual
power management:

processor	: 2
vendor_id	: GenuineIntel
cpu family	: 6
model		: 42
model name	: Intel(R) Core(TM) i7-2600 CPU @ 3.40GHz
stepping	: 7
microcode	: 0x14
cpu MHz		: 3000.000
cache size	: 8192 KB
physical id	: 0
siblings	: 8
core id		: 2
cpu cores	: 4
apicid		: 4
initial apicid	: 4
fpu		: yes
fpu_exception	: yes
cpuid level	: 13
wp		: yes
flags		: fpu vme de pse tsc msr pae mce cx8 apic sep mtrr pge mca cmov pat pse36 clflush dts acpi mmx fxsr sse sse2 ss ht tm pbe syscall nx rdtscp lm constant_tsc arch_perfmon pebs bts rep_good nopl xtopology nonstop_tsc aperfmperf eagerfpu pni pclmulqdq dtes64 monitor ds_cpl vmx smx est tm2 ssse3 cx16 xtpr pdcm pcid sse4_1 sse4_2 x2apic popcnt tsc_deadline_timer aes xsave avx lahf_lm ida arat epb xsaveopt pln pts dtherm tpr_shadow vnmi flexpriority ept vpid
bogomips	: 6784.38
clflush size	: 64
cache_alignment	: 64
address sizes	: 36 bits physical, 48 bits virtual
power management:

processor	: 3
vendor_id	: GenuineIntel
cpu family	: 6
model		: 42
model name	: Intel(R) Core(TM) i7-2600 CPU @ 3.40GHz
stepping	: 7
microcode	: 0x14
cpu MHz		: 1600.000
cache size	: 8192 KB
physical id	: 0
siblings	: 8
core id		: 3
cpu cores	: 4
apicid		: 6
initial apicid	: 6
fpu		: yes
fpu_exception	: yes
cpuid level	: 13
wp		: yes
flags		: fpu vme de pse tsc msr pae mce cx8 apic sep mtrr pge mca cmov pat pse36 clflush dts acpi mmx fxsr sse sse2 ss ht tm pbe syscall nx rdtscp lm constant_tsc arch_perfmon pebs bts rep_good nopl xtopology nonstop_tsc aperfmperf eagerfpu pni pclmulqdq dtes64 monitor ds_cpl vmx smx est tm2 ssse3 cx16 xtpr pdcm pcid sse4_1 sse4_2 x2apic popcnt tsc_deadline_timer aes xsave avx lahf_lm ida arat epb xsaveopt pln pts dtherm tpr_shadow vnmi flexpriority ept vpid
bogomips	: 6784.38
clflush size	: 64
cache_alignment	: 64
address sizes	: 36 bits physical, 48 bits virtual
power management:

processor	: 4
vendor_id	: GenuineIntel
cpu family	: 6
model		: 42
model name	: Intel(R) Core(TM) i7-2600 CPU @ 3.40GHz
stepping	: 7
microcode	: 0x14
cpu MHz		: 3401.000
cache size	: 8192 KB
physical id	: 0
siblings	: 8
core id		: 0
cpu cores	: 4
apicid		: 1
initial apicid	: 1
fpu		: yes
fpu_exception	: yes
cpuid level	: 13
wp		: yes
flags		: fpu vme de pse tsc msr pae mce cx8 apic sep mtrr pge mca cmov pat pse36 clflush dts acpi mmx fxsr sse sse2 ss ht tm pbe syscall nx rdtscp lm constant_tsc arch_perfmon pebs bts rep_good nopl xtopology nonstop_tsc aperfmperf eagerfpu pni pclmulqdq dtes64 monitor ds_cpl vmx smx est tm2 ssse3 cx16 xtpr pdcm pcid sse4_1 sse4_2 x2apic popcnt tsc_deadline_timer aes xsave avx lahf_lm ida arat epb xsaveopt pln pts dtherm tpr_shadow vnmi flexpriority ept vpid
bogomips	: 6784.38
clflush size	: 64
cache_alignment	: 64
address sizes	: 36 bits physical, 48 bits virtual
power management:

processor	: 5
vendor_id	: GenuineIntel
cpu family	: 6
model		: 42
model name	: Intel(R) Core(TM) i7-2600 CPU @ 3.40GHz
stepping	: 7
microcode	: 0x14
cpu MHz		: 1600.000
cache size	: 8192 KB
physical id	: 0
siblings	: 8
core id		: 1
cpu cores	: 4
apicid		: 3
initial apicid	: 3
fpu		: yes
fpu_exception	: yes
cpuid level	: 13
wp		: yes
flags		: fpu vme de pse tsc msr pae mce cx8 apic sep mtrr pge mca cmov pat pse36 clflush dts acpi mmx fxsr sse sse2 ss ht tm pbe syscall nx rdtscp lm constant_tsc arch_perfmon pebs bts rep_good nopl xtopology nonstop_tsc aperfmperf eagerfpu pni pclmulqdq dtes64 monitor ds_cpl vmx smx est tm2 ssse3 cx16 xtpr pdcm pcid sse4_1 sse4_2 x2apic popcnt tsc_deadline_timer aes xsave avx lahf_lm ida arat epb xsaveopt pln pts dtherm tpr_shadow vnmi flexpriority ept vpid
bogomips	: 6784.38
clflush size	: 64
cache_alignment	: 64
address sizes	: 36 bits physical, 48 bits virtual
power management:

processor	: 6
vendor_id	: GenuineIntel
cpu family	: 6
model		: 42
model name	: Intel(R) Core(TM) i7-2600 CPU @ 3.40GHz
stepping	: 7
microcode	: 0x14
cpu MHz		: 1600.000
cache size	: 8192 KB
physical id	: 0
siblings	: 8
core id		: 2
cpu cores	: 4
apicid		: 5
initial apicid	: 5
fpu		: yes
fpu_exception	: yes
cpuid level	: 13
wp		: yes
flags		: fpu vme de pse tsc msr pae mce cx8 apic sep mtrr pge mca cmov pat pse36 clflush dts acpi mmx fxsr sse sse2 ss ht tm pbe syscall nx rdtscp lm constant_tsc arch_perfmon pebs bts rep_good nopl xtopology nonstop_tsc aperfmperf eagerfpu pni pclmulqdq dtes64 monitor ds_cpl vmx smx est tm2 ssse3 cx16 xtpr pdcm pcid sse4_1 sse4_2 x2apic popcnt tsc_deadline_timer aes xsave avx lahf_lm ida arat epb xsaveopt pln pts dtherm tpr_shadow vnmi flexpriority ept vpid
bogomips	: 6784.38
clflush size	: 64
cache_alignment	: 64
address sizes	: 36 bits physical, 48 bits virtual
power management:

processor	: 7
vendor_id	: GenuineIntel
cpu family	: 6
model		: 42
model name	: Intel(R) Core(TM) i7-2600 CPU @ 3.40GHz
stepping	: 7
microcode	: 0x14
cpu MHz		: 1600.000
cache size	: 8192 KB
physical id	: 0
siblings	: 8
core id		: 3
cpu cores	: 4
apicid		: 7
initial apicid	: 7
fpu		: yes
fpu_exception	: yes
cpuid level	: 13
wp		: yes
flags		: fpu vme de pse tsc msr pae mce cx8 apic sep mtrr pge mca cmov pat pse36 clflush dts acpi mmx fxsr sse sse2 ss ht tm pbe syscall nx rdtscp lm constant_tsc arch_perfmon pebs bts rep_good nopl xtopology nonstop_tsc aperfmperf eagerfpu pni pclmulqdq dtes64 monitor ds_cpl vmx smx est tm2 ssse3 cx16 xtpr pdcm pcid sse4_1 sse4_2 x2apic popcnt tsc_deadline_timer aes xsave avx lahf_lm ida arat epb xsaveopt pln pts dtherm tpr_shadow vnmi flexpriority ept vpid
bogomips	: 6784.38
clflush size	: 64
cache_alignment	: 64
address sizes	: 36 bits physical, 48 bits virtual
power management:



Memory: 4k page, physical 8131928k(3195076k free), swap 8343548k(8343300k free)

vm_info: Java HotSpot(TM) 64-Bit Server VM (25.91-b14) for linux-amd64 JRE (1.8.0_91-b14), built on Apr  1 2016 00:57:21 by "java_re" with gcc 4.3.0 20080428 (Red Hat 4.3.0-8)

time: Fri Jul 22 15:53:12 2016
elapsed time: 13 seconds (0d 0h 0m 13s)

